
UsersController
  GET #edit
    ログインユーザーの場合
[32m      レスポンスが成功すること[0m
[32m      @userが正しく設定されていること[0m

Bookモデルのテスト
  バリデーションのテスト
    titleカラム
[31m      空欄でないこと (FAILED - 1)[0m
    bodyカラム
[31m      空欄でないこと (FAILED - 2)[0m
[31m      200文字以下であること: 200文字は〇 (FAILED - 3)[0m
[31m      200文字以下であること: 201文字は× (FAILED - 4)[0m
  アソシエーションのテスト
    Userモデルとの関係
[32m      N:1となっている[0m

Userモデルのテスト
  バリデーションのテスト
    nameカラム
[32m      空欄でないこと[0m
[32m      2文字以上であること: 1文字は×[0m
[32m      2文字以上であること: 2文字は〇[0m
[32m      20文字以下であること: 20文字は〇[0m
[31m      20文字以下であること: 21文字は× (FAILED - 5)[0m
[31m      一意性があること (FAILED - 6)[0m
    introductionカラム
[32m      50文字以下であること: 50文字は〇[0m
[31m      50文字以下であること: 51文字は× (FAILED - 7)[0m
  アソシエーションのテスト
    Bookモデルとの関係
[32m      1:Nとなっている[0m

[STEP1] ユーザログイン前のテスト
  トップ画面のテスト
    表示内容の確認
[31m      URLが正しい (FAILED - 8)[0m
[31m      Log inリンクが表示される: 青色のボタンの表示が「Log in」である (FAILED - 9)[0m
[31m      Log inリンクの内容が正しい (FAILED - 10)[0m
[31m      Sign upリンクが表示される: 緑色のボタンの表示が「Sign up」である (FAILED - 11)[0m
[31m      Sign upリンクの内容が正しい (FAILED - 12)[0m
  アバウト画面のテスト
    表示内容の確認
[31m      URLが正しい (FAILED - 13)[0m
  ヘッダーのテスト: ログインしていない場合
    表示内容の確認
[32m      Bookersリンクが表示される: 左上から1番目のリンクが「Bookers」である[0m
[32m      Homeリンクが表示される: 左上から2番目のリンクが「Home」である[0m
[32m      Aboutリンクが表示される: 左上から3番目のリンクが「About」である[0m
[32m      Sign upリンクが表示される: 左上から4番目のリンクが「Sign up」である[0m
[31m      Log inリンクが表示される: 左上から5番目のリンクが「Log in」である (FAILED - 14)[0m
    リンクの内容を確認
[31m      Bookersを押すと、トップ画面に遷移する (FAILED - 15)[0m
[31m      Homeを押すと、トップ画面に遷移する (FAILED - 16)[0m
[31m      Aboutを押すと、アバウト画面に遷移する (FAILED - 17)[0m
[32m      Sign upを押すと、新規登録画面に遷移する[0m
[32m      Log inを押すと、ログイン画面に遷移する[0m
  ユーザ新規登録のテスト
    表示内容の確認
[32m      URLが正しい[0m
[32m      「Sign up」と表示される[0m
[32m      nameフォームが表示される[0m
[32m      emailフォームが表示される[0m
[32m      passwordフォームが表示される[0m
[32m      password_confirmationフォームが表示される[0m
[32m      Sign upボタンが表示される[0m
    新規登録成功のテスト
[32m      正しく新規登録される[0m
[32m      新規登録後のリダイレクト先が、新規登録できたユーザの詳細画面になっている[0m
  ユーザログイン
    表示内容の確認
[32m      URLが正しい[0m
[32m      「Log in」と表示される[0m
[32m      nameフォームが表示される[0m
[32m      passwordフォームが表示される[0m
[32m      Log inボタンが表示される[0m
[32m      emailフォームは表示されない[0m
    ログイン成功のテスト
[32m      ログイン後のリダイレクト先が、ログインしたユーザの詳細画面になっている[0m
    ログイン失敗のテスト
[32m      ログインに失敗し、ログイン画面にリダイレクトされる[0m
  ヘッダーのテスト: ログインしている場合
    ヘッダーの表示を確認
[32m      Bookersリンクが表示される: 左上から1番目のリンクが「Bookers」である[0m
[32m      Homeリンクが表示される: 左上から2番目のリンクが「Home」である[0m
[32m      Usersリンクが表示される: 左上から3番目のリンクが「Users」である[0m
[32m      Booksリンクが表示される: 左上から4番目のリンクが「Books」である[0m
[32m      Log outリンクが表示される: 左上から5番目のリンクが「Log out」である[0m
  ユーザログアウトのテスト
    ログアウト機能のテスト
[32m      正しくログアウトできている: ログアウト後のリダイレクト先においてAbout画面へのリンクが存在する[0m
[31m      ログアウト後のリダイレクト先が、トップになっている (FAILED - 18)[0m

[STEP2] ユーザログイン後のテスト
  ヘッダーのテスト: ログインしている場合
    リンクの内容を確認: ※logoutは『ユーザログアウトのテスト』でテスト済みになります。
[31m      Homeを押すと、自分のユーザ詳細画面に遷移する (FAILED - 19)[0m
[31m      Usersを押すと、ユーザ一覧画面に遷移する (FAILED - 20)[0m
[31m      Booksを押すと、投稿一覧画面に遷移する (FAILED - 21)[0m
  投稿一覧画面のテスト
    表示内容の確認
[31m      URLが正しい (FAILED - 22)[0m
[31m      自分と他人の画像のリンク先が正しい (FAILED - 23)[0m
[31m      自分の投稿と他人の投稿のタイトルのリンク先がそれぞれ正しい (FAILED - 24)[0m
[31m      自分の投稿と他人の投稿のオピニオンが表示される (FAILED - 25)[0m
    サイドバーの確認
[31m      自分の名前と紹介文が表示される (FAILED - 26)[0m
[31m      自分のユーザ編集画面へのリンクが存在する (FAILED - 27)[0m
[31m      「New book」と表示される (FAILED - 28)[0m
[31m      titleフォームが表示される (FAILED - 29)[0m
[31m      titleフォームに値が入っていない (FAILED - 30)[0m
[31m      bodyフォームが表示される (FAILED - 31)[0m
[31m      bodyフォームに値が入っていない (FAILED - 32)[0m
[31m      Create Bookボタンが表示される (FAILED - 33)[0m
    投稿成功のテスト
[31m      自分の新しい投稿が正しく保存される (FAILED - 34)[0m
[31m      リダイレクト先が、保存できた投稿の詳細画面になっている (FAILED - 35)[0m
  自分の投稿詳細画面のテスト
    表示内容の確認
[31m      URLが正しい (FAILED - 36)[0m
[31m      「Book detail」と表示される (FAILED - 37)[0m
[31m      ユーザ画像・名前のリンク先が正しい (FAILED - 38)[0m
[31m      投稿のtitleが表示される (FAILED - 39)[0m
[31m      投稿のbodyが表示される (FAILED - 40)[0m
[31m      投稿の編集リンクが表示される (FAILED - 41)[0m
[31m      投稿の削除リンクが表示される (FAILED - 42)[0m
    サイドバーの確認
[31m      自分の名前と紹介文が表示される (FAILED - 43)[0m
[31m      自分のユーザ編集画面へのリンクが存在する (FAILED - 44)[0m
[31m      「New book」と表示される (FAILED - 45)[0m
[31m      titleフォームが表示される (FAILED - 46)[0m
[31m      titleフォームに値が入っていない (FAILED - 47)[0m
[31m      bodyフォームが表示される (FAILED - 48)[0m
[31m      bodyフォームに値が入っていない (FAILED - 49)[0m
[31m      Create Bookボタンが表示される (FAILED - 50)[0m
    投稿成功のテスト
[31m      自分の新しい投稿が正しく保存される (FAILED - 51)[0m
    編集リンクのテスト
[31m      編集画面に遷移する (FAILED - 52)[0m
    削除リンクのテスト
[31m      application.html.erbにjavascript_pack_tagを含んでいる (FAILED - 53)[0m
[31m      正しく削除される (FAILED - 54)[0m
[31m      リダイレクト先が、投稿一覧画面になっている (FAILED - 55)[0m
  自分の投稿編集画面のテスト
    表示の確認
[31m      URLが正しい (FAILED - 56)[0m
[31m      「Editing Book」と表示される (FAILED - 57)[0m
[31m      title編集フォームが表示される (FAILED - 58)[0m
[31m      body編集フォームが表示される (FAILED - 59)[0m
[31m      Update Bookボタンが表示される (FAILED - 60)[0m
[31m      Showリンクが表示される (FAILED - 61)[0m
[31m      Backリンクが表示される (FAILED - 62)[0m
    編集成功のテスト
[31m      titleが正しく更新される (FAILED - 63)[0m
[31m      bodyが正しく更新される (FAILED - 64)[0m
[31m      リダイレクト先が、更新した投稿の詳細画面になっている (FAILED - 65)[0m
  ユーザ一覧画面のテスト
    表示内容の確認
[31m      URLが正しい (FAILED - 66)[0m
[31m      自分と他人の画像が表示される: fallbackの画像がサイドバーの1つ＋一覧(2人)の2つの計3つ存在する (FAILED - 67)[0m
[31m      自分と他人の名前がそれぞれ表示される (FAILED - 68)[0m
[31m      自分と他人のshowリンクがそれぞれ表示される (FAILED - 69)[0m
    サイドバーの確認
[31m      自分の名前と紹介文が表示される (FAILED - 70)[0m
[31m      自分のユーザ編集画面へのリンクが存在する (FAILED - 71)[0m
[31m      「New book」と表示される (FAILED - 72)[0m
[31m      titleフォームが表示される (FAILED - 73)[0m
[31m      titleフォームに値が入っていない (FAILED - 74)[0m
[31m      bodyフォームが表示される (FAILED - 75)[0m
[31m      bodyフォームに値が入っていない (FAILED - 76)[0m
[31m      Create Bookボタンが表示される (FAILED - 77)[0m
  自分のユーザ詳細画面のテスト
    表示の確認
[31m      URLが正しい (FAILED - 78)[0m
[31m      投稿一覧のユーザ画像のリンク先が正しい (FAILED - 79)[0m
[31m      投稿一覧に自分の投稿のtitleが表示され、リンクが正しい (FAILED - 80)[0m
[31m      投稿一覧に自分の投稿のbodyが表示される (FAILED - 81)[0m
[31m      他人の投稿は表示されない (FAILED - 82)[0m
    サイドバーの確認
[31m      自分の名前と紹介文が表示される (FAILED - 83)[0m
[31m      自分のユーザ編集画面へのリンクが存在する (FAILED - 84)[0m
[31m      「New book」と表示される (FAILED - 85)[0m
[31m      titleフォームが表示される (FAILED - 86)[0m
[31m      titleフォームに値が入っていない (FAILED - 87)[0m
[31m      bodyフォームが表示される (FAILED - 88)[0m
[31m      bodyフォームに値が入っていない (FAILED - 89)[0m
[31m      Create Bookボタンが表示される (FAILED - 90)[0m
  自分のユーザ情報編集画面のテスト
    表示の確認
[31m      URLが正しい (FAILED - 91)[0m
[31m      名前編集フォームに自分の名前が表示される (FAILED - 92)[0m
[31m      画像編集フォームが表示される (FAILED - 93)[0m
[31m      自己紹介編集フォームに自分の自己紹介文が表示される (FAILED - 94)[0m
[31m      Update Userボタンが表示される (FAILED - 95)[0m
    更新成功のテスト
[31m      nameが正しく更新される (FAILED - 96)[0m
[31m      introductionが正しく更新される (FAILED - 97)[0m
[31m      リダイレクト先が、自分のユーザ詳細画面になっている (FAILED - 98)[0m

[STEP3] 仕上げのテスト
  サクセスメッセージのテスト
[31m    ユーザ新規登録成功時 (FAILED - 99)[0m
[31m    ユーザログイン成功時 (FAILED - 100)[0m
[31m    ユーザログアウト成功時 (FAILED - 101)[0m
[31m    ユーザのプロフィール情報更新成功時 (FAILED - 102)[0m
[31m    投稿データの新規投稿成功時: 投稿一覧画面から行います。 (FAILED - 103)[0m
[31m    投稿データの更新成功時 (FAILED - 104)[0m
  処理失敗時のテスト
    ユーザ新規登録失敗: nameを1文字にする
[31m      新規登録されない (FAILED - 105)[0m
[31m      新規登録画面を表示しており、フォームの内容が正しい (FAILED - 106)[0m
[31m      バリデーションエラーが表示される (FAILED - 107)[0m
    ユーザのプロフィール情報編集失敗: nameを1文字にする
[31m      更新されない (FAILED - 108)[0m
[31m      ユーザ編集画面を表示しており、フォームの内容が正しい (FAILED - 109)[0m
[31m      バリデーションエラーが表示される (FAILED - 110)[0m
    投稿データの新規投稿失敗: 投稿一覧画面から行い、titleを空にする
[31m      投稿が保存されない (FAILED - 111)[0m
[31m      投稿一覧画面を表示している (FAILED - 112)[0m
[31m      新規投稿フォームの内容が正しい (FAILED - 113)[0m
[31m      バリデーションエラーが表示される (FAILED - 114)[0m
    投稿データの更新失敗: titleを空にする
[31m      投稿が更新されない (FAILED - 115)[0m
[31m      投稿編集画面を表示しており、フォームの内容が正しい (FAILED - 116)[0m
[31m      エラーメッセージが表示される (FAILED - 117)[0m
  ログインしていない場合のアクセス制限のテスト: アクセスできず、ログイン画面に遷移する
[31m    ユーザ一覧画面 (FAILED - 118)[0m
[31m    ユーザ詳細画面 (FAILED - 119)[0m
[31m    ユーザ情報編集画面 (FAILED - 120)[0m
[31m    投稿一覧画面 (FAILED - 121)[0m
[31m    投稿詳細画面 (FAILED - 122)[0m
[31m    投稿編集画面 (FAILED - 123)[0m
  他人の画面のテスト
    他人の投稿詳細画面のテスト
      表示内容の確認
[31m        URLが正しい (FAILED - 124)[0m
[31m        「Book detail」と表示される (FAILED - 125)[0m
[31m        ユーザ画像・名前のリンク先が正しい (FAILED - 126)[0m
[31m        投稿のtitleが表示される (FAILED - 127)[0m
[31m        投稿のopinionが表示される (FAILED - 128)[0m
[31m        投稿の編集リンクが表示されない (FAILED - 129)[0m
[31m        投稿の削除リンクが表示されない (FAILED - 130)[0m
      サイドバーの確認
[31m        他人の名前と紹介文が表示される (FAILED - 131)[0m
[31m        他人のユーザ編集画面へのリンクが存在する (FAILED - 132)[0m
[31m        自分の名前と紹介文は表示されない (FAILED - 133)[0m
[31m        自分のユーザ編集画面へのリンクは存在しない (FAILED - 134)[0m
    他人の投稿編集画面
[31m      遷移できず、投稿一覧画面にリダイレクトされる (FAILED - 135)[0m
    他人のユーザ詳細画面のテスト
      表示の確認
[31m        URLが正しい (FAILED - 136)[0m
[31m        投稿一覧のユーザ画像のリンク先が正しい (FAILED - 137)[0m
[31m        投稿一覧に他人の投稿のtitleが表示され、リンクが正しい (FAILED - 138)[0m
[31m        投稿一覧に他人の投稿のopinionが表示される (FAILED - 139)[0m
[31m        自分の投稿は表示されない (FAILED - 140)[0m
      サイドバーの確認
[31m        他人の名前と紹介文が表示される (FAILED - 141)[0m
[31m        他人のユーザ編集画面へのリンクが存在する (FAILED - 142)[0m
[31m        自分の名前と紹介文は表示されない (FAILED - 143)[0m
[31m        自分のユーザ編集画面へのリンクは存在しない (FAILED - 144)[0m
    他人のユーザ情報編集画面
[31m      遷移できず、自分のユーザ詳細画面にリダイレクトされる (FAILED - 145)[0m
  グリッドシステムのテスト: container, row, col-md-〇を正しく使えている
[31m    ユーザ一覧画面 (FAILED - 146)[0m
[31m    ユーザ詳細画面 (FAILED - 147)[0m
[31m    投稿一覧画面 (FAILED - 148)[0m
[31m    投稿詳細画面 (FAILED - 149)[0m
  アイコンのテスト
    トップ画面
[31m      本のアイコンが表示される (FAILED - 150)[0m
    アバウト画面
[31m      本のアイコンが表示される (FAILED - 151)[0m
    ヘッダー: ログインしていない場合
[31m      Homeリンクのアイコンが表示される (FAILED - 152)[0m
[31m      Aboutリンクのアイコンが表示される (FAILED - 153)[0m
[31m      Sign upリンクのアイコンが表示される (FAILED - 154)[0m
[31m      Log inリンクのアイコンが表示される (FAILED - 155)[0m
    ヘッダー: ログインしている場合
[31m      Homeリンクのアイコンが表示される (FAILED - 156)[0m
[31m      Usersリンクのアイコンが表示される (FAILED - 157)[0m
[31m      Booksリンクのアイコンが表示される (FAILED - 158)[0m
[31m      Log outリンクのアイコンが表示される (FAILED - 159)[0m
    サイドバー
[31m      ユーザ一覧画面でレンチアイコンが表示される (FAILED - 160)[0m
[31m      ユーザ詳細画面でレンチアイコンが表示される (FAILED - 161)[0m
[31m      投稿一覧画面でレンチアイコンが表示される (FAILED - 162)[0m
[31m      投稿詳細画面でレンチアイコンが表示される (FAILED - 163)[0m

Failures:

  1) Bookモデルのテスト バリデーションのテスト titleカラム 空欄でないこと
     [31mFailure/Error: subject { book.valid? }[0m
     [31m[0m
     [31mNoMethodError:[0m
     [31m  undefined method `book_name' for #<Book id: nil, title: "", body: "qcasqpmscvley4hx335a", user_id: 1, created_at: nil, updated_at: nil>[0m
     [36m# ./spec/models/book_spec.rb:5:in `block (3 levels) in <main>'[0m
     [36m# ./spec/models/book_spec.rb:13:in `block (4 levels) in <main>'[0m

  2) Bookモデルのテスト バリデーションのテスト bodyカラム 空欄でないこと
     [31mFailure/Error: subject { book.valid? }[0m
     [31m[0m
     [31mNoMethodError:[0m
     [31m  undefined method `book_name' for #<Book id: nil, title: "se13z", body: "", user_id: 1, created_at: nil, updated_at: nil>[0m
     [36m# ./spec/models/book_spec.rb:5:in `block (3 levels) in <main>'[0m
     [36m# ./spec/models/book_spec.rb:20:in `block (4 levels) in <main>'[0m

  3) Bookモデルのテスト バリデーションのテスト bodyカラム 200文字以下であること: 200文字は〇
     [31mFailure/Error: subject { book.valid? }[0m
     [31m[0m
     [31mNoMethodError:[0m
     [31m  undefined method `book_name' for #<Book id: nil, title: "mq441", body: "3rr714gxz4i1pc2vaenu377tqd2cee5ehodrg6qa3sob5bqsxe...", user_id: 1, created_at: nil, updated_at: nil>[0m
     [36m# ./spec/models/book_spec.rb:5:in `block (3 levels) in <main>'[0m
     [36m# ./spec/models/book_spec.rb:24:in `block (4 levels) in <main>'[0m

  4) Bookモデルのテスト バリデーションのテスト bodyカラム 200文字以下であること: 201文字は×
     [31mFailure/Error: subject { book.valid? }[0m
     [31m[0m
     [31mNoMethodError:[0m
     [31m  undefined method `book_name' for #<Book id: nil, title: "17oo5", body: "gasab7cjbo6ak1zvei90n8dtdvcfuj3cpe076mznumrkvimz18...", user_id: 1, created_at: nil, updated_at: nil>[0m
     [36m# ./spec/models/book_spec.rb:5:in `block (3 levels) in <main>'[0m
     [36m# ./spec/models/book_spec.rb:28:in `block (4 levels) in <main>'[0m

  5) Userモデルのテスト バリデーションのテスト nameカラム 20文字以下であること: 21文字は×
     [31mFailure/Error: is_expected.to eq false[0m
     [31m[0m
     [31m  expected: false[0m
     [31m       got: true[0m
     [31m[0m
     [31m  (compared using ==)[0m
     [31m[0m
     [31m  Diff:[0m[0m
     [31m  [0m[34m@@ -1 +1 @@[0m
     [31m  [0m[31m-false[0m
     [31m  [0m[32m+true[0m
     [31m  [0m[0m
     [36m# ./spec/models/user_spec.rb:29:in `block (4 levels) in <main>'[0m

  6) Userモデルのテスト バリデーションのテスト nameカラム 一意性があること
     [31mFailure/Error: is_expected.to eq false[0m
     [31m[0m
     [31m  expected: false[0m
     [31m       got: true[0m
     [31m[0m
     [31m  (compared using ==)[0m
     [31m[0m
     [31m  Diff:[0m[0m
     [31m  [0m[34m@@ -1 +1 @@[0m
     [31m  [0m[31m-false[0m
     [31m  [0m[32m+true[0m
     [31m  [0m[0m
     [36m# ./spec/models/user_spec.rb:33:in `block (4 levels) in <main>'[0m

  7) Userモデルのテスト バリデーションのテスト introductionカラム 50文字以下であること: 51文字は×
     [31mFailure/Error: is_expected.to eq false[0m
     [31m[0m
     [31m  expected: false[0m
     [31m       got: true[0m
     [31m[0m
     [31m  (compared using ==)[0m
     [31m[0m
     [31m  Diff:[0m[0m
     [31m  [0m[34m@@ -1 +1 @@[0m
     [31m  [0m[31m-false[0m
     [31m  [0m[32m+true[0m
     [31m  [0m[0m
     [36m# ./spec/models/user_spec.rb:44:in `block (4 levels) in <main>'[0m

  8) [STEP1] ユーザログイン前のテスト トップ画面のテスト 表示内容の確認 URLが正しい
     [31mFailure/Error: expect(current_path).to eq '/'[0m
     [31m[0m
     [31m  expected: "/"[0m
     [31m       got: "/users/sign_in"[0m
     [31m[0m
     [31m  (compared using ==)[0m
     [36m# ./spec/system/01_before_login_spec.rb:11:in `block (4 levels) in <main>'[0m

  9) [STEP1] ユーザログイン前のテスト トップ画面のテスト 表示内容の確認 Log inリンクが表示される: 青色のボタンの表示が「Log in」である
     [31mFailure/Error: expect(log_in_link).to match(/Log in/)[0m
     [31m[0m
     [31m  expected "Sign up" to match /Log in/[0m
     [31m  Diff:[0m[0m
     [31m  [0m[34m@@ -1 +1 @@[0m
     [31m  [0m[31m-/Log in/[0m
     [31m  [0m[32m+"Sign up"[0m
     [31m  [0m[0m
     [36m# ./spec/system/01_before_login_spec.rb:15:in `block (4 levels) in <main>'[0m

  10) [STEP1] ユーザログイン前のテスト トップ画面のテスト 表示内容の確認 Log inリンクの内容が正しい
      [31mFailure/Error: expect(page).to have_link log_in_link, href: new_user_session_path[0m
      [31m  expected to find link "Sign up" with href "/users/sign_in" but there were no matches[0m
      [36m# ./spec/system/01_before_login_spec.rb:19:in `block (4 levels) in <main>'[0m

  11) [STEP1] ユーザログイン前のテスト トップ画面のテスト 表示内容の確認 Sign upリンクが表示される: 緑色のボタンの表示が「Sign up」である
      [31mFailure/Error: expect(sign_up_link).to match(/Sign up/)[0m
      [31m[0m
      [31m  expected "Forgot your password?" to match /Sign up/[0m
      [31m  Diff:[0m[0m
      [31m  [0m[34m@@ -1 +1 @@[0m
      [31m  [0m[31m-/Sign up/[0m
      [31m  [0m[32m+"Forgot your password?"[0m
      [31m  [0m[0m
      [36m# ./spec/system/01_before_login_spec.rb:23:in `block (4 levels) in <main>'[0m

  12) [STEP1] ユーザログイン前のテスト トップ画面のテスト 表示内容の確認 Sign upリンクの内容が正しい
      [31mFailure/Error: expect(page).to have_link sign_up_link, href: new_user_registration_path[0m
      [31m  expected to find link "Forgot your password?" with href "/users/sign_up" but there were no matches[0m
      [36m# ./spec/system/01_before_login_spec.rb:27:in `block (4 levels) in <main>'[0m

  13) [STEP1] ユーザログイン前のテスト アバウト画面のテスト 表示内容の確認 URLが正しい
      [31mFailure/Error: expect(current_path).to eq '/home/about'[0m
      [31m[0m
      [31m  expected: "/home/about"[0m
      [31m       got: "/users/sign_in"[0m
      [31m[0m
      [31m  (compared using ==)[0m
      [36m# ./spec/system/01_before_login_spec.rb:39:in `block (4 levels) in <main>'[0m

  14) [STEP1] ユーザログイン前のテスト ヘッダーのテスト: ログインしていない場合 表示内容の確認 Log inリンクが表示される: 左上から5番目のリンクが「Log in」である
      [31mFailure/Error: expect(login_link).to match(/Log in/)[0m
      [31m[0m
      [31m  expected "Log_in" to match /Log in/[0m
      [31m  Diff:[0m[0m
      [31m  [0m[34m@@ -1 +1 @@[0m
      [31m  [0m[31m-/Log in/[0m
      [31m  [0m[32m+"Log_in"[0m
      [31m  [0m[0m
      [36m# ./spec/system/01_before_login_spec.rb:68:in `block (4 levels) in <main>'[0m

  15) [STEP1] ユーザログイン前のテスト ヘッダーのテスト: ログインしていない場合 リンクの内容を確認 Bookersを押すと、トップ画面に遷移する
      [31mFailure/Error: is_expected.to eq '/'[0m
      [31m[0m
      [31m  expected: "/"[0m
      [31m       got: "/users/sign_in"[0m
      [31m[0m
      [31m  (compared using ==)[0m
      [36m# ./spec/system/01_before_login_spec.rb:80:in `block (4 levels) in <main>'[0m

  16) [STEP1] ユーザログイン前のテスト ヘッダーのテスト: ログインしていない場合 リンクの内容を確認 Homeを押すと、トップ画面に遷移する
      [31mFailure/Error: is_expected.to eq '/'[0m
      [31m[0m
      [31m  expected: "/"[0m
      [31m       got: "/users/sign_in"[0m
      [31m[0m
      [31m  (compared using ==)[0m
      [36m# ./spec/system/01_before_login_spec.rb:87:in `block (4 levels) in <main>'[0m

  17) [STEP1] ユーザログイン前のテスト ヘッダーのテスト: ログインしていない場合 リンクの内容を確認 Aboutを押すと、アバウト画面に遷移する
      [31mFailure/Error: is_expected.to eq '/home/about'[0m
      [31m[0m
      [31m  expected: "/home/about"[0m
      [31m       got: "/users/sign_in"[0m
      [31m[0m
      [31m  (compared using ==)[0m
      [36m# ./spec/system/01_before_login_spec.rb:93:in `block (4 levels) in <main>'[0m

  18) [STEP1] ユーザログイン前のテスト ユーザログアウトのテスト ログアウト機能のテスト ログアウト後のリダイレクト先が、トップになっている
      [31mFailure/Error: expect(current_path).to eq '/'[0m
      [31m[0m
      [31m  expected: "/"[0m
      [31m       got: "/users/sign_in"[0m
      [31m[0m
      [31m  (compared using ==)[0m
      [36m# ./spec/system/01_before_login_spec.rb:262:in `block (4 levels) in <main>'[0m

  19) [STEP2] ユーザログイン後のテスト ヘッダーのテスト: ログインしている場合 リンクの内容を確認: ※logoutは『ユーザログアウトのテスト』でテスト済みになります。 Homeを押すと、自分のユーザ詳細画面に遷移する
      [31mFailure/Error: let!(:book) { create(:book, user: user) }[0m
      [31m[0m
      [31mNoMethodError:[0m
      [31m  undefined method `book_name' for #<Book id: nil, title: "9y8g9", body: "kgyo2kt7iwxey2pnmiax", user_id: 1, created_at: nil, updated_at: nil>[0m
      [36m# /home/ec2-user/.rvm/gems/ruby-3.1.2/gems/factory_bot-6.4.6/lib/factory_bot/evaluation.rb:15:in `create'[0m
      [36m# /home/ec2-user/.rvm/gems/ruby-3.1.2/gems/factory_bot-6.4.6/lib/factory_bot/strategy/create.rb:12:in `block in result'[0m
      [36m# /home/ec2-user/.rvm/gems/ruby-3.1.2/gems/factory_bot-6.4.6/lib/factory_bot/strategy/create.rb:9:in `result'[0m
      [36m# /home/ec2-user/.rvm/gems/ruby-3.1.2/gems/factory_bot-6.4.6/lib/factory_bot/factory.rb:43:in `run'[0m
      [36m# /home/ec2-user/.rvm/gems/ruby-3.1.2/gems/factory_bot-6.4.6/lib/factory_bot/factory_runner.rb:29:in `block in run'[0m
      [36m# /home/ec2-user/.rvm/gems/ruby-3.1.2/gems/factory_bot-6.4.6/lib/factory_bot/factory_runner.rb:28:in `run'[0m
      [36m# /home/ec2-user/.rvm/gems/ruby-3.1.2/gems/factory_bot-6.4.6/lib/factory_bot/strategy_syntax_method_registrar.rb:28:in `block in define_singular_strategy_method'[0m
      [36m# ./spec/system/02_after_login_spec.rb:6:in `block (2 levels) in <main>'[0m

  20) [STEP2] ユーザログイン後のテスト ヘッダーのテスト: ログインしている場合 リンクの内容を確認: ※logoutは『ユーザログアウトのテスト』でテスト済みになります。 Usersを押すと、ユーザ一覧画面に遷移する
      [31mFailure/Error: let!(:book) { create(:book, user: user) }[0m
      [31m[0m
      [31mNoMethodError:[0m
      [31m  undefined method `book_name' for #<Book id: nil, title: "lq8p3", body: "3qjip6uqoginbnipmwj8", user_id: 1, created_at: nil, updated_at: nil>[0m
      [36m# /home/ec2-user/.rvm/gems/ruby-3.1.2/gems/factory_bot-6.4.6/lib/factory_bot/evaluation.rb:15:in `create'[0m
      [36m# /home/ec2-user/.rvm/gems/ruby-3.1.2/gems/factory_bot-6.4.6/lib/factory_bot/strategy/create.rb:12:in `block in result'[0m
      [36m# /home/ec2-user/.rvm/gems/ruby-3.1.2/gems/factory_bot-6.4.6/lib/factory_bot/strategy/create.rb:9:in `result'[0m
      [36m# /home/ec2-user/.rvm/gems/ruby-3.1.2/gems/factory_bot-6.4.6/lib/factory_bot/factory.rb:43:in `run'[0m
      [36m# /home/ec2-user/.rvm/gems/ruby-3.1.2/gems/factory_bot-6.4.6/lib/factory_bot/factory_runner.rb:29:in `block in run'[0m
      [36m# /home/ec2-user/.rvm/gems/ruby-3.1.2/gems/factory_bot-6.4.6/lib/factory_bot/factory_runner.rb:28:in `run'[0m
      [36m# /home/ec2-user/.rvm/gems/ruby-3.1.2/gems/factory_bot-6.4.6/lib/factory_bot/strategy_syntax_method_registrar.rb:28:in `block in define_singular_strategy_method'[0m
      [36m# ./spec/system/02_after_login_spec.rb:6:in `block (2 levels) in <main>'[0m

  21) [STEP2] ユーザログイン後のテスト ヘッダーのテスト: ログインしている場合 リンクの内容を確認: ※logoutは『ユーザログアウトのテスト』でテスト済みになります。 Booksを押すと、投稿一覧画面に遷移する
      [31mFailure/Error: let!(:book) { create(:book, user: user) }[0m
      [31m[0m
      [31mNoMethodError:[0m
      [31m  undefined method `book_name' for #<Book id: nil, title: "9ogub", body: "cmy22bxwnzcfzkjfg6yd", user_id: 1, created_at: nil, updated_at: nil>[0m
      [36m# /home/ec2-user/.rvm/gems/ruby-3.1.2/gems/factory_bot-6.4.6/lib/factory_bot/evaluation.rb:15:in `create'[0m
      [36m# /home/ec2-user/.rvm/gems/ruby-3.1.2/gems/factory_bot-6.4.6/lib/factory_bot/strategy/create.rb:12:in `block in result'[0m
      [36m# /home/ec2-user/.rvm/gems/ruby-3.1.2/gems/factory_bot-6.4.6/lib/factory_bot/strategy/create.rb:9:in `result'[0m
      [36m# /home/ec2-user/.rvm/gems/ruby-3.1.2/gems/factory_bot-6.4.6/lib/factory_bot/factory.rb:43:in `run'[0m
      [36m# /home/ec2-user/.rvm/gems/ruby-3.1.2/gems/factory_bot-6.4.6/lib/factory_bot/factory_runner.rb:29:in `block in run'[0m
      [36m# /home/ec2-user/.rvm/gems/ruby-3.1.2/gems/factory_bot-6.4.6/lib/factory_bot/factory_runner.rb:28:in `run'[0m
      [36m# /home/ec2-user/.rvm/gems/ruby-3.1.2/gems/factory_bot-6.4.6/lib/factory_bot/strategy_syntax_method_registrar.rb:28:in `block in define_singular_strategy_method'[0m
      [36m# ./spec/system/02_after_login_spec.rb:6:in `block (2 levels) in <main>'[0m

  22) [STEP2] ユーザログイン後のテスト 投稿一覧画面のテスト 表示内容の確認 URLが正しい
      [31mFailure/Error: let!(:book) { create(:book, user: user) }[0m
      [31m[0m
      [31mNoMethodError:[0m
      [31m  undefined method `book_name' for #<Book id: nil, title: "mtzt5", body: "jpcos1u1eykb8o29y078", user_id: 1, created_at: nil, updated_at: nil>[0m
      [36m# /home/ec2-user/.rvm/gems/ruby-3.1.2/gems/factory_bot-6.4.6/lib/factory_bot/evaluation.rb:15:in `create'[0m
      [36m# /home/ec2-user/.rvm/gems/ruby-3.1.2/gems/factory_bot-6.4.6/lib/factory_bot/strategy/create.rb:12:in `block in result'[0m
      [36m# /home/ec2-user/.rvm/gems/ruby-3.1.2/gems/factory_bot-6.4.6/lib/factory_bot/strategy/create.rb:9:in `result'[0m
      [36m# /home/ec2-user/.rvm/gems/ruby-3.1.2/gems/factory_bot-6.4.6/lib/factory_bot/factory.rb:43:in `run'[0m
      [36m# /home/ec2-user/.rvm/gems/ruby-3.1.2/gems/factory_bot-6.4.6/lib/factory_bot/factory_runner.rb:29:in `block in run'[0m
      [36m# /home/ec2-user/.rvm/gems/ruby-3.1.2/gems/factory_bot-6.4.6/lib/factory_bot/factory_runner.rb:28:in `run'[0m
      [36m# /home/ec2-user/.rvm/gems/ruby-3.1.2/gems/factory_bot-6.4.6/lib/factory_bot/strategy_syntax_method_registrar.rb:28:in `block in define_singular_strategy_method'[0m
      [36m# ./spec/system/02_after_login_spec.rb:6:in `block (2 levels) in <main>'[0m

  23) [STEP2] ユーザログイン後のテスト 投稿一覧画面のテスト 表示内容の確認 自分と他人の画像のリンク先が正しい
      [31mFailure/Error: let!(:book) { create(:book, user: user) }[0m
      [31m[0m
      [31mNoMethodError:[0m
      [31m  undefined method `book_name' for #<Book id: nil, title: "9hiyp", body: "z751s33mz6wlxb8iy2bn", user_id: 1, created_at: nil, updated_at: nil>[0m
      [36m# /home/ec2-user/.rvm/gems/ruby-3.1.2/gems/factory_bot-6.4.6/lib/factory_bot/evaluation.rb:15:in `create'[0m
      [36m# /home/ec2-user/.rvm/gems/ruby-3.1.2/gems/factory_bot-6.4.6/lib/factory_bot/strategy/create.rb:12:in `block in result'[0m
      [36m# /home/ec2-user/.rvm/gems/ruby-3.1.2/gems/factory_bot-6.4.6/lib/factory_bot/strategy/create.rb:9:in `result'[0m
      [36m# /home/ec2-user/.rvm/gems/ruby-3.1.2/gems/factory_bot-6.4.6/lib/factory_bot/factory.rb:43:in `run'[0m
      [36m# /home/ec2-user/.rvm/gems/ruby-3.1.2/gems/factory_bot-6.4.6/lib/factory_bot/factory_runner.rb:29:in `block in run'[0m
      [36m# /home/ec2-user/.rvm/gems/ruby-3.1.2/gems/factory_bot-6.4.6/lib/factory_bot/factory_runner.rb:28:in `run'[0m
      [36m# /home/ec2-user/.rvm/gems/ruby-3.1.2/gems/factory_bot-6.4.6/lib/factory_bot/strategy_syntax_method_registrar.rb:28:in `block in define_singular_strategy_method'[0m
      [36m# ./spec/system/02_after_login_spec.rb:6:in `block (2 levels) in <main>'[0m

  24) [STEP2] ユーザログイン後のテスト 投稿一覧画面のテスト 表示内容の確認 自分の投稿と他人の投稿のタイトルのリンク先がそれぞれ正しい
      [31mFailure/Error: let!(:book) { create(:book, user: user) }[0m
      [31m[0m
      [31mNoMethodError:[0m
      [31m  undefined method `book_name' for #<Book id: nil, title: "iq72r", body: "bpra5m145w1dwcy9lhbf", user_id: 1, created_at: nil, updated_at: nil>[0m
      [36m# /home/ec2-user/.rvm/gems/ruby-3.1.2/gems/factory_bot-6.4.6/lib/factory_bot/evaluation.rb:15:in `create'[0m
      [36m# /home/ec2-user/.rvm/gems/ruby-3.1.2/gems/factory_bot-6.4.6/lib/factory_bot/strategy/create.rb:12:in `block in result'[0m
      [36m# /home/ec2-user/.rvm/gems/ruby-3.1.2/gems/factory_bot-6.4.6/lib/factory_bot/strategy/create.rb:9:in `result'[0m
      [36m# /home/ec2-user/.rvm/gems/ruby-3.1.2/gems/factory_bot-6.4.6/lib/factory_bot/factory.rb:43:in `run'[0m
      [36m# /home/ec2-user/.rvm/gems/ruby-3.1.2/gems/factory_bot-6.4.6/lib/factory_bot/factory_runner.rb:29:in `block in run'[0m
      [36m# /home/ec2-user/.rvm/gems/ruby-3.1.2/gems/factory_bot-6.4.6/lib/factory_bot/factory_runner.rb:28:in `run'[0m
      [36m# /home/ec2-user/.rvm/gems/ruby-3.1.2/gems/factory_bot-6.4.6/lib/factory_bot/strategy_syntax_method_registrar.rb:28:in `block in define_singular_strategy_method'[0m
      [36m# ./spec/system/02_after_login_spec.rb:6:in `block (2 levels) in <main>'[0m

  25) [STEP2] ユーザログイン後のテスト 投稿一覧画面のテスト 表示内容の確認 自分の投稿と他人の投稿のオピニオンが表示される
      [31mFailure/Error: let!(:book) { create(:book, user: user) }[0m
      [31m[0m
      [31mNoMethodError:[0m
      [31m  undefined method `book_name' for #<Book id: nil, title: "66h1d", body: "sszp8rpczr6pp2c2vaqw", user_id: 1, created_at: nil, updated_at: nil>[0m
      [36m# /home/ec2-user/.rvm/gems/ruby-3.1.2/gems/factory_bot-6.4.6/lib/factory_bot/evaluation.rb:15:in `create'[0m
      [36m# /home/ec2-user/.rvm/gems/ruby-3.1.2/gems/factory_bot-6.4.6/lib/factory_bot/strategy/create.rb:12:in `block in result'[0m
      [36m# /home/ec2-user/.rvm/gems/ruby-3.1.2/gems/factory_bot-6.4.6/lib/factory_bot/strategy/create.rb:9:in `result'[0m
      [36m# /home/ec2-user/.rvm/gems/ruby-3.1.2/gems/factory_bot-6.4.6/lib/factory_bot/factory.rb:43:in `run'[0m
      [36m# /home/ec2-user/.rvm/gems/ruby-3.1.2/gems/factory_bot-6.4.6/lib/factory_bot/factory_runner.rb:29:in `block in run'[0m
      [36m# /home/ec2-user/.rvm/gems/ruby-3.1.2/gems/factory_bot-6.4.6/lib/factory_bot/factory_runner.rb:28:in `run'[0m
      [36m# /home/ec2-user/.rvm/gems/ruby-3.1.2/gems/factory_bot-6.4.6/lib/factory_bot/strategy_syntax_method_registrar.rb:28:in `block in define_singular_strategy_method'[0m
      [36m# ./spec/system/02_after_login_spec.rb:6:in `block (2 levels) in <main>'[0m

  26) [STEP2] ユーザログイン後のテスト 投稿一覧画面のテスト サイドバーの確認 自分の名前と紹介文が表示される
      [31mFailure/Error: let!(:book) { create(:book, user: user) }[0m
      [31m[0m
      [31mNoMethodError:[0m
      [31m  undefined method `book_name' for #<Book id: nil, title: "mbpo7", body: "c6un5nh9f8v7ov3xp5m8", user_id: 1, created_at: nil, updated_at: nil>[0m
      [36m# /home/ec2-user/.rvm/gems/ruby-3.1.2/gems/factory_bot-6.4.6/lib/factory_bot/evaluation.rb:15:in `create'[0m
      [36m# /home/ec2-user/.rvm/gems/ruby-3.1.2/gems/factory_bot-6.4.6/lib/factory_bot/strategy/create.rb:12:in `block in result'[0m
      [36m# /home/ec2-user/.rvm/gems/ruby-3.1.2/gems/factory_bot-6.4.6/lib/factory_bot/strategy/create.rb:9:in `result'[0m
      [36m# /home/ec2-user/.rvm/gems/ruby-3.1.2/gems/factory_bot-6.4.6/lib/factory_bot/factory.rb:43:in `run'[0m
      [36m# /home/ec2-user/.rvm/gems/ruby-3.1.2/gems/factory_bot-6.4.6/lib/factory_bot/factory_runner.rb:29:in `block in run'[0m
      [36m# /home/ec2-user/.rvm/gems/ruby-3.1.2/gems/factory_bot-6.4.6/lib/factory_bot/factory_runner.rb:28:in `run'[0m
      [36m# /home/ec2-user/.rvm/gems/ruby-3.1.2/gems/factory_bot-6.4.6/lib/factory_bot/strategy_syntax_method_registrar.rb:28:in `block in define_singular_strategy_method'[0m
      [36m# ./spec/system/02_after_login_spec.rb:6:in `block (2 levels) in <main>'[0m

  27) [STEP2] ユーザログイン後のテスト 投稿一覧画面のテスト サイドバーの確認 自分のユーザ編集画面へのリンクが存在する
      [31mFailure/Error: let!(:book) { create(:book, user: user) }[0m
      [31m[0m
      [31mNoMethodError:[0m
      [31m  undefined method `book_name' for #<Book id: nil, title: "2zv82", body: "jgrigzcjfdwn7npaedpq", user_id: 1, created_at: nil, updated_at: nil>[0m
      [36m# /home/ec2-user/.rvm/gems/ruby-3.1.2/gems/factory_bot-6.4.6/lib/factory_bot/evaluation.rb:15:in `create'[0m
      [36m# /home/ec2-user/.rvm/gems/ruby-3.1.2/gems/factory_bot-6.4.6/lib/factory_bot/strategy/create.rb:12:in `block in result'[0m
      [36m# /home/ec2-user/.rvm/gems/ruby-3.1.2/gems/factory_bot-6.4.6/lib/factory_bot/strategy/create.rb:9:in `result'[0m
      [36m# /home/ec2-user/.rvm/gems/ruby-3.1.2/gems/factory_bot-6.4.6/lib/factory_bot/factory.rb:43:in `run'[0m
      [36m# /home/ec2-user/.rvm/gems/ruby-3.1.2/gems/factory_bot-6.4.6/lib/factory_bot/factory_runner.rb:29:in `block in run'[0m
      [36m# /home/ec2-user/.rvm/gems/ruby-3.1.2/gems/factory_bot-6.4.6/lib/factory_bot/factory_runner.rb:28:in `run'[0m
      [36m# /home/ec2-user/.rvm/gems/ruby-3.1.2/gems/factory_bot-6.4.6/lib/factory_bot/strategy_syntax_method_registrar.rb:28:in `block in define_singular_strategy_method'[0m
      [36m# ./spec/system/02_after_login_spec.rb:6:in `block (2 levels) in <main>'[0m

  28) [STEP2] ユーザログイン後のテスト 投稿一覧画面のテスト サイドバーの確認 「New book」と表示される
      [31mFailure/Error: let!(:book) { create(:book, user: user) }[0m
      [31m[0m
      [31mNoMethodError:[0m
      [31m  undefined method `book_name' for #<Book id: nil, title: "8zh16", body: "93irhtca6hpmx449e54m", user_id: 1, created_at: nil, updated_at: nil>[0m
      [36m# /home/ec2-user/.rvm/gems/ruby-3.1.2/gems/factory_bot-6.4.6/lib/factory_bot/evaluation.rb:15:in `create'[0m
      [36m# /home/ec2-user/.rvm/gems/ruby-3.1.2/gems/factory_bot-6.4.6/lib/factory_bot/strategy/create.rb:12:in `block in result'[0m
      [36m# /home/ec2-user/.rvm/gems/ruby-3.1.2/gems/factory_bot-6.4.6/lib/factory_bot/strategy/create.rb:9:in `result'[0m
      [36m# /home/ec2-user/.rvm/gems/ruby-3.1.2/gems/factory_bot-6.4.6/lib/factory_bot/factory.rb:43:in `run'[0m
      [36m# /home/ec2-user/.rvm/gems/ruby-3.1.2/gems/factory_bot-6.4.6/lib/factory_bot/factory_runner.rb:29:in `block in run'[0m
      [36m# /home/ec2-user/.rvm/gems/ruby-3.1.2/gems/factory_bot-6.4.6/lib/factory_bot/factory_runner.rb:28:in `run'[0m
      [36m# /home/ec2-user/.rvm/gems/ruby-3.1.2/gems/factory_bot-6.4.6/lib/factory_bot/strategy_syntax_method_registrar.rb:28:in `block in define_singular_strategy_method'[0m
      [36m# ./spec/system/02_after_login_spec.rb:6:in `block (2 levels) in <main>'[0m

  29) [STEP2] ユーザログイン後のテスト 投稿一覧画面のテスト サイドバーの確認 titleフォームが表示される
      [31mFailure/Error: let!(:book) { create(:book, user: user) }[0m
      [31m[0m
      [31mNoMethodError:[0m
      [31m  undefined method `book_name' for #<Book id: nil, title: "oh07u", body: "hn8lgh58aarmm8ry0bms", user_id: 1, created_at: nil, updated_at: nil>[0m
      [36m# /home/ec2-user/.rvm/gems/ruby-3.1.2/gems/factory_bot-6.4.6/lib/factory_bot/evaluation.rb:15:in `create'[0m
      [36m# /home/ec2-user/.rvm/gems/ruby-3.1.2/gems/factory_bot-6.4.6/lib/factory_bot/strategy/create.rb:12:in `block in result'[0m
      [36m# /home/ec2-user/.rvm/gems/ruby-3.1.2/gems/factory_bot-6.4.6/lib/factory_bot/strategy/create.rb:9:in `result'[0m
      [36m# /home/ec2-user/.rvm/gems/ruby-3.1.2/gems/factory_bot-6.4.6/lib/factory_bot/factory.rb:43:in `run'[0m
      [36m# /home/ec2-user/.rvm/gems/ruby-3.1.2/gems/factory_bot-6.4.6/lib/factory_bot/factory_runner.rb:29:in `block in run'[0m
      [36m# /home/ec2-user/.rvm/gems/ruby-3.1.2/gems/factory_bot-6.4.6/lib/factory_bot/factory_runner.rb:28:in `run'[0m
      [36m# /home/ec2-user/.rvm/gems/ruby-3.1.2/gems/factory_bot-6.4.6/lib/factory_bot/strategy_syntax_method_registrar.rb:28:in `block in define_singular_strategy_method'[0m
      [36m# ./spec/system/02_after_login_spec.rb:6:in `block (2 levels) in <main>'[0m

  30) [STEP2] ユーザログイン後のテスト 投稿一覧画面のテスト サイドバーの確認 titleフォームに値が入っていない
      [31mFailure/Error: let!(:book) { create(:book, user: user) }[0m
      [31m[0m
      [31mNoMethodError:[0m
      [31m  undefined method `book_name' for #<Book id: nil, title: "hrpf2", body: "nj265oqytsootzlsigr3", user_id: 1, created_at: nil, updated_at: nil>[0m
      [36m# /home/ec2-user/.rvm/gems/ruby-3.1.2/gems/factory_bot-6.4.6/lib/factory_bot/evaluation.rb:15:in `create'[0m
      [36m# /home/ec2-user/.rvm/gems/ruby-3.1.2/gems/factory_bot-6.4.6/lib/factory_bot/strategy/create.rb:12:in `block in result'[0m
      [36m# /home/ec2-user/.rvm/gems/ruby-3.1.2/gems/factory_bot-6.4.6/lib/factory_bot/strategy/create.rb:9:in `result'[0m
      [36m# /home/ec2-user/.rvm/gems/ruby-3.1.2/gems/factory_bot-6.4.6/lib/factory_bot/factory.rb:43:in `run'[0m
      [36m# /home/ec2-user/.rvm/gems/ruby-3.1.2/gems/factory_bot-6.4.6/lib/factory_bot/factory_runner.rb:29:in `block in run'[0m
      [36m# /home/ec2-user/.rvm/gems/ruby-3.1.2/gems/factory_bot-6.4.6/lib/factory_bot/factory_runner.rb:28:in `run'[0m
      [36m# /home/ec2-user/.rvm/gems/ruby-3.1.2/gems/factory_bot-6.4.6/lib/factory_bot/strategy_syntax_method_registrar.rb:28:in `block in define_singular_strategy_method'[0m
      [36m# ./spec/system/02_after_login_spec.rb:6:in `block (2 levels) in <main>'[0m

  31) [STEP2] ユーザログイン後のテスト 投稿一覧画面のテスト サイドバーの確認 bodyフォームが表示される
      [31mFailure/Error: let!(:book) { create(:book, user: user) }[0m
      [31m[0m
      [31mNoMethodError:[0m
      [31m  undefined method `book_name' for #<Book id: nil, title: "wzfey", body: "05uu3zqmo2khl99hocxg", user_id: 1, created_at: nil, updated_at: nil>[0m
      [36m# /home/ec2-user/.rvm/gems/ruby-3.1.2/gems/factory_bot-6.4.6/lib/factory_bot/evaluation.rb:15:in `create'[0m
      [36m# /home/ec2-user/.rvm/gems/ruby-3.1.2/gems/factory_bot-6.4.6/lib/factory_bot/strategy/create.rb:12:in `block in result'[0m
      [36m# /home/ec2-user/.rvm/gems/ruby-3.1.2/gems/factory_bot-6.4.6/lib/factory_bot/strategy/create.rb:9:in `result'[0m
      [36m# /home/ec2-user/.rvm/gems/ruby-3.1.2/gems/factory_bot-6.4.6/lib/factory_bot/factory.rb:43:in `run'[0m
      [36m# /home/ec2-user/.rvm/gems/ruby-3.1.2/gems/factory_bot-6.4.6/lib/factory_bot/factory_runner.rb:29:in `block in run'[0m
      [36m# /home/ec2-user/.rvm/gems/ruby-3.1.2/gems/factory_bot-6.4.6/lib/factory_bot/factory_runner.rb:28:in `run'[0m
      [36m# /home/ec2-user/.rvm/gems/ruby-3.1.2/gems/factory_bot-6.4.6/lib/factory_bot/strategy_syntax_method_registrar.rb:28:in `block in define_singular_strategy_method'[0m
      [36m# ./spec/system/02_after_login_spec.rb:6:in `block (2 levels) in <main>'[0m

  32) [STEP2] ユーザログイン後のテスト 投稿一覧画面のテスト サイドバーの確認 bodyフォームに値が入っていない
      [31mFailure/Error: let!(:book) { create(:book, user: user) }[0m
      [31m[0m
      [31mNoMethodError:[0m
      [31m  undefined method `book_name' for #<Book id: nil, title: "43fyd", body: "hll7jhqimxqrn1fv06a4", user_id: 1, created_at: nil, updated_at: nil>[0m
      [36m# /home/ec2-user/.rvm/gems/ruby-3.1.2/gems/factory_bot-6.4.6/lib/factory_bot/evaluation.rb:15:in `create'[0m
      [36m# /home/ec2-user/.rvm/gems/ruby-3.1.2/gems/factory_bot-6.4.6/lib/factory_bot/strategy/create.rb:12:in `block in result'[0m
      [36m# /home/ec2-user/.rvm/gems/ruby-3.1.2/gems/factory_bot-6.4.6/lib/factory_bot/strategy/create.rb:9:in `result'[0m
      [36m# /home/ec2-user/.rvm/gems/ruby-3.1.2/gems/factory_bot-6.4.6/lib/factory_bot/factory.rb:43:in `run'[0m
      [36m# /home/ec2-user/.rvm/gems/ruby-3.1.2/gems/factory_bot-6.4.6/lib/factory_bot/factory_runner.rb:29:in `block in run'[0m
      [36m# /home/ec2-user/.rvm/gems/ruby-3.1.2/gems/factory_bot-6.4.6/lib/factory_bot/factory_runner.rb:28:in `run'[0m
      [36m# /home/ec2-user/.rvm/gems/ruby-3.1.2/gems/factory_bot-6.4.6/lib/factory_bot/strategy_syntax_method_registrar.rb:28:in `block in define_singular_strategy_method'[0m
      [36m# ./spec/system/02_after_login_spec.rb:6:in `block (2 levels) in <main>'[0m

  33) [STEP2] ユーザログイン後のテスト 投稿一覧画面のテスト サイドバーの確認 Create Bookボタンが表示される
      [31mFailure/Error: let!(:book) { create(:book, user: user) }[0m
      [31m[0m
      [31mNoMethodError:[0m
      [31m  undefined method `book_name' for #<Book id: nil, title: "mq8au", body: "nqy79524es3mprq610gc", user_id: 1, created_at: nil, updated_at: nil>[0m
      [36m# /home/ec2-user/.rvm/gems/ruby-3.1.2/gems/factory_bot-6.4.6/lib/factory_bot/evaluation.rb:15:in `create'[0m
      [36m# /home/ec2-user/.rvm/gems/ruby-3.1.2/gems/factory_bot-6.4.6/lib/factory_bot/strategy/create.rb:12:in `block in result'[0m
      [36m# /home/ec2-user/.rvm/gems/ruby-3.1.2/gems/factory_bot-6.4.6/lib/factory_bot/strategy/create.rb:9:in `result'[0m
      [36m# /home/ec2-user/.rvm/gems/ruby-3.1.2/gems/factory_bot-6.4.6/lib/factory_bot/factory.rb:43:in `run'[0m
      [36m# /home/ec2-user/.rvm/gems/ruby-3.1.2/gems/factory_bot-6.4.6/lib/factory_bot/factory_runner.rb:29:in `block in run'[0m
      [36m# /home/ec2-user/.rvm/gems/ruby-3.1.2/gems/factory_bot-6.4.6/lib/factory_bot/factory_runner.rb:28:in `run'[0m
      [36m# /home/ec2-user/.rvm/gems/ruby-3.1.2/gems/factory_bot-6.4.6/lib/factory_bot/strategy_syntax_method_registrar.rb:28:in `block in define_singular_strategy_method'[0m
      [36m# ./spec/system/02_after_login_spec.rb:6:in `block (2 levels) in <main>'[0m

  34) [STEP2] ユーザログイン後のテスト 投稿一覧画面のテスト 投稿成功のテスト 自分の新しい投稿が正しく保存される
      [31mFailure/Error: let!(:book) { create(:book, user: user) }[0m
      [31m[0m
      [31mNoMethodError:[0m
      [31m  undefined method `book_name' for #<Book id: nil, title: "2ahy7", body: "cvqj8whz1zqkemyp4a1f", user_id: 1, created_at: nil, updated_at: nil>[0m
      [36m# /home/ec2-user/.rvm/gems/ruby-3.1.2/gems/factory_bot-6.4.6/lib/factory_bot/evaluation.rb:15:in `create'[0m
      [36m# /home/ec2-user/.rvm/gems/ruby-3.1.2/gems/factory_bot-6.4.6/lib/factory_bot/strategy/create.rb:12:in `block in result'[0m
      [36m# /home/ec2-user/.rvm/gems/ruby-3.1.2/gems/factory_bot-6.4.6/lib/factory_bot/strategy/create.rb:9:in `result'[0m
      [36m# /home/ec2-user/.rvm/gems/ruby-3.1.2/gems/factory_bot-6.4.6/lib/factory_bot/factory.rb:43:in `run'[0m
      [36m# /home/ec2-user/.rvm/gems/ruby-3.1.2/gems/factory_bot-6.4.6/lib/factory_bot/factory_runner.rb:29:in `block in run'[0m
      [36m# /home/ec2-user/.rvm/gems/ruby-3.1.2/gems/factory_bot-6.4.6/lib/factory_bot/factory_runner.rb:28:in `run'[0m
      [36m# /home/ec2-user/.rvm/gems/ruby-3.1.2/gems/factory_bot-6.4.6/lib/factory_bot/strategy_syntax_method_registrar.rb:28:in `block in define_singular_strategy_method'[0m
      [36m# ./spec/system/02_after_login_spec.rb:6:in `block (2 levels) in <main>'[0m

  35) [STEP2] ユーザログイン後のテスト 投稿一覧画面のテスト 投稿成功のテスト リダイレクト先が、保存できた投稿の詳細画面になっている
      [31mFailure/Error: let!(:book) { create(:book, user: user) }[0m
      [31m[0m
      [31mNoMethodError:[0m
      [31m  undefined method `book_name' for #<Book id: nil, title: "vczcd", body: "obd8ghmi33lc5rg3g9rl", user_id: 1, created_at: nil, updated_at: nil>[0m
      [36m# /home/ec2-user/.rvm/gems/ruby-3.1.2/gems/factory_bot-6.4.6/lib/factory_bot/evaluation.rb:15:in `create'[0m
      [36m# /home/ec2-user/.rvm/gems/ruby-3.1.2/gems/factory_bot-6.4.6/lib/factory_bot/strategy/create.rb:12:in `block in result'[0m
      [36m# /home/ec2-user/.rvm/gems/ruby-3.1.2/gems/factory_bot-6.4.6/lib/factory_bot/strategy/create.rb:9:in `result'[0m
      [36m# /home/ec2-user/.rvm/gems/ruby-3.1.2/gems/factory_bot-6.4.6/lib/factory_bot/factory.rb:43:in `run'[0m
      [36m# /home/ec2-user/.rvm/gems/ruby-3.1.2/gems/factory_bot-6.4.6/lib/factory_bot/factory_runner.rb:29:in `block in run'[0m
      [36m# /home/ec2-user/.rvm/gems/ruby-3.1.2/gems/factory_bot-6.4.6/lib/factory_bot/factory_runner.rb:28:in `run'[0m
      [36m# /home/ec2-user/.rvm/gems/ruby-3.1.2/gems/factory_bot-6.4.6/lib/factory_bot/strategy_syntax_method_registrar.rb:28:in `block in define_singular_strategy_method'[0m
      [36m# ./spec/system/02_after_login_spec.rb:6:in `block (2 levels) in <main>'[0m

  36) [STEP2] ユーザログイン後のテスト 自分の投稿詳細画面のテスト 表示内容の確認 URLが正しい
      [31mFailure/Error: let!(:book) { create(:book, user: user) }[0m
      [31m[0m
      [31mNoMethodError:[0m
      [31m  undefined method `book_name' for #<Book id: nil, title: "uw5vh", body: "c2u4o3nfa1txge8bf4my", user_id: 1, created_at: nil, updated_at: nil>[0m
      [36m# /home/ec2-user/.rvm/gems/ruby-3.1.2/gems/factory_bot-6.4.6/lib/factory_bot/evaluation.rb:15:in `create'[0m
      [36m# /home/ec2-user/.rvm/gems/ruby-3.1.2/gems/factory_bot-6.4.6/lib/factory_bot/strategy/create.rb:12:in `block in result'[0m
      [36m# /home/ec2-user/.rvm/gems/ruby-3.1.2/gems/factory_bot-6.4.6/lib/factory_bot/strategy/create.rb:9:in `result'[0m
      [36m# /home/ec2-user/.rvm/gems/ruby-3.1.2/gems/factory_bot-6.4.6/lib/factory_bot/factory.rb:43:in `run'[0m
      [36m# /home/ec2-user/.rvm/gems/ruby-3.1.2/gems/factory_bot-6.4.6/lib/factory_bot/factory_runner.rb:29:in `block in run'[0m
      [36m# /home/ec2-user/.rvm/gems/ruby-3.1.2/gems/factory_bot-6.4.6/lib/factory_bot/factory_runner.rb:28:in `run'[0m
      [36m# /home/ec2-user/.rvm/gems/ruby-3.1.2/gems/factory_bot-6.4.6/lib/factory_bot/strategy_syntax_method_registrar.rb:28:in `block in define_singular_strategy_method'[0m
      [36m# ./spec/system/02_after_login_spec.rb:6:in `block (2 levels) in <main>'[0m

  37) [STEP2] ユーザログイン後のテスト 自分の投稿詳細画面のテスト 表示内容の確認 「Book detail」と表示される
      [31mFailure/Error: let!(:book) { create(:book, user: user) }[0m
      [31m[0m
      [31mNoMethodError:[0m
      [31m  undefined method `book_name' for #<Book id: nil, title: "6wa4s", body: "c9mo5rtl8ig1p1plmuf4", user_id: 1, created_at: nil, updated_at: nil>[0m
      [36m# /home/ec2-user/.rvm/gems/ruby-3.1.2/gems/factory_bot-6.4.6/lib/factory_bot/evaluation.rb:15:in `create'[0m
      [36m# /home/ec2-user/.rvm/gems/ruby-3.1.2/gems/factory_bot-6.4.6/lib/factory_bot/strategy/create.rb:12:in `block in result'[0m
      [36m# /home/ec2-user/.rvm/gems/ruby-3.1.2/gems/factory_bot-6.4.6/lib/factory_bot/strategy/create.rb:9:in `result'[0m
      [36m# /home/ec2-user/.rvm/gems/ruby-3.1.2/gems/factory_bot-6.4.6/lib/factory_bot/factory.rb:43:in `run'[0m
      [36m# /home/ec2-user/.rvm/gems/ruby-3.1.2/gems/factory_bot-6.4.6/lib/factory_bot/factory_runner.rb:29:in `block in run'[0m
      [36m# /home/ec2-user/.rvm/gems/ruby-3.1.2/gems/factory_bot-6.4.6/lib/factory_bot/factory_runner.rb:28:in `run'[0m
      [36m# /home/ec2-user/.rvm/gems/ruby-3.1.2/gems/factory_bot-6.4.6/lib/factory_bot/strategy_syntax_method_registrar.rb:28:in `block in define_singular_strategy_method'[0m
      [36m# ./spec/system/02_after_login_spec.rb:6:in `block (2 levels) in <main>'[0m

  38) [STEP2] ユーザログイン後のテスト 自分の投稿詳細画面のテスト 表示内容の確認 ユーザ画像・名前のリンク先が正しい
      [31mFailure/Error: let!(:book) { create(:book, user: user) }[0m
      [31m[0m
      [31mNoMethodError:[0m
      [31m  undefined method `book_name' for #<Book id: nil, title: "vpvv1", body: "kn8ir9uthv6qdshp5si8", user_id: 1, created_at: nil, updated_at: nil>[0m
      [36m# /home/ec2-user/.rvm/gems/ruby-3.1.2/gems/factory_bot-6.4.6/lib/factory_bot/evaluation.rb:15:in `create'[0m
      [36m# /home/ec2-user/.rvm/gems/ruby-3.1.2/gems/factory_bot-6.4.6/lib/factory_bot/strategy/create.rb:12:in `block in result'[0m
      [36m# /home/ec2-user/.rvm/gems/ruby-3.1.2/gems/factory_bot-6.4.6/lib/factory_bot/strategy/create.rb:9:in `result'[0m
      [36m# /home/ec2-user/.rvm/gems/ruby-3.1.2/gems/factory_bot-6.4.6/lib/factory_bot/factory.rb:43:in `run'[0m
      [36m# /home/ec2-user/.rvm/gems/ruby-3.1.2/gems/factory_bot-6.4.6/lib/factory_bot/factory_runner.rb:29:in `block in run'[0m
      [36m# /home/ec2-user/.rvm/gems/ruby-3.1.2/gems/factory_bot-6.4.6/lib/factory_bot/factory_runner.rb:28:in `run'[0m
      [36m# /home/ec2-user/.rvm/gems/ruby-3.1.2/gems/factory_bot-6.4.6/lib/factory_bot/strategy_syntax_method_registrar.rb:28:in `block in define_singular_strategy_method'[0m
      [36m# ./spec/system/02_after_login_spec.rb:6:in `block (2 levels) in <main>'[0m

  39) [STEP2] ユーザログイン後のテスト 自分の投稿詳細画面のテスト 表示内容の確認 投稿のtitleが表示される
      [31mFailure/Error: let!(:book) { create(:book, user: user) }[0m
      [31m[0m
      [31mNoMethodError:[0m
      [31m  undefined method `book_name' for #<Book id: nil, title: "k1qhz", body: "sd0o1ujopsobq5x43wvc", user_id: 1, created_at: nil, updated_at: nil>[0m
      [36m# /home/ec2-user/.rvm/gems/ruby-3.1.2/gems/factory_bot-6.4.6/lib/factory_bot/evaluation.rb:15:in `create'[0m
      [36m# /home/ec2-user/.rvm/gems/ruby-3.1.2/gems/factory_bot-6.4.6/lib/factory_bot/strategy/create.rb:12:in `block in result'[0m
      [36m# /home/ec2-user/.rvm/gems/ruby-3.1.2/gems/factory_bot-6.4.6/lib/factory_bot/strategy/create.rb:9:in `result'[0m
      [36m# /home/ec2-user/.rvm/gems/ruby-3.1.2/gems/factory_bot-6.4.6/lib/factory_bot/factory.rb:43:in `run'[0m
      [36m# /home/ec2-user/.rvm/gems/ruby-3.1.2/gems/factory_bot-6.4.6/lib/factory_bot/factory_runner.rb:29:in `block in run'[0m
      [36m# /home/ec2-user/.rvm/gems/ruby-3.1.2/gems/factory_bot-6.4.6/lib/factory_bot/factory_runner.rb:28:in `run'[0m
      [36m# /home/ec2-user/.rvm/gems/ruby-3.1.2/gems/factory_bot-6.4.6/lib/factory_bot/strategy_syntax_method_registrar.rb:28:in `block in define_singular_strategy_method'[0m
      [36m# ./spec/system/02_after_login_spec.rb:6:in `block (2 levels) in <main>'[0m

  40) [STEP2] ユーザログイン後のテスト 自分の投稿詳細画面のテスト 表示内容の確認 投稿のbodyが表示される
      [31mFailure/Error: let!(:book) { create(:book, user: user) }[0m
      [31m[0m
      [31mNoMethodError:[0m
      [31m  undefined method `book_name' for #<Book id: nil, title: "s39rr", body: "jepsx576gqe79kjj9nah", user_id: 1, created_at: nil, updated_at: nil>[0m
      [36m# /home/ec2-user/.rvm/gems/ruby-3.1.2/gems/factory_bot-6.4.6/lib/factory_bot/evaluation.rb:15:in `create'[0m
      [36m# /home/ec2-user/.rvm/gems/ruby-3.1.2/gems/factory_bot-6.4.6/lib/factory_bot/strategy/create.rb:12:in `block in result'[0m
      [36m# /home/ec2-user/.rvm/gems/ruby-3.1.2/gems/factory_bot-6.4.6/lib/factory_bot/strategy/create.rb:9:in `result'[0m
      [36m# /home/ec2-user/.rvm/gems/ruby-3.1.2/gems/factory_bot-6.4.6/lib/factory_bot/factory.rb:43:in `run'[0m
      [36m# /home/ec2-user/.rvm/gems/ruby-3.1.2/gems/factory_bot-6.4.6/lib/factory_bot/factory_runner.rb:29:in `block in run'[0m
      [36m# /home/ec2-user/.rvm/gems/ruby-3.1.2/gems/factory_bot-6.4.6/lib/factory_bot/factory_runner.rb:28:in `run'[0m
      [36m# /home/ec2-user/.rvm/gems/ruby-3.1.2/gems/factory_bot-6.4.6/lib/factory_bot/strategy_syntax_method_registrar.rb:28:in `block in define_singular_strategy_method'[0m
      [36m# ./spec/system/02_after_login_spec.rb:6:in `block (2 levels) in <main>'[0m

  41) [STEP2] ユーザログイン後のテスト 自分の投稿詳細画面のテスト 表示内容の確認 投稿の編集リンクが表示される
      [31mFailure/Error: let!(:book) { create(:book, user: user) }[0m
      [31m[0m
      [31mNoMethodError:[0m
      [31m  undefined method `book_name' for #<Book id: nil, title: "yko74", body: "xf4lfiuqz9k2ezcpiztg", user_id: 1, created_at: nil, updated_at: nil>[0m
      [36m# /home/ec2-user/.rvm/gems/ruby-3.1.2/gems/factory_bot-6.4.6/lib/factory_bot/evaluation.rb:15:in `create'[0m
      [36m# /home/ec2-user/.rvm/gems/ruby-3.1.2/gems/factory_bot-6.4.6/lib/factory_bot/strategy/create.rb:12:in `block in result'[0m
      [36m# /home/ec2-user/.rvm/gems/ruby-3.1.2/gems/factory_bot-6.4.6/lib/factory_bot/strategy/create.rb:9:in `result'[0m
      [36m# /home/ec2-user/.rvm/gems/ruby-3.1.2/gems/factory_bot-6.4.6/lib/factory_bot/factory.rb:43:in `run'[0m
      [36m# /home/ec2-user/.rvm/gems/ruby-3.1.2/gems/factory_bot-6.4.6/lib/factory_bot/factory_runner.rb:29:in `block in run'[0m
      [36m# /home/ec2-user/.rvm/gems/ruby-3.1.2/gems/factory_bot-6.4.6/lib/factory_bot/factory_runner.rb:28:in `run'[0m
      [36m# /home/ec2-user/.rvm/gems/ruby-3.1.2/gems/factory_bot-6.4.6/lib/factory_bot/strategy_syntax_method_registrar.rb:28:in `block in define_singular_strategy_method'[0m
      [36m# ./spec/system/02_after_login_spec.rb:6:in `block (2 levels) in <main>'[0m

  42) [STEP2] ユーザログイン後のテスト 自分の投稿詳細画面のテスト 表示内容の確認 投稿の削除リンクが表示される
      [31mFailure/Error: let!(:book) { create(:book, user: user) }[0m
      [31m[0m
      [31mNoMethodError:[0m
      [31m  undefined method `book_name' for #<Book id: nil, title: "ld3ud", body: "hle14lrfyesig075twpd", user_id: 1, created_at: nil, updated_at: nil>[0m
      [36m# /home/ec2-user/.rvm/gems/ruby-3.1.2/gems/factory_bot-6.4.6/lib/factory_bot/evaluation.rb:15:in `create'[0m
      [36m# /home/ec2-user/.rvm/gems/ruby-3.1.2/gems/factory_bot-6.4.6/lib/factory_bot/strategy/create.rb:12:in `block in result'[0m
      [36m# /home/ec2-user/.rvm/gems/ruby-3.1.2/gems/factory_bot-6.4.6/lib/factory_bot/strategy/create.rb:9:in `result'[0m
      [36m# /home/ec2-user/.rvm/gems/ruby-3.1.2/gems/factory_bot-6.4.6/lib/factory_bot/factory.rb:43:in `run'[0m
      [36m# /home/ec2-user/.rvm/gems/ruby-3.1.2/gems/factory_bot-6.4.6/lib/factory_bot/factory_runner.rb:29:in `block in run'[0m
      [36m# /home/ec2-user/.rvm/gems/ruby-3.1.2/gems/factory_bot-6.4.6/lib/factory_bot/factory_runner.rb:28:in `run'[0m
      [36m# /home/ec2-user/.rvm/gems/ruby-3.1.2/gems/factory_bot-6.4.6/lib/factory_bot/strategy_syntax_method_registrar.rb:28:in `block in define_singular_strategy_method'[0m
      [36m# ./spec/system/02_after_login_spec.rb:6:in `block (2 levels) in <main>'[0m

  43) [STEP2] ユーザログイン後のテスト 自分の投稿詳細画面のテスト サイドバーの確認 自分の名前と紹介文が表示される
      [31mFailure/Error: let!(:book) { create(:book, user: user) }[0m
      [31m[0m
      [31mNoMethodError:[0m
      [31m  undefined method `book_name' for #<Book id: nil, title: "omepx", body: "2gz119lnheb5sbyfw4gu", user_id: 1, created_at: nil, updated_at: nil>[0m
      [36m# /home/ec2-user/.rvm/gems/ruby-3.1.2/gems/factory_bot-6.4.6/lib/factory_bot/evaluation.rb:15:in `create'[0m
      [36m# /home/ec2-user/.rvm/gems/ruby-3.1.2/gems/factory_bot-6.4.6/lib/factory_bot/strategy/create.rb:12:in `block in result'[0m
      [36m# /home/ec2-user/.rvm/gems/ruby-3.1.2/gems/factory_bot-6.4.6/lib/factory_bot/strategy/create.rb:9:in `result'[0m
      [36m# /home/ec2-user/.rvm/gems/ruby-3.1.2/gems/factory_bot-6.4.6/lib/factory_bot/factory.rb:43:in `run'[0m
      [36m# /home/ec2-user/.rvm/gems/ruby-3.1.2/gems/factory_bot-6.4.6/lib/factory_bot/factory_runner.rb:29:in `block in run'[0m
      [36m# /home/ec2-user/.rvm/gems/ruby-3.1.2/gems/factory_bot-6.4.6/lib/factory_bot/factory_runner.rb:28:in `run'[0m
      [36m# /home/ec2-user/.rvm/gems/ruby-3.1.2/gems/factory_bot-6.4.6/lib/factory_bot/strategy_syntax_method_registrar.rb:28:in `block in define_singular_strategy_method'[0m
      [36m# ./spec/system/02_after_login_spec.rb:6:in `block (2 levels) in <main>'[0m

  44) [STEP2] ユーザログイン後のテスト 自分の投稿詳細画面のテスト サイドバーの確認 自分のユーザ編集画面へのリンクが存在する
      [31mFailure/Error: let!(:book) { create(:book, user: user) }[0m
      [31m[0m
      [31mNoMethodError:[0m
      [31m  undefined method `book_name' for #<Book id: nil, title: "md6nn", body: "r5fmf7n4ibcywoivu8k7", user_id: 1, created_at: nil, updated_at: nil>[0m
      [36m# /home/ec2-user/.rvm/gems/ruby-3.1.2/gems/factory_bot-6.4.6/lib/factory_bot/evaluation.rb:15:in `create'[0m
      [36m# /home/ec2-user/.rvm/gems/ruby-3.1.2/gems/factory_bot-6.4.6/lib/factory_bot/strategy/create.rb:12:in `block in result'[0m
      [36m# /home/ec2-user/.rvm/gems/ruby-3.1.2/gems/factory_bot-6.4.6/lib/factory_bot/strategy/create.rb:9:in `result'[0m
      [36m# /home/ec2-user/.rvm/gems/ruby-3.1.2/gems/factory_bot-6.4.6/lib/factory_bot/factory.rb:43:in `run'[0m
      [36m# /home/ec2-user/.rvm/gems/ruby-3.1.2/gems/factory_bot-6.4.6/lib/factory_bot/factory_runner.rb:29:in `block in run'[0m
      [36m# /home/ec2-user/.rvm/gems/ruby-3.1.2/gems/factory_bot-6.4.6/lib/factory_bot/factory_runner.rb:28:in `run'[0m
      [36m# /home/ec2-user/.rvm/gems/ruby-3.1.2/gems/factory_bot-6.4.6/lib/factory_bot/strategy_syntax_method_registrar.rb:28:in `block in define_singular_strategy_method'[0m
      [36m# ./spec/system/02_after_login_spec.rb:6:in `block (2 levels) in <main>'[0m

  45) [STEP2] ユーザログイン後のテスト 自分の投稿詳細画面のテスト サイドバーの確認 「New book」と表示される
      [31mFailure/Error: let!(:book) { create(:book, user: user) }[0m
      [31m[0m
      [31mNoMethodError:[0m
      [31m  undefined method `book_name' for #<Book id: nil, title: "mdw3c", body: "01ii4qrpsdcs0be97b7r", user_id: 1, created_at: nil, updated_at: nil>[0m
      [36m# /home/ec2-user/.rvm/gems/ruby-3.1.2/gems/factory_bot-6.4.6/lib/factory_bot/evaluation.rb:15:in `create'[0m
      [36m# /home/ec2-user/.rvm/gems/ruby-3.1.2/gems/factory_bot-6.4.6/lib/factory_bot/strategy/create.rb:12:in `block in result'[0m
      [36m# /home/ec2-user/.rvm/gems/ruby-3.1.2/gems/factory_bot-6.4.6/lib/factory_bot/strategy/create.rb:9:in `result'[0m
      [36m# /home/ec2-user/.rvm/gems/ruby-3.1.2/gems/factory_bot-6.4.6/lib/factory_bot/factory.rb:43:in `run'[0m
      [36m# /home/ec2-user/.rvm/gems/ruby-3.1.2/gems/factory_bot-6.4.6/lib/factory_bot/factory_runner.rb:29:in `block in run'[0m
      [36m# /home/ec2-user/.rvm/gems/ruby-3.1.2/gems/factory_bot-6.4.6/lib/factory_bot/factory_runner.rb:28:in `run'[0m
      [36m# /home/ec2-user/.rvm/gems/ruby-3.1.2/gems/factory_bot-6.4.6/lib/factory_bot/strategy_syntax_method_registrar.rb:28:in `block in define_singular_strategy_method'[0m
      [36m# ./spec/system/02_after_login_spec.rb:6:in `block (2 levels) in <main>'[0m

  46) [STEP2] ユーザログイン後のテスト 自分の投稿詳細画面のテスト サイドバーの確認 titleフォームが表示される
      [31mFailure/Error: let!(:book) { create(:book, user: user) }[0m
      [31m[0m
      [31mNoMethodError:[0m
      [31m  undefined method `book_name' for #<Book id: nil, title: "gf4cl", body: "5akw43ww2bvozmlvnfek", user_id: 1, created_at: nil, updated_at: nil>[0m
      [36m# /home/ec2-user/.rvm/gems/ruby-3.1.2/gems/factory_bot-6.4.6/lib/factory_bot/evaluation.rb:15:in `create'[0m
      [36m# /home/ec2-user/.rvm/gems/ruby-3.1.2/gems/factory_bot-6.4.6/lib/factory_bot/strategy/create.rb:12:in `block in result'[0m
      [36m# /home/ec2-user/.rvm/gems/ruby-3.1.2/gems/factory_bot-6.4.6/lib/factory_bot/strategy/create.rb:9:in `result'[0m
      [36m# /home/ec2-user/.rvm/gems/ruby-3.1.2/gems/factory_bot-6.4.6/lib/factory_bot/factory.rb:43:in `run'[0m
      [36m# /home/ec2-user/.rvm/gems/ruby-3.1.2/gems/factory_bot-6.4.6/lib/factory_bot/factory_runner.rb:29:in `block in run'[0m
      [36m# /home/ec2-user/.rvm/gems/ruby-3.1.2/gems/factory_bot-6.4.6/lib/factory_bot/factory_runner.rb:28:in `run'[0m
      [36m# /home/ec2-user/.rvm/gems/ruby-3.1.2/gems/factory_bot-6.4.6/lib/factory_bot/strategy_syntax_method_registrar.rb:28:in `block in define_singular_strategy_method'[0m
      [36m# ./spec/system/02_after_login_spec.rb:6:in `block (2 levels) in <main>'[0m

  47) [STEP2] ユーザログイン後のテスト 自分の投稿詳細画面のテスト サイドバーの確認 titleフォームに値が入っていない
      [31mFailure/Error: let!(:book) { create(:book, user: user) }[0m
      [31m[0m
      [31mNoMethodError:[0m
      [31m  undefined method `book_name' for #<Book id: nil, title: "urrrq", body: "w7vf4xgpizeuv74ao2hb", user_id: 1, created_at: nil, updated_at: nil>[0m
      [36m# /home/ec2-user/.rvm/gems/ruby-3.1.2/gems/factory_bot-6.4.6/lib/factory_bot/evaluation.rb:15:in `create'[0m
      [36m# /home/ec2-user/.rvm/gems/ruby-3.1.2/gems/factory_bot-6.4.6/lib/factory_bot/strategy/create.rb:12:in `block in result'[0m
      [36m# /home/ec2-user/.rvm/gems/ruby-3.1.2/gems/factory_bot-6.4.6/lib/factory_bot/strategy/create.rb:9:in `result'[0m
      [36m# /home/ec2-user/.rvm/gems/ruby-3.1.2/gems/factory_bot-6.4.6/lib/factory_bot/factory.rb:43:in `run'[0m
      [36m# /home/ec2-user/.rvm/gems/ruby-3.1.2/gems/factory_bot-6.4.6/lib/factory_bot/factory_runner.rb:29:in `block in run'[0m
      [36m# /home/ec2-user/.rvm/gems/ruby-3.1.2/gems/factory_bot-6.4.6/lib/factory_bot/factory_runner.rb:28:in `run'[0m
      [36m# /home/ec2-user/.rvm/gems/ruby-3.1.2/gems/factory_bot-6.4.6/lib/factory_bot/strategy_syntax_method_registrar.rb:28:in `block in define_singular_strategy_method'[0m
      [36m# ./spec/system/02_after_login_spec.rb:6:in `block (2 levels) in <main>'[0m

  48) [STEP2] ユーザログイン後のテスト 自分の投稿詳細画面のテスト サイドバーの確認 bodyフォームが表示される
      [31mFailure/Error: let!(:book) { create(:book, user: user) }[0m
      [31m[0m
      [31mNoMethodError:[0m
      [31m  undefined method `book_name' for #<Book id: nil, title: "ewq9t", body: "oxxx7t4d23f13s0n0fl9", user_id: 1, created_at: nil, updated_at: nil>[0m
      [36m# /home/ec2-user/.rvm/gems/ruby-3.1.2/gems/factory_bot-6.4.6/lib/factory_bot/evaluation.rb:15:in `create'[0m
      [36m# /home/ec2-user/.rvm/gems/ruby-3.1.2/gems/factory_bot-6.4.6/lib/factory_bot/strategy/create.rb:12:in `block in result'[0m
      [36m# /home/ec2-user/.rvm/gems/ruby-3.1.2/gems/factory_bot-6.4.6/lib/factory_bot/strategy/create.rb:9:in `result'[0m
      [36m# /home/ec2-user/.rvm/gems/ruby-3.1.2/gems/factory_bot-6.4.6/lib/factory_bot/factory.rb:43:in `run'[0m
      [36m# /home/ec2-user/.rvm/gems/ruby-3.1.2/gems/factory_bot-6.4.6/lib/factory_bot/factory_runner.rb:29:in `block in run'[0m
      [36m# /home/ec2-user/.rvm/gems/ruby-3.1.2/gems/factory_bot-6.4.6/lib/factory_bot/factory_runner.rb:28:in `run'[0m
      [36m# /home/ec2-user/.rvm/gems/ruby-3.1.2/gems/factory_bot-6.4.6/lib/factory_bot/strategy_syntax_method_registrar.rb:28:in `block in define_singular_strategy_method'[0m
      [36m# ./spec/system/02_after_login_spec.rb:6:in `block (2 levels) in <main>'[0m

  49) [STEP2] ユーザログイン後のテスト 自分の投稿詳細画面のテスト サイドバーの確認 bodyフォームに値が入っていない
      [31mFailure/Error: let!(:book) { create(:book, user: user) }[0m
      [31m[0m
      [31mNoMethodError:[0m
      [31m  undefined method `book_name' for #<Book id: nil, title: "g01m1", body: "74qsavdjnfmiet9d98ka", user_id: 1, created_at: nil, updated_at: nil>[0m
      [36m# /home/ec2-user/.rvm/gems/ruby-3.1.2/gems/factory_bot-6.4.6/lib/factory_bot/evaluation.rb:15:in `create'[0m
      [36m# /home/ec2-user/.rvm/gems/ruby-3.1.2/gems/factory_bot-6.4.6/lib/factory_bot/strategy/create.rb:12:in `block in result'[0m
      [36m# /home/ec2-user/.rvm/gems/ruby-3.1.2/gems/factory_bot-6.4.6/lib/factory_bot/strategy/create.rb:9:in `result'[0m
      [36m# /home/ec2-user/.rvm/gems/ruby-3.1.2/gems/factory_bot-6.4.6/lib/factory_bot/factory.rb:43:in `run'[0m
      [36m# /home/ec2-user/.rvm/gems/ruby-3.1.2/gems/factory_bot-6.4.6/lib/factory_bot/factory_runner.rb:29:in `block in run'[0m
      [36m# /home/ec2-user/.rvm/gems/ruby-3.1.2/gems/factory_bot-6.4.6/lib/factory_bot/factory_runner.rb:28:in `run'[0m
      [36m# /home/ec2-user/.rvm/gems/ruby-3.1.2/gems/factory_bot-6.4.6/lib/factory_bot/strategy_syntax_method_registrar.rb:28:in `block in define_singular_strategy_method'[0m
      [36m# ./spec/system/02_after_login_spec.rb:6:in `block (2 levels) in <main>'[0m

  50) [STEP2] ユーザログイン後のテスト 自分の投稿詳細画面のテスト サイドバーの確認 Create Bookボタンが表示される
      [31mFailure/Error: let!(:book) { create(:book, user: user) }[0m
      [31m[0m
      [31mNoMethodError:[0m
      [31m  undefined method `book_name' for #<Book id: nil, title: "jgt5f", body: "mwslngi2evwmupm1yxbw", user_id: 1, created_at: nil, updated_at: nil>[0m
      [36m# /home/ec2-user/.rvm/gems/ruby-3.1.2/gems/factory_bot-6.4.6/lib/factory_bot/evaluation.rb:15:in `create'[0m
      [36m# /home/ec2-user/.rvm/gems/ruby-3.1.2/gems/factory_bot-6.4.6/lib/factory_bot/strategy/create.rb:12:in `block in result'[0m
      [36m# /home/ec2-user/.rvm/gems/ruby-3.1.2/gems/factory_bot-6.4.6/lib/factory_bot/strategy/create.rb:9:in `result'[0m
      [36m# /home/ec2-user/.rvm/gems/ruby-3.1.2/gems/factory_bot-6.4.6/lib/factory_bot/factory.rb:43:in `run'[0m
      [36m# /home/ec2-user/.rvm/gems/ruby-3.1.2/gems/factory_bot-6.4.6/lib/factory_bot/factory_runner.rb:29:in `block in run'[0m
      [36m# /home/ec2-user/.rvm/gems/ruby-3.1.2/gems/factory_bot-6.4.6/lib/factory_bot/factory_runner.rb:28:in `run'[0m
      [36m# /home/ec2-user/.rvm/gems/ruby-3.1.2/gems/factory_bot-6.4.6/lib/factory_bot/strategy_syntax_method_registrar.rb:28:in `block in define_singular_strategy_method'[0m
      [36m# ./spec/system/02_after_login_spec.rb:6:in `block (2 levels) in <main>'[0m

  51) [STEP2] ユーザログイン後のテスト 自分の投稿詳細画面のテスト 投稿成功のテスト 自分の新しい投稿が正しく保存される
      [31mFailure/Error: let!(:book) { create(:book, user: user) }[0m
      [31m[0m
      [31mNoMethodError:[0m
      [31m  undefined method `book_name' for #<Book id: nil, title: "g5edg", body: "fq29yuc7ffui98768w4d", user_id: 1, created_at: nil, updated_at: nil>[0m
      [36m# /home/ec2-user/.rvm/gems/ruby-3.1.2/gems/factory_bot-6.4.6/lib/factory_bot/evaluation.rb:15:in `create'[0m
      [36m# /home/ec2-user/.rvm/gems/ruby-3.1.2/gems/factory_bot-6.4.6/lib/factory_bot/strategy/create.rb:12:in `block in result'[0m
      [36m# /home/ec2-user/.rvm/gems/ruby-3.1.2/gems/factory_bot-6.4.6/lib/factory_bot/strategy/create.rb:9:in `result'[0m
      [36m# /home/ec2-user/.rvm/gems/ruby-3.1.2/gems/factory_bot-6.4.6/lib/factory_bot/factory.rb:43:in `run'[0m
      [36m# /home/ec2-user/.rvm/gems/ruby-3.1.2/gems/factory_bot-6.4.6/lib/factory_bot/factory_runner.rb:29:in `block in run'[0m
      [36m# /home/ec2-user/.rvm/gems/ruby-3.1.2/gems/factory_bot-6.4.6/lib/factory_bot/factory_runner.rb:28:in `run'[0m
      [36m# /home/ec2-user/.rvm/gems/ruby-3.1.2/gems/factory_bot-6.4.6/lib/factory_bot/strategy_syntax_method_registrar.rb:28:in `block in define_singular_strategy_method'[0m
      [36m# ./spec/system/02_after_login_spec.rb:6:in `block (2 levels) in <main>'[0m

  52) [STEP2] ユーザログイン後のテスト 自分の投稿詳細画面のテスト 編集リンクのテスト 編集画面に遷移する
      [31mFailure/Error: let!(:book) { create(:book, user: user) }[0m
      [31m[0m
      [31mNoMethodError:[0m
      [31m  undefined method `book_name' for #<Book id: nil, title: "zd0xi", body: "9xynkbcuwpseaor5awxx", user_id: 1, created_at: nil, updated_at: nil>[0m
      [36m# /home/ec2-user/.rvm/gems/ruby-3.1.2/gems/factory_bot-6.4.6/lib/factory_bot/evaluation.rb:15:in `create'[0m
      [36m# /home/ec2-user/.rvm/gems/ruby-3.1.2/gems/factory_bot-6.4.6/lib/factory_bot/strategy/create.rb:12:in `block in result'[0m
      [36m# /home/ec2-user/.rvm/gems/ruby-3.1.2/gems/factory_bot-6.4.6/lib/factory_bot/strategy/create.rb:9:in `result'[0m
      [36m# /home/ec2-user/.rvm/gems/ruby-3.1.2/gems/factory_bot-6.4.6/lib/factory_bot/factory.rb:43:in `run'[0m
      [36m# /home/ec2-user/.rvm/gems/ruby-3.1.2/gems/factory_bot-6.4.6/lib/factory_bot/factory_runner.rb:29:in `block in run'[0m
      [36m# /home/ec2-user/.rvm/gems/ruby-3.1.2/gems/factory_bot-6.4.6/lib/factory_bot/factory_runner.rb:28:in `run'[0m
      [36m# /home/ec2-user/.rvm/gems/ruby-3.1.2/gems/factory_bot-6.4.6/lib/factory_bot/strategy_syntax_method_registrar.rb:28:in `block in define_singular_strategy_method'[0m
      [36m# ./spec/system/02_after_login_spec.rb:6:in `block (2 levels) in <main>'[0m

  53) [STEP2] ユーザログイン後のテスト 自分の投稿詳細画面のテスト 削除リンクのテスト application.html.erbにjavascript_pack_tagを含んでいる
      [31mFailure/Error: let!(:book) { create(:book, user: user) }[0m
      [31m[0m
      [31mNoMethodError:[0m
      [31m  undefined method `book_name' for #<Book id: nil, title: "26jz4", body: "qgjjrqfjzw10a5vjqqjt", user_id: 1, created_at: nil, updated_at: nil>[0m
      [36m# /home/ec2-user/.rvm/gems/ruby-3.1.2/gems/factory_bot-6.4.6/lib/factory_bot/evaluation.rb:15:in `create'[0m
      [36m# /home/ec2-user/.rvm/gems/ruby-3.1.2/gems/factory_bot-6.4.6/lib/factory_bot/strategy/create.rb:12:in `block in result'[0m
      [36m# /home/ec2-user/.rvm/gems/ruby-3.1.2/gems/factory_bot-6.4.6/lib/factory_bot/strategy/create.rb:9:in `result'[0m
      [36m# /home/ec2-user/.rvm/gems/ruby-3.1.2/gems/factory_bot-6.4.6/lib/factory_bot/factory.rb:43:in `run'[0m
      [36m# /home/ec2-user/.rvm/gems/ruby-3.1.2/gems/factory_bot-6.4.6/lib/factory_bot/factory_runner.rb:29:in `block in run'[0m
      [36m# /home/ec2-user/.rvm/gems/ruby-3.1.2/gems/factory_bot-6.4.6/lib/factory_bot/factory_runner.rb:28:in `run'[0m
      [36m# /home/ec2-user/.rvm/gems/ruby-3.1.2/gems/factory_bot-6.4.6/lib/factory_bot/strategy_syntax_method_registrar.rb:28:in `block in define_singular_strategy_method'[0m
      [36m# ./spec/system/02_after_login_spec.rb:6:in `block (2 levels) in <main>'[0m

  54) [STEP2] ユーザログイン後のテスト 自分の投稿詳細画面のテスト 削除リンクのテスト 正しく削除される
      [31mFailure/Error: let!(:book) { create(:book, user: user) }[0m
      [31m[0m
      [31mNoMethodError:[0m
      [31m  undefined method `book_name' for #<Book id: nil, title: "zu8pm", body: "o8rcvbvxln653ytabopu", user_id: 1, created_at: nil, updated_at: nil>[0m
      [36m# /home/ec2-user/.rvm/gems/ruby-3.1.2/gems/factory_bot-6.4.6/lib/factory_bot/evaluation.rb:15:in `create'[0m
      [36m# /home/ec2-user/.rvm/gems/ruby-3.1.2/gems/factory_bot-6.4.6/lib/factory_bot/strategy/create.rb:12:in `block in result'[0m
      [36m# /home/ec2-user/.rvm/gems/ruby-3.1.2/gems/factory_bot-6.4.6/lib/factory_bot/strategy/create.rb:9:in `result'[0m
      [36m# /home/ec2-user/.rvm/gems/ruby-3.1.2/gems/factory_bot-6.4.6/lib/factory_bot/factory.rb:43:in `run'[0m
      [36m# /home/ec2-user/.rvm/gems/ruby-3.1.2/gems/factory_bot-6.4.6/lib/factory_bot/factory_runner.rb:29:in `block in run'[0m
      [36m# /home/ec2-user/.rvm/gems/ruby-3.1.2/gems/factory_bot-6.4.6/lib/factory_bot/factory_runner.rb:28:in `run'[0m
      [36m# /home/ec2-user/.rvm/gems/ruby-3.1.2/gems/factory_bot-6.4.6/lib/factory_bot/strategy_syntax_method_registrar.rb:28:in `block in define_singular_strategy_method'[0m
      [36m# ./spec/system/02_after_login_spec.rb:6:in `block (2 levels) in <main>'[0m

  55) [STEP2] ユーザログイン後のテスト 自分の投稿詳細画面のテスト 削除リンクのテスト リダイレクト先が、投稿一覧画面になっている
      [31mFailure/Error: let!(:book) { create(:book, user: user) }[0m
      [31m[0m
      [31mNoMethodError:[0m
      [31m  undefined method `book_name' for #<Book id: nil, title: "md82i", body: "wiz1uzkqwihdpiwfq3fw", user_id: 1, created_at: nil, updated_at: nil>[0m
      [36m# /home/ec2-user/.rvm/gems/ruby-3.1.2/gems/factory_bot-6.4.6/lib/factory_bot/evaluation.rb:15:in `create'[0m
      [36m# /home/ec2-user/.rvm/gems/ruby-3.1.2/gems/factory_bot-6.4.6/lib/factory_bot/strategy/create.rb:12:in `block in result'[0m
      [36m# /home/ec2-user/.rvm/gems/ruby-3.1.2/gems/factory_bot-6.4.6/lib/factory_bot/strategy/create.rb:9:in `result'[0m
      [36m# /home/ec2-user/.rvm/gems/ruby-3.1.2/gems/factory_bot-6.4.6/lib/factory_bot/factory.rb:43:in `run'[0m
      [36m# /home/ec2-user/.rvm/gems/ruby-3.1.2/gems/factory_bot-6.4.6/lib/factory_bot/factory_runner.rb:29:in `block in run'[0m
      [36m# /home/ec2-user/.rvm/gems/ruby-3.1.2/gems/factory_bot-6.4.6/lib/factory_bot/factory_runner.rb:28:in `run'[0m
      [36m# /home/ec2-user/.rvm/gems/ruby-3.1.2/gems/factory_bot-6.4.6/lib/factory_bot/strategy_syntax_method_registrar.rb:28:in `block in define_singular_strategy_method'[0m
      [36m# ./spec/system/02_after_login_spec.rb:6:in `block (2 levels) in <main>'[0m

  56) [STEP2] ユーザログイン後のテスト 自分の投稿編集画面のテスト 表示の確認 URLが正しい
      [31mFailure/Error: let!(:book) { create(:book, user: user) }[0m
      [31m[0m
      [31mNoMethodError:[0m
      [31m  undefined method `book_name' for #<Book id: nil, title: "dq1cd", body: "b2h0z01s4eyz3od46bym", user_id: 1, created_at: nil, updated_at: nil>[0m
      [36m# /home/ec2-user/.rvm/gems/ruby-3.1.2/gems/factory_bot-6.4.6/lib/factory_bot/evaluation.rb:15:in `create'[0m
      [36m# /home/ec2-user/.rvm/gems/ruby-3.1.2/gems/factory_bot-6.4.6/lib/factory_bot/strategy/create.rb:12:in `block in result'[0m
      [36m# /home/ec2-user/.rvm/gems/ruby-3.1.2/gems/factory_bot-6.4.6/lib/factory_bot/strategy/create.rb:9:in `result'[0m
      [36m# /home/ec2-user/.rvm/gems/ruby-3.1.2/gems/factory_bot-6.4.6/lib/factory_bot/factory.rb:43:in `run'[0m
      [36m# /home/ec2-user/.rvm/gems/ruby-3.1.2/gems/factory_bot-6.4.6/lib/factory_bot/factory_runner.rb:29:in `block in run'[0m
      [36m# /home/ec2-user/.rvm/gems/ruby-3.1.2/gems/factory_bot-6.4.6/lib/factory_bot/factory_runner.rb:28:in `run'[0m
      [36m# /home/ec2-user/.rvm/gems/ruby-3.1.2/gems/factory_bot-6.4.6/lib/factory_bot/strategy_syntax_method_registrar.rb:28:in `block in define_singular_strategy_method'[0m
      [36m# ./spec/system/02_after_login_spec.rb:6:in `block (2 levels) in <main>'[0m

  57) [STEP2] ユーザログイン後のテスト 自分の投稿編集画面のテスト 表示の確認 「Editing Book」と表示される
      [31mFailure/Error: let!(:book) { create(:book, user: user) }[0m
      [31m[0m
      [31mNoMethodError:[0m
      [31m  undefined method `book_name' for #<Book id: nil, title: "fp1s3", body: "bu6cq3a715uwmb5ntwvw", user_id: 1, created_at: nil, updated_at: nil>[0m
      [36m# /home/ec2-user/.rvm/gems/ruby-3.1.2/gems/factory_bot-6.4.6/lib/factory_bot/evaluation.rb:15:in `create'[0m
      [36m# /home/ec2-user/.rvm/gems/ruby-3.1.2/gems/factory_bot-6.4.6/lib/factory_bot/strategy/create.rb:12:in `block in result'[0m
      [36m# /home/ec2-user/.rvm/gems/ruby-3.1.2/gems/factory_bot-6.4.6/lib/factory_bot/strategy/create.rb:9:in `result'[0m
      [36m# /home/ec2-user/.rvm/gems/ruby-3.1.2/gems/factory_bot-6.4.6/lib/factory_bot/factory.rb:43:in `run'[0m
      [36m# /home/ec2-user/.rvm/gems/ruby-3.1.2/gems/factory_bot-6.4.6/lib/factory_bot/factory_runner.rb:29:in `block in run'[0m
      [36m# /home/ec2-user/.rvm/gems/ruby-3.1.2/gems/factory_bot-6.4.6/lib/factory_bot/factory_runner.rb:28:in `run'[0m
      [36m# /home/ec2-user/.rvm/gems/ruby-3.1.2/gems/factory_bot-6.4.6/lib/factory_bot/strategy_syntax_method_registrar.rb:28:in `block in define_singular_strategy_method'[0m
      [36m# ./spec/system/02_after_login_spec.rb:6:in `block (2 levels) in <main>'[0m

  58) [STEP2] ユーザログイン後のテスト 自分の投稿編集画面のテスト 表示の確認 title編集フォームが表示される
      [31mFailure/Error: let!(:book) { create(:book, user: user) }[0m
      [31m[0m
      [31mNoMethodError:[0m
      [31m  undefined method `book_name' for #<Book id: nil, title: "ct877", body: "sa3gxlbtgpnpnro5crf5", user_id: 1, created_at: nil, updated_at: nil>[0m
      [36m# /home/ec2-user/.rvm/gems/ruby-3.1.2/gems/factory_bot-6.4.6/lib/factory_bot/evaluation.rb:15:in `create'[0m
      [36m# /home/ec2-user/.rvm/gems/ruby-3.1.2/gems/factory_bot-6.4.6/lib/factory_bot/strategy/create.rb:12:in `block in result'[0m
      [36m# /home/ec2-user/.rvm/gems/ruby-3.1.2/gems/factory_bot-6.4.6/lib/factory_bot/strategy/create.rb:9:in `result'[0m
      [36m# /home/ec2-user/.rvm/gems/ruby-3.1.2/gems/factory_bot-6.4.6/lib/factory_bot/factory.rb:43:in `run'[0m
      [36m# /home/ec2-user/.rvm/gems/ruby-3.1.2/gems/factory_bot-6.4.6/lib/factory_bot/factory_runner.rb:29:in `block in run'[0m
      [36m# /home/ec2-user/.rvm/gems/ruby-3.1.2/gems/factory_bot-6.4.6/lib/factory_bot/factory_runner.rb:28:in `run'[0m
      [36m# /home/ec2-user/.rvm/gems/ruby-3.1.2/gems/factory_bot-6.4.6/lib/factory_bot/strategy_syntax_method_registrar.rb:28:in `block in define_singular_strategy_method'[0m
      [36m# ./spec/system/02_after_login_spec.rb:6:in `block (2 levels) in <main>'[0m

  59) [STEP2] ユーザログイン後のテスト 自分の投稿編集画面のテスト 表示の確認 body編集フォームが表示される
      [31mFailure/Error: let!(:book) { create(:book, user: user) }[0m
      [31m[0m
      [31mNoMethodError:[0m
      [31m  undefined method `book_name' for #<Book id: nil, title: "slqgs", body: "h3scdezp4vq7cfklwsiy", user_id: 1, created_at: nil, updated_at: nil>[0m
      [36m# /home/ec2-user/.rvm/gems/ruby-3.1.2/gems/factory_bot-6.4.6/lib/factory_bot/evaluation.rb:15:in `create'[0m
      [36m# /home/ec2-user/.rvm/gems/ruby-3.1.2/gems/factory_bot-6.4.6/lib/factory_bot/strategy/create.rb:12:in `block in result'[0m
      [36m# /home/ec2-user/.rvm/gems/ruby-3.1.2/gems/factory_bot-6.4.6/lib/factory_bot/strategy/create.rb:9:in `result'[0m
      [36m# /home/ec2-user/.rvm/gems/ruby-3.1.2/gems/factory_bot-6.4.6/lib/factory_bot/factory.rb:43:in `run'[0m
      [36m# /home/ec2-user/.rvm/gems/ruby-3.1.2/gems/factory_bot-6.4.6/lib/factory_bot/factory_runner.rb:29:in `block in run'[0m
      [36m# /home/ec2-user/.rvm/gems/ruby-3.1.2/gems/factory_bot-6.4.6/lib/factory_bot/factory_runner.rb:28:in `run'[0m
      [36m# /home/ec2-user/.rvm/gems/ruby-3.1.2/gems/factory_bot-6.4.6/lib/factory_bot/strategy_syntax_method_registrar.rb:28:in `block in define_singular_strategy_method'[0m
      [36m# ./spec/system/02_after_login_spec.rb:6:in `block (2 levels) in <main>'[0m

  60) [STEP2] ユーザログイン後のテスト 自分の投稿編集画面のテスト 表示の確認 Update Bookボタンが表示される
      [31mFailure/Error: let!(:book) { create(:book, user: user) }[0m
      [31m[0m
      [31mNoMethodError:[0m
      [31m  undefined method `book_name' for #<Book id: nil, title: "m979e", body: "h3oa52bp988xfa5hfil1", user_id: 1, created_at: nil, updated_at: nil>[0m
      [36m# /home/ec2-user/.rvm/gems/ruby-3.1.2/gems/factory_bot-6.4.6/lib/factory_bot/evaluation.rb:15:in `create'[0m
      [36m# /home/ec2-user/.rvm/gems/ruby-3.1.2/gems/factory_bot-6.4.6/lib/factory_bot/strategy/create.rb:12:in `block in result'[0m
      [36m# /home/ec2-user/.rvm/gems/ruby-3.1.2/gems/factory_bot-6.4.6/lib/factory_bot/strategy/create.rb:9:in `result'[0m
      [36m# /home/ec2-user/.rvm/gems/ruby-3.1.2/gems/factory_bot-6.4.6/lib/factory_bot/factory.rb:43:in `run'[0m
      [36m# /home/ec2-user/.rvm/gems/ruby-3.1.2/gems/factory_bot-6.4.6/lib/factory_bot/factory_runner.rb:29:in `block in run'[0m
      [36m# /home/ec2-user/.rvm/gems/ruby-3.1.2/gems/factory_bot-6.4.6/lib/factory_bot/factory_runner.rb:28:in `run'[0m
      [36m# /home/ec2-user/.rvm/gems/ruby-3.1.2/gems/factory_bot-6.4.6/lib/factory_bot/strategy_syntax_method_registrar.rb:28:in `block in define_singular_strategy_method'[0m
      [36m# ./spec/system/02_after_login_spec.rb:6:in `block (2 levels) in <main>'[0m

  61) [STEP2] ユーザログイン後のテスト 自分の投稿編集画面のテスト 表示の確認 Showリンクが表示される
      [31mFailure/Error: let!(:book) { create(:book, user: user) }[0m
      [31m[0m
      [31mNoMethodError:[0m
      [31m  undefined method `book_name' for #<Book id: nil, title: "p0awo", body: "75tz1m21w1tgb3zcxq23", user_id: 1, created_at: nil, updated_at: nil>[0m
      [36m# /home/ec2-user/.rvm/gems/ruby-3.1.2/gems/factory_bot-6.4.6/lib/factory_bot/evaluation.rb:15:in `create'[0m
      [36m# /home/ec2-user/.rvm/gems/ruby-3.1.2/gems/factory_bot-6.4.6/lib/factory_bot/strategy/create.rb:12:in `block in result'[0m
      [36m# /home/ec2-user/.rvm/gems/ruby-3.1.2/gems/factory_bot-6.4.6/lib/factory_bot/strategy/create.rb:9:in `result'[0m
      [36m# /home/ec2-user/.rvm/gems/ruby-3.1.2/gems/factory_bot-6.4.6/lib/factory_bot/factory.rb:43:in `run'[0m
      [36m# /home/ec2-user/.rvm/gems/ruby-3.1.2/gems/factory_bot-6.4.6/lib/factory_bot/factory_runner.rb:29:in `block in run'[0m
      [36m# /home/ec2-user/.rvm/gems/ruby-3.1.2/gems/factory_bot-6.4.6/lib/factory_bot/factory_runner.rb:28:in `run'[0m
      [36m# /home/ec2-user/.rvm/gems/ruby-3.1.2/gems/factory_bot-6.4.6/lib/factory_bot/strategy_syntax_method_registrar.rb:28:in `block in define_singular_strategy_method'[0m
      [36m# ./spec/system/02_after_login_spec.rb:6:in `block (2 levels) in <main>'[0m

  62) [STEP2] ユーザログイン後のテスト 自分の投稿編集画面のテスト 表示の確認 Backリンクが表示される
      [31mFailure/Error: let!(:book) { create(:book, user: user) }[0m
      [31m[0m
      [31mNoMethodError:[0m
      [31m  undefined method `book_name' for #<Book id: nil, title: "xqk0w", body: "zotcsina7w0c5lvm5th5", user_id: 1, created_at: nil, updated_at: nil>[0m
      [36m# /home/ec2-user/.rvm/gems/ruby-3.1.2/gems/factory_bot-6.4.6/lib/factory_bot/evaluation.rb:15:in `create'[0m
      [36m# /home/ec2-user/.rvm/gems/ruby-3.1.2/gems/factory_bot-6.4.6/lib/factory_bot/strategy/create.rb:12:in `block in result'[0m
      [36m# /home/ec2-user/.rvm/gems/ruby-3.1.2/gems/factory_bot-6.4.6/lib/factory_bot/strategy/create.rb:9:in `result'[0m
      [36m# /home/ec2-user/.rvm/gems/ruby-3.1.2/gems/factory_bot-6.4.6/lib/factory_bot/factory.rb:43:in `run'[0m
      [36m# /home/ec2-user/.rvm/gems/ruby-3.1.2/gems/factory_bot-6.4.6/lib/factory_bot/factory_runner.rb:29:in `block in run'[0m
      [36m# /home/ec2-user/.rvm/gems/ruby-3.1.2/gems/factory_bot-6.4.6/lib/factory_bot/factory_runner.rb:28:in `run'[0m
      [36m# /home/ec2-user/.rvm/gems/ruby-3.1.2/gems/factory_bot-6.4.6/lib/factory_bot/strategy_syntax_method_registrar.rb:28:in `block in define_singular_strategy_method'[0m
      [36m# ./spec/system/02_after_login_spec.rb:6:in `block (2 levels) in <main>'[0m

  63) [STEP2] ユーザログイン後のテスト 自分の投稿編集画面のテスト 編集成功のテスト titleが正しく更新される
      [31mFailure/Error: let!(:book) { create(:book, user: user) }[0m
      [31m[0m
      [31mNoMethodError:[0m
      [31m  undefined method `book_name' for #<Book id: nil, title: "p3o8m", body: "rwk9aj62pf0bc3izexwg", user_id: 1, created_at: nil, updated_at: nil>[0m
      [36m# /home/ec2-user/.rvm/gems/ruby-3.1.2/gems/factory_bot-6.4.6/lib/factory_bot/evaluation.rb:15:in `create'[0m
      [36m# /home/ec2-user/.rvm/gems/ruby-3.1.2/gems/factory_bot-6.4.6/lib/factory_bot/strategy/create.rb:12:in `block in result'[0m
      [36m# /home/ec2-user/.rvm/gems/ruby-3.1.2/gems/factory_bot-6.4.6/lib/factory_bot/strategy/create.rb:9:in `result'[0m
      [36m# /home/ec2-user/.rvm/gems/ruby-3.1.2/gems/factory_bot-6.4.6/lib/factory_bot/factory.rb:43:in `run'[0m
      [36m# /home/ec2-user/.rvm/gems/ruby-3.1.2/gems/factory_bot-6.4.6/lib/factory_bot/factory_runner.rb:29:in `block in run'[0m
      [36m# /home/ec2-user/.rvm/gems/ruby-3.1.2/gems/factory_bot-6.4.6/lib/factory_bot/factory_runner.rb:28:in `run'[0m
      [36m# /home/ec2-user/.rvm/gems/ruby-3.1.2/gems/factory_bot-6.4.6/lib/factory_bot/strategy_syntax_method_registrar.rb:28:in `block in define_singular_strategy_method'[0m
      [36m# ./spec/system/02_after_login_spec.rb:6:in `block (2 levels) in <main>'[0m

  64) [STEP2] ユーザログイン後のテスト 自分の投稿編集画面のテスト 編集成功のテスト bodyが正しく更新される
      [31mFailure/Error: let!(:book) { create(:book, user: user) }[0m
      [31m[0m
      [31mNoMethodError:[0m
      [31m  undefined method `book_name' for #<Book id: nil, title: "pj1g7", body: "yzuzd9hnqqjilitt7yxe", user_id: 1, created_at: nil, updated_at: nil>[0m
      [36m# /home/ec2-user/.rvm/gems/ruby-3.1.2/gems/factory_bot-6.4.6/lib/factory_bot/evaluation.rb:15:in `create'[0m
      [36m# /home/ec2-user/.rvm/gems/ruby-3.1.2/gems/factory_bot-6.4.6/lib/factory_bot/strategy/create.rb:12:in `block in result'[0m
      [36m# /home/ec2-user/.rvm/gems/ruby-3.1.2/gems/factory_bot-6.4.6/lib/factory_bot/strategy/create.rb:9:in `result'[0m
      [36m# /home/ec2-user/.rvm/gems/ruby-3.1.2/gems/factory_bot-6.4.6/lib/factory_bot/factory.rb:43:in `run'[0m
      [36m# /home/ec2-user/.rvm/gems/ruby-3.1.2/gems/factory_bot-6.4.6/lib/factory_bot/factory_runner.rb:29:in `block in run'[0m
      [36m# /home/ec2-user/.rvm/gems/ruby-3.1.2/gems/factory_bot-6.4.6/lib/factory_bot/factory_runner.rb:28:in `run'[0m
      [36m# /home/ec2-user/.rvm/gems/ruby-3.1.2/gems/factory_bot-6.4.6/lib/factory_bot/strategy_syntax_method_registrar.rb:28:in `block in define_singular_strategy_method'[0m
      [36m# ./spec/system/02_after_login_spec.rb:6:in `block (2 levels) in <main>'[0m

  65) [STEP2] ユーザログイン後のテスト 自分の投稿編集画面のテスト 編集成功のテスト リダイレクト先が、更新した投稿の詳細画面になっている
      [31mFailure/Error: let!(:book) { create(:book, user: user) }[0m
      [31m[0m
      [31mNoMethodError:[0m
      [31m  undefined method `book_name' for #<Book id: nil, title: "844fv", body: "vvw2wr40hq9d0zat3lmb", user_id: 1, created_at: nil, updated_at: nil>[0m
      [36m# /home/ec2-user/.rvm/gems/ruby-3.1.2/gems/factory_bot-6.4.6/lib/factory_bot/evaluation.rb:15:in `create'[0m
      [36m# /home/ec2-user/.rvm/gems/ruby-3.1.2/gems/factory_bot-6.4.6/lib/factory_bot/strategy/create.rb:12:in `block in result'[0m
      [36m# /home/ec2-user/.rvm/gems/ruby-3.1.2/gems/factory_bot-6.4.6/lib/factory_bot/strategy/create.rb:9:in `result'[0m
      [36m# /home/ec2-user/.rvm/gems/ruby-3.1.2/gems/factory_bot-6.4.6/lib/factory_bot/factory.rb:43:in `run'[0m
      [36m# /home/ec2-user/.rvm/gems/ruby-3.1.2/gems/factory_bot-6.4.6/lib/factory_bot/factory_runner.rb:29:in `block in run'[0m
      [36m# /home/ec2-user/.rvm/gems/ruby-3.1.2/gems/factory_bot-6.4.6/lib/factory_bot/factory_runner.rb:28:in `run'[0m
      [36m# /home/ec2-user/.rvm/gems/ruby-3.1.2/gems/factory_bot-6.4.6/lib/factory_bot/strategy_syntax_method_registrar.rb:28:in `block in define_singular_strategy_method'[0m
      [36m# ./spec/system/02_after_login_spec.rb:6:in `block (2 levels) in <main>'[0m

  66) [STEP2] ユーザログイン後のテスト ユーザ一覧画面のテスト 表示内容の確認 URLが正しい
      [31mFailure/Error: let!(:book) { create(:book, user: user) }[0m
      [31m[0m
      [31mNoMethodError:[0m
      [31m  undefined method `book_name' for #<Book id: nil, title: "edggl", body: "h77zmdsoq76wmwwvwwww", user_id: 1, created_at: nil, updated_at: nil>[0m
      [36m# /home/ec2-user/.rvm/gems/ruby-3.1.2/gems/factory_bot-6.4.6/lib/factory_bot/evaluation.rb:15:in `create'[0m
      [36m# /home/ec2-user/.rvm/gems/ruby-3.1.2/gems/factory_bot-6.4.6/lib/factory_bot/strategy/create.rb:12:in `block in result'[0m
      [36m# /home/ec2-user/.rvm/gems/ruby-3.1.2/gems/factory_bot-6.4.6/lib/factory_bot/strategy/create.rb:9:in `result'[0m
      [36m# /home/ec2-user/.rvm/gems/ruby-3.1.2/gems/factory_bot-6.4.6/lib/factory_bot/factory.rb:43:in `run'[0m
      [36m# /home/ec2-user/.rvm/gems/ruby-3.1.2/gems/factory_bot-6.4.6/lib/factory_bot/factory_runner.rb:29:in `block in run'[0m
      [36m# /home/ec2-user/.rvm/gems/ruby-3.1.2/gems/factory_bot-6.4.6/lib/factory_bot/factory_runner.rb:28:in `run'[0m
      [36m# /home/ec2-user/.rvm/gems/ruby-3.1.2/gems/factory_bot-6.4.6/lib/factory_bot/strategy_syntax_method_registrar.rb:28:in `block in define_singular_strategy_method'[0m
      [36m# ./spec/system/02_after_login_spec.rb:6:in `block (2 levels) in <main>'[0m

  67) [STEP2] ユーザログイン後のテスト ユーザ一覧画面のテスト 表示内容の確認 自分と他人の画像が表示される: fallbackの画像がサイドバーの1つ＋一覧(2人)の2つの計3つ存在する
      [31mFailure/Error: let!(:book) { create(:book, user: user) }[0m
      [31m[0m
      [31mNoMethodError:[0m
      [31m  undefined method `book_name' for #<Book id: nil, title: "oe6uo", body: "f6tk6o0nkrwyvmvlkp85", user_id: 1, created_at: nil, updated_at: nil>[0m
      [36m# /home/ec2-user/.rvm/gems/ruby-3.1.2/gems/factory_bot-6.4.6/lib/factory_bot/evaluation.rb:15:in `create'[0m
      [36m# /home/ec2-user/.rvm/gems/ruby-3.1.2/gems/factory_bot-6.4.6/lib/factory_bot/strategy/create.rb:12:in `block in result'[0m
      [36m# /home/ec2-user/.rvm/gems/ruby-3.1.2/gems/factory_bot-6.4.6/lib/factory_bot/strategy/create.rb:9:in `result'[0m
      [36m# /home/ec2-user/.rvm/gems/ruby-3.1.2/gems/factory_bot-6.4.6/lib/factory_bot/factory.rb:43:in `run'[0m
      [36m# /home/ec2-user/.rvm/gems/ruby-3.1.2/gems/factory_bot-6.4.6/lib/factory_bot/factory_runner.rb:29:in `block in run'[0m
      [36m# /home/ec2-user/.rvm/gems/ruby-3.1.2/gems/factory_bot-6.4.6/lib/factory_bot/factory_runner.rb:28:in `run'[0m
      [36m# /home/ec2-user/.rvm/gems/ruby-3.1.2/gems/factory_bot-6.4.6/lib/factory_bot/strategy_syntax_method_registrar.rb:28:in `block in define_singular_strategy_method'[0m
      [36m# ./spec/system/02_after_login_spec.rb:6:in `block (2 levels) in <main>'[0m

  68) [STEP2] ユーザログイン後のテスト ユーザ一覧画面のテスト 表示内容の確認 自分と他人の名前がそれぞれ表示される
      [31mFailure/Error: let!(:book) { create(:book, user: user) }[0m
      [31m[0m
      [31mNoMethodError:[0m
      [31m  undefined method `book_name' for #<Book id: nil, title: "lyjus", body: "o54ejt3rd45kwfuoxfb0", user_id: 1, created_at: nil, updated_at: nil>[0m
      [36m# /home/ec2-user/.rvm/gems/ruby-3.1.2/gems/factory_bot-6.4.6/lib/factory_bot/evaluation.rb:15:in `create'[0m
      [36m# /home/ec2-user/.rvm/gems/ruby-3.1.2/gems/factory_bot-6.4.6/lib/factory_bot/strategy/create.rb:12:in `block in result'[0m
      [36m# /home/ec2-user/.rvm/gems/ruby-3.1.2/gems/factory_bot-6.4.6/lib/factory_bot/strategy/create.rb:9:in `result'[0m
      [36m# /home/ec2-user/.rvm/gems/ruby-3.1.2/gems/factory_bot-6.4.6/lib/factory_bot/factory.rb:43:in `run'[0m
      [36m# /home/ec2-user/.rvm/gems/ruby-3.1.2/gems/factory_bot-6.4.6/lib/factory_bot/factory_runner.rb:29:in `block in run'[0m
      [36m# /home/ec2-user/.rvm/gems/ruby-3.1.2/gems/factory_bot-6.4.6/lib/factory_bot/factory_runner.rb:28:in `run'[0m
      [36m# /home/ec2-user/.rvm/gems/ruby-3.1.2/gems/factory_bot-6.4.6/lib/factory_bot/strategy_syntax_method_registrar.rb:28:in `block in define_singular_strategy_method'[0m
      [36m# ./spec/system/02_after_login_spec.rb:6:in `block (2 levels) in <main>'[0m

  69) [STEP2] ユーザログイン後のテスト ユーザ一覧画面のテスト 表示内容の確認 自分と他人のshowリンクがそれぞれ表示される
      [31mFailure/Error: let!(:book) { create(:book, user: user) }[0m
      [31m[0m
      [31mNoMethodError:[0m
      [31m  undefined method `book_name' for #<Book id: nil, title: "htiqw", body: "13swtx1oj3mcrlidhzxy", user_id: 1, created_at: nil, updated_at: nil>[0m
      [36m# /home/ec2-user/.rvm/gems/ruby-3.1.2/gems/factory_bot-6.4.6/lib/factory_bot/evaluation.rb:15:in `create'[0m
      [36m# /home/ec2-user/.rvm/gems/ruby-3.1.2/gems/factory_bot-6.4.6/lib/factory_bot/strategy/create.rb:12:in `block in result'[0m
      [36m# /home/ec2-user/.rvm/gems/ruby-3.1.2/gems/factory_bot-6.4.6/lib/factory_bot/strategy/create.rb:9:in `result'[0m
      [36m# /home/ec2-user/.rvm/gems/ruby-3.1.2/gems/factory_bot-6.4.6/lib/factory_bot/factory.rb:43:in `run'[0m
      [36m# /home/ec2-user/.rvm/gems/ruby-3.1.2/gems/factory_bot-6.4.6/lib/factory_bot/factory_runner.rb:29:in `block in run'[0m
      [36m# /home/ec2-user/.rvm/gems/ruby-3.1.2/gems/factory_bot-6.4.6/lib/factory_bot/factory_runner.rb:28:in `run'[0m
      [36m# /home/ec2-user/.rvm/gems/ruby-3.1.2/gems/factory_bot-6.4.6/lib/factory_bot/strategy_syntax_method_registrar.rb:28:in `block in define_singular_strategy_method'[0m
      [36m# ./spec/system/02_after_login_spec.rb:6:in `block (2 levels) in <main>'[0m

  70) [STEP2] ユーザログイン後のテスト ユーザ一覧画面のテスト サイドバーの確認 自分の名前と紹介文が表示される
      [31mFailure/Error: let!(:book) { create(:book, user: user) }[0m
      [31m[0m
      [31mNoMethodError:[0m
      [31m  undefined method `book_name' for #<Book id: nil, title: "21r9h", body: "4x42jka2gu4iha5xne7g", user_id: 1, created_at: nil, updated_at: nil>[0m
      [36m# /home/ec2-user/.rvm/gems/ruby-3.1.2/gems/factory_bot-6.4.6/lib/factory_bot/evaluation.rb:15:in `create'[0m
      [36m# /home/ec2-user/.rvm/gems/ruby-3.1.2/gems/factory_bot-6.4.6/lib/factory_bot/strategy/create.rb:12:in `block in result'[0m
      [36m# /home/ec2-user/.rvm/gems/ruby-3.1.2/gems/factory_bot-6.4.6/lib/factory_bot/strategy/create.rb:9:in `result'[0m
      [36m# /home/ec2-user/.rvm/gems/ruby-3.1.2/gems/factory_bot-6.4.6/lib/factory_bot/factory.rb:43:in `run'[0m
      [36m# /home/ec2-user/.rvm/gems/ruby-3.1.2/gems/factory_bot-6.4.6/lib/factory_bot/factory_runner.rb:29:in `block in run'[0m
      [36m# /home/ec2-user/.rvm/gems/ruby-3.1.2/gems/factory_bot-6.4.6/lib/factory_bot/factory_runner.rb:28:in `run'[0m
      [36m# /home/ec2-user/.rvm/gems/ruby-3.1.2/gems/factory_bot-6.4.6/lib/factory_bot/strategy_syntax_method_registrar.rb:28:in `block in define_singular_strategy_method'[0m
      [36m# ./spec/system/02_after_login_spec.rb:6:in `block (2 levels) in <main>'[0m

  71) [STEP2] ユーザログイン後のテスト ユーザ一覧画面のテスト サイドバーの確認 自分のユーザ編集画面へのリンクが存在する
      [31mFailure/Error: let!(:book) { create(:book, user: user) }[0m
      [31m[0m
      [31mNoMethodError:[0m
      [31m  undefined method `book_name' for #<Book id: nil, title: "aerlk", body: "c5cp0v7bnlozh0d7nhj5", user_id: 1, created_at: nil, updated_at: nil>[0m
      [36m# /home/ec2-user/.rvm/gems/ruby-3.1.2/gems/factory_bot-6.4.6/lib/factory_bot/evaluation.rb:15:in `create'[0m
      [36m# /home/ec2-user/.rvm/gems/ruby-3.1.2/gems/factory_bot-6.4.6/lib/factory_bot/strategy/create.rb:12:in `block in result'[0m
      [36m# /home/ec2-user/.rvm/gems/ruby-3.1.2/gems/factory_bot-6.4.6/lib/factory_bot/strategy/create.rb:9:in `result'[0m
      [36m# /home/ec2-user/.rvm/gems/ruby-3.1.2/gems/factory_bot-6.4.6/lib/factory_bot/factory.rb:43:in `run'[0m
      [36m# /home/ec2-user/.rvm/gems/ruby-3.1.2/gems/factory_bot-6.4.6/lib/factory_bot/factory_runner.rb:29:in `block in run'[0m
      [36m# /home/ec2-user/.rvm/gems/ruby-3.1.2/gems/factory_bot-6.4.6/lib/factory_bot/factory_runner.rb:28:in `run'[0m
      [36m# /home/ec2-user/.rvm/gems/ruby-3.1.2/gems/factory_bot-6.4.6/lib/factory_bot/strategy_syntax_method_registrar.rb:28:in `block in define_singular_strategy_method'[0m
      [36m# ./spec/system/02_after_login_spec.rb:6:in `block (2 levels) in <main>'[0m

  72) [STEP2] ユーザログイン後のテスト ユーザ一覧画面のテスト サイドバーの確認 「New book」と表示される
      [31mFailure/Error: let!(:book) { create(:book, user: user) }[0m
      [31m[0m
      [31mNoMethodError:[0m
      [31m  undefined method `book_name' for #<Book id: nil, title: "ia6dw", body: "y1hagoxrgf7b06rmnadd", user_id: 1, created_at: nil, updated_at: nil>[0m
      [36m# /home/ec2-user/.rvm/gems/ruby-3.1.2/gems/factory_bot-6.4.6/lib/factory_bot/evaluation.rb:15:in `create'[0m
      [36m# /home/ec2-user/.rvm/gems/ruby-3.1.2/gems/factory_bot-6.4.6/lib/factory_bot/strategy/create.rb:12:in `block in result'[0m
      [36m# /home/ec2-user/.rvm/gems/ruby-3.1.2/gems/factory_bot-6.4.6/lib/factory_bot/strategy/create.rb:9:in `result'[0m
      [36m# /home/ec2-user/.rvm/gems/ruby-3.1.2/gems/factory_bot-6.4.6/lib/factory_bot/factory.rb:43:in `run'[0m
      [36m# /home/ec2-user/.rvm/gems/ruby-3.1.2/gems/factory_bot-6.4.6/lib/factory_bot/factory_runner.rb:29:in `block in run'[0m
      [36m# /home/ec2-user/.rvm/gems/ruby-3.1.2/gems/factory_bot-6.4.6/lib/factory_bot/factory_runner.rb:28:in `run'[0m
      [36m# /home/ec2-user/.rvm/gems/ruby-3.1.2/gems/factory_bot-6.4.6/lib/factory_bot/strategy_syntax_method_registrar.rb:28:in `block in define_singular_strategy_method'[0m
      [36m# ./spec/system/02_after_login_spec.rb:6:in `block (2 levels) in <main>'[0m

  73) [STEP2] ユーザログイン後のテスト ユーザ一覧画面のテスト サイドバーの確認 titleフォームが表示される
      [31mFailure/Error: let!(:book) { create(:book, user: user) }[0m
      [31m[0m
      [31mNoMethodError:[0m
      [31m  undefined method `book_name' for #<Book id: nil, title: "9wbcv", body: "beetj95d0i0b0pxkmbay", user_id: 1, created_at: nil, updated_at: nil>[0m
      [36m# /home/ec2-user/.rvm/gems/ruby-3.1.2/gems/factory_bot-6.4.6/lib/factory_bot/evaluation.rb:15:in `create'[0m
      [36m# /home/ec2-user/.rvm/gems/ruby-3.1.2/gems/factory_bot-6.4.6/lib/factory_bot/strategy/create.rb:12:in `block in result'[0m
      [36m# /home/ec2-user/.rvm/gems/ruby-3.1.2/gems/factory_bot-6.4.6/lib/factory_bot/strategy/create.rb:9:in `result'[0m
      [36m# /home/ec2-user/.rvm/gems/ruby-3.1.2/gems/factory_bot-6.4.6/lib/factory_bot/factory.rb:43:in `run'[0m
      [36m# /home/ec2-user/.rvm/gems/ruby-3.1.2/gems/factory_bot-6.4.6/lib/factory_bot/factory_runner.rb:29:in `block in run'[0m
      [36m# /home/ec2-user/.rvm/gems/ruby-3.1.2/gems/factory_bot-6.4.6/lib/factory_bot/factory_runner.rb:28:in `run'[0m
      [36m# /home/ec2-user/.rvm/gems/ruby-3.1.2/gems/factory_bot-6.4.6/lib/factory_bot/strategy_syntax_method_registrar.rb:28:in `block in define_singular_strategy_method'[0m
      [36m# ./spec/system/02_after_login_spec.rb:6:in `block (2 levels) in <main>'[0m

  74) [STEP2] ユーザログイン後のテスト ユーザ一覧画面のテスト サイドバーの確認 titleフォームに値が入っていない
      [31mFailure/Error: let!(:book) { create(:book, user: user) }[0m
      [31m[0m
      [31mNoMethodError:[0m
      [31m  undefined method `book_name' for #<Book id: nil, title: "2bhkh", body: "q1gso59uuzbmqhy2sp8w", user_id: 1, created_at: nil, updated_at: nil>[0m
      [36m# /home/ec2-user/.rvm/gems/ruby-3.1.2/gems/factory_bot-6.4.6/lib/factory_bot/evaluation.rb:15:in `create'[0m
      [36m# /home/ec2-user/.rvm/gems/ruby-3.1.2/gems/factory_bot-6.4.6/lib/factory_bot/strategy/create.rb:12:in `block in result'[0m
      [36m# /home/ec2-user/.rvm/gems/ruby-3.1.2/gems/factory_bot-6.4.6/lib/factory_bot/strategy/create.rb:9:in `result'[0m
      [36m# /home/ec2-user/.rvm/gems/ruby-3.1.2/gems/factory_bot-6.4.6/lib/factory_bot/factory.rb:43:in `run'[0m
      [36m# /home/ec2-user/.rvm/gems/ruby-3.1.2/gems/factory_bot-6.4.6/lib/factory_bot/factory_runner.rb:29:in `block in run'[0m
      [36m# /home/ec2-user/.rvm/gems/ruby-3.1.2/gems/factory_bot-6.4.6/lib/factory_bot/factory_runner.rb:28:in `run'[0m
      [36m# /home/ec2-user/.rvm/gems/ruby-3.1.2/gems/factory_bot-6.4.6/lib/factory_bot/strategy_syntax_method_registrar.rb:28:in `block in define_singular_strategy_method'[0m
      [36m# ./spec/system/02_after_login_spec.rb:6:in `block (2 levels) in <main>'[0m

  75) [STEP2] ユーザログイン後のテスト ユーザ一覧画面のテスト サイドバーの確認 bodyフォームが表示される
      [31mFailure/Error: let!(:book) { create(:book, user: user) }[0m
      [31m[0m
      [31mNoMethodError:[0m
      [31m  undefined method `book_name' for #<Book id: nil, title: "9uosq", body: "5gs81togev4iyqqzj8ze", user_id: 1, created_at: nil, updated_at: nil>[0m
      [36m# /home/ec2-user/.rvm/gems/ruby-3.1.2/gems/factory_bot-6.4.6/lib/factory_bot/evaluation.rb:15:in `create'[0m
      [36m# /home/ec2-user/.rvm/gems/ruby-3.1.2/gems/factory_bot-6.4.6/lib/factory_bot/strategy/create.rb:12:in `block in result'[0m
      [36m# /home/ec2-user/.rvm/gems/ruby-3.1.2/gems/factory_bot-6.4.6/lib/factory_bot/strategy/create.rb:9:in `result'[0m
      [36m# /home/ec2-user/.rvm/gems/ruby-3.1.2/gems/factory_bot-6.4.6/lib/factory_bot/factory.rb:43:in `run'[0m
      [36m# /home/ec2-user/.rvm/gems/ruby-3.1.2/gems/factory_bot-6.4.6/lib/factory_bot/factory_runner.rb:29:in `block in run'[0m
      [36m# /home/ec2-user/.rvm/gems/ruby-3.1.2/gems/factory_bot-6.4.6/lib/factory_bot/factory_runner.rb:28:in `run'[0m
      [36m# /home/ec2-user/.rvm/gems/ruby-3.1.2/gems/factory_bot-6.4.6/lib/factory_bot/strategy_syntax_method_registrar.rb:28:in `block in define_singular_strategy_method'[0m
      [36m# ./spec/system/02_after_login_spec.rb:6:in `block (2 levels) in <main>'[0m

  76) [STEP2] ユーザログイン後のテスト ユーザ一覧画面のテスト サイドバーの確認 bodyフォームに値が入っていない
      [31mFailure/Error: let!(:book) { create(:book, user: user) }[0m
      [31m[0m
      [31mNoMethodError:[0m
      [31m  undefined method `book_name' for #<Book id: nil, title: "wbef6", body: "2uphnqfheo4ij0k7wu1d", user_id: 1, created_at: nil, updated_at: nil>[0m
      [36m# /home/ec2-user/.rvm/gems/ruby-3.1.2/gems/factory_bot-6.4.6/lib/factory_bot/evaluation.rb:15:in `create'[0m
      [36m# /home/ec2-user/.rvm/gems/ruby-3.1.2/gems/factory_bot-6.4.6/lib/factory_bot/strategy/create.rb:12:in `block in result'[0m
      [36m# /home/ec2-user/.rvm/gems/ruby-3.1.2/gems/factory_bot-6.4.6/lib/factory_bot/strategy/create.rb:9:in `result'[0m
      [36m# /home/ec2-user/.rvm/gems/ruby-3.1.2/gems/factory_bot-6.4.6/lib/factory_bot/factory.rb:43:in `run'[0m
      [36m# /home/ec2-user/.rvm/gems/ruby-3.1.2/gems/factory_bot-6.4.6/lib/factory_bot/factory_runner.rb:29:in `block in run'[0m
      [36m# /home/ec2-user/.rvm/gems/ruby-3.1.2/gems/factory_bot-6.4.6/lib/factory_bot/factory_runner.rb:28:in `run'[0m
      [36m# /home/ec2-user/.rvm/gems/ruby-3.1.2/gems/factory_bot-6.4.6/lib/factory_bot/strategy_syntax_method_registrar.rb:28:in `block in define_singular_strategy_method'[0m
      [36m# ./spec/system/02_after_login_spec.rb:6:in `block (2 levels) in <main>'[0m

  77) [STEP2] ユーザログイン後のテスト ユーザ一覧画面のテスト サイドバーの確認 Create Bookボタンが表示される
      [31mFailure/Error: let!(:book) { create(:book, user: user) }[0m
      [31m[0m
      [31mNoMethodError:[0m
      [31m  undefined method `book_name' for #<Book id: nil, title: "qqrik", body: "2scusurwpzcxhngmgl1k", user_id: 1, created_at: nil, updated_at: nil>[0m
      [36m# /home/ec2-user/.rvm/gems/ruby-3.1.2/gems/factory_bot-6.4.6/lib/factory_bot/evaluation.rb:15:in `create'[0m
      [36m# /home/ec2-user/.rvm/gems/ruby-3.1.2/gems/factory_bot-6.4.6/lib/factory_bot/strategy/create.rb:12:in `block in result'[0m
      [36m# /home/ec2-user/.rvm/gems/ruby-3.1.2/gems/factory_bot-6.4.6/lib/factory_bot/strategy/create.rb:9:in `result'[0m
      [36m# /home/ec2-user/.rvm/gems/ruby-3.1.2/gems/factory_bot-6.4.6/lib/factory_bot/factory.rb:43:in `run'[0m
      [36m# /home/ec2-user/.rvm/gems/ruby-3.1.2/gems/factory_bot-6.4.6/lib/factory_bot/factory_runner.rb:29:in `block in run'[0m
      [36m# /home/ec2-user/.rvm/gems/ruby-3.1.2/gems/factory_bot-6.4.6/lib/factory_bot/factory_runner.rb:28:in `run'[0m
      [36m# /home/ec2-user/.rvm/gems/ruby-3.1.2/gems/factory_bot-6.4.6/lib/factory_bot/strategy_syntax_method_registrar.rb:28:in `block in define_singular_strategy_method'[0m
      [36m# ./spec/system/02_after_login_spec.rb:6:in `block (2 levels) in <main>'[0m

  78) [STEP2] ユーザログイン後のテスト 自分のユーザ詳細画面のテスト 表示の確認 URLが正しい
      [31mFailure/Error: let!(:book) { create(:book, user: user) }[0m
      [31m[0m
      [31mNoMethodError:[0m
      [31m  undefined method `book_name' for #<Book id: nil, title: "uu6qq", body: "ccrlfxaocknrzwvtnv72", user_id: 1, created_at: nil, updated_at: nil>[0m
      [36m# /home/ec2-user/.rvm/gems/ruby-3.1.2/gems/factory_bot-6.4.6/lib/factory_bot/evaluation.rb:15:in `create'[0m
      [36m# /home/ec2-user/.rvm/gems/ruby-3.1.2/gems/factory_bot-6.4.6/lib/factory_bot/strategy/create.rb:12:in `block in result'[0m
      [36m# /home/ec2-user/.rvm/gems/ruby-3.1.2/gems/factory_bot-6.4.6/lib/factory_bot/strategy/create.rb:9:in `result'[0m
      [36m# /home/ec2-user/.rvm/gems/ruby-3.1.2/gems/factory_bot-6.4.6/lib/factory_bot/factory.rb:43:in `run'[0m
      [36m# /home/ec2-user/.rvm/gems/ruby-3.1.2/gems/factory_bot-6.4.6/lib/factory_bot/factory_runner.rb:29:in `block in run'[0m
      [36m# /home/ec2-user/.rvm/gems/ruby-3.1.2/gems/factory_bot-6.4.6/lib/factory_bot/factory_runner.rb:28:in `run'[0m
      [36m# /home/ec2-user/.rvm/gems/ruby-3.1.2/gems/factory_bot-6.4.6/lib/factory_bot/strategy_syntax_method_registrar.rb:28:in `block in define_singular_strategy_method'[0m
      [36m# ./spec/system/02_after_login_spec.rb:6:in `block (2 levels) in <main>'[0m

  79) [STEP2] ユーザログイン後のテスト 自分のユーザ詳細画面のテスト 表示の確認 投稿一覧のユーザ画像のリンク先が正しい
      [31mFailure/Error: let!(:book) { create(:book, user: user) }[0m
      [31m[0m
      [31mNoMethodError:[0m
      [31m  undefined method `book_name' for #<Book id: nil, title: "m0a10", body: "jq5v6adle06m55qvio5y", user_id: 1, created_at: nil, updated_at: nil>[0m
      [36m# /home/ec2-user/.rvm/gems/ruby-3.1.2/gems/factory_bot-6.4.6/lib/factory_bot/evaluation.rb:15:in `create'[0m
      [36m# /home/ec2-user/.rvm/gems/ruby-3.1.2/gems/factory_bot-6.4.6/lib/factory_bot/strategy/create.rb:12:in `block in result'[0m
      [36m# /home/ec2-user/.rvm/gems/ruby-3.1.2/gems/factory_bot-6.4.6/lib/factory_bot/strategy/create.rb:9:in `result'[0m
      [36m# /home/ec2-user/.rvm/gems/ruby-3.1.2/gems/factory_bot-6.4.6/lib/factory_bot/factory.rb:43:in `run'[0m
      [36m# /home/ec2-user/.rvm/gems/ruby-3.1.2/gems/factory_bot-6.4.6/lib/factory_bot/factory_runner.rb:29:in `block in run'[0m
      [36m# /home/ec2-user/.rvm/gems/ruby-3.1.2/gems/factory_bot-6.4.6/lib/factory_bot/factory_runner.rb:28:in `run'[0m
      [36m# /home/ec2-user/.rvm/gems/ruby-3.1.2/gems/factory_bot-6.4.6/lib/factory_bot/strategy_syntax_method_registrar.rb:28:in `block in define_singular_strategy_method'[0m
      [36m# ./spec/system/02_after_login_spec.rb:6:in `block (2 levels) in <main>'[0m

  80) [STEP2] ユーザログイン後のテスト 自分のユーザ詳細画面のテスト 表示の確認 投稿一覧に自分の投稿のtitleが表示され、リンクが正しい
      [31mFailure/Error: let!(:book) { create(:book, user: user) }[0m
      [31m[0m
      [31mNoMethodError:[0m
      [31m  undefined method `book_name' for #<Book id: nil, title: "ae69h", body: "pxoljji3apsiwj5clcr8", user_id: 1, created_at: nil, updated_at: nil>[0m
      [36m# /home/ec2-user/.rvm/gems/ruby-3.1.2/gems/factory_bot-6.4.6/lib/factory_bot/evaluation.rb:15:in `create'[0m
      [36m# /home/ec2-user/.rvm/gems/ruby-3.1.2/gems/factory_bot-6.4.6/lib/factory_bot/strategy/create.rb:12:in `block in result'[0m
      [36m# /home/ec2-user/.rvm/gems/ruby-3.1.2/gems/factory_bot-6.4.6/lib/factory_bot/strategy/create.rb:9:in `result'[0m
      [36m# /home/ec2-user/.rvm/gems/ruby-3.1.2/gems/factory_bot-6.4.6/lib/factory_bot/factory.rb:43:in `run'[0m
      [36m# /home/ec2-user/.rvm/gems/ruby-3.1.2/gems/factory_bot-6.4.6/lib/factory_bot/factory_runner.rb:29:in `block in run'[0m
      [36m# /home/ec2-user/.rvm/gems/ruby-3.1.2/gems/factory_bot-6.4.6/lib/factory_bot/factory_runner.rb:28:in `run'[0m
      [36m# /home/ec2-user/.rvm/gems/ruby-3.1.2/gems/factory_bot-6.4.6/lib/factory_bot/strategy_syntax_method_registrar.rb:28:in `block in define_singular_strategy_method'[0m
      [36m# ./spec/system/02_after_login_spec.rb:6:in `block (2 levels) in <main>'[0m

  81) [STEP2] ユーザログイン後のテスト 自分のユーザ詳細画面のテスト 表示の確認 投稿一覧に自分の投稿のbodyが表示される
      [31mFailure/Error: let!(:book) { create(:book, user: user) }[0m
      [31m[0m
      [31mNoMethodError:[0m
      [31m  undefined method `book_name' for #<Book id: nil, title: "xptir", body: "mrbrjw8xow41t9zwu2a2", user_id: 1, created_at: nil, updated_at: nil>[0m
      [36m# /home/ec2-user/.rvm/gems/ruby-3.1.2/gems/factory_bot-6.4.6/lib/factory_bot/evaluation.rb:15:in `create'[0m
      [36m# /home/ec2-user/.rvm/gems/ruby-3.1.2/gems/factory_bot-6.4.6/lib/factory_bot/strategy/create.rb:12:in `block in result'[0m
      [36m# /home/ec2-user/.rvm/gems/ruby-3.1.2/gems/factory_bot-6.4.6/lib/factory_bot/strategy/create.rb:9:in `result'[0m
      [36m# /home/ec2-user/.rvm/gems/ruby-3.1.2/gems/factory_bot-6.4.6/lib/factory_bot/factory.rb:43:in `run'[0m
      [36m# /home/ec2-user/.rvm/gems/ruby-3.1.2/gems/factory_bot-6.4.6/lib/factory_bot/factory_runner.rb:29:in `block in run'[0m
      [36m# /home/ec2-user/.rvm/gems/ruby-3.1.2/gems/factory_bot-6.4.6/lib/factory_bot/factory_runner.rb:28:in `run'[0m
      [36m# /home/ec2-user/.rvm/gems/ruby-3.1.2/gems/factory_bot-6.4.6/lib/factory_bot/strategy_syntax_method_registrar.rb:28:in `block in define_singular_strategy_method'[0m
      [36m# ./spec/system/02_after_login_spec.rb:6:in `block (2 levels) in <main>'[0m

  82) [STEP2] ユーザログイン後のテスト 自分のユーザ詳細画面のテスト 表示の確認 他人の投稿は表示されない
      [31mFailure/Error: let!(:book) { create(:book, user: user) }[0m
      [31m[0m
      [31mNoMethodError:[0m
      [31m  undefined method `book_name' for #<Book id: nil, title: "8j0cx", body: "fnz4zc49fnnhdqeajijo", user_id: 1, created_at: nil, updated_at: nil>[0m
      [36m# /home/ec2-user/.rvm/gems/ruby-3.1.2/gems/factory_bot-6.4.6/lib/factory_bot/evaluation.rb:15:in `create'[0m
      [36m# /home/ec2-user/.rvm/gems/ruby-3.1.2/gems/factory_bot-6.4.6/lib/factory_bot/strategy/create.rb:12:in `block in result'[0m
      [36m# /home/ec2-user/.rvm/gems/ruby-3.1.2/gems/factory_bot-6.4.6/lib/factory_bot/strategy/create.rb:9:in `result'[0m
      [36m# /home/ec2-user/.rvm/gems/ruby-3.1.2/gems/factory_bot-6.4.6/lib/factory_bot/factory.rb:43:in `run'[0m
      [36m# /home/ec2-user/.rvm/gems/ruby-3.1.2/gems/factory_bot-6.4.6/lib/factory_bot/factory_runner.rb:29:in `block in run'[0m
      [36m# /home/ec2-user/.rvm/gems/ruby-3.1.2/gems/factory_bot-6.4.6/lib/factory_bot/factory_runner.rb:28:in `run'[0m
      [36m# /home/ec2-user/.rvm/gems/ruby-3.1.2/gems/factory_bot-6.4.6/lib/factory_bot/strategy_syntax_method_registrar.rb:28:in `block in define_singular_strategy_method'[0m
      [36m# ./spec/system/02_after_login_spec.rb:6:in `block (2 levels) in <main>'[0m

  83) [STEP2] ユーザログイン後のテスト 自分のユーザ詳細画面のテスト サイドバーの確認 自分の名前と紹介文が表示される
      [31mFailure/Error: let!(:book) { create(:book, user: user) }[0m
      [31m[0m
      [31mNoMethodError:[0m
      [31m  undefined method `book_name' for #<Book id: nil, title: "lezac", body: "xk9ox81fvhj43lcsxi6j", user_id: 1, created_at: nil, updated_at: nil>[0m
      [36m# /home/ec2-user/.rvm/gems/ruby-3.1.2/gems/factory_bot-6.4.6/lib/factory_bot/evaluation.rb:15:in `create'[0m
      [36m# /home/ec2-user/.rvm/gems/ruby-3.1.2/gems/factory_bot-6.4.6/lib/factory_bot/strategy/create.rb:12:in `block in result'[0m
      [36m# /home/ec2-user/.rvm/gems/ruby-3.1.2/gems/factory_bot-6.4.6/lib/factory_bot/strategy/create.rb:9:in `result'[0m
      [36m# /home/ec2-user/.rvm/gems/ruby-3.1.2/gems/factory_bot-6.4.6/lib/factory_bot/factory.rb:43:in `run'[0m
      [36m# /home/ec2-user/.rvm/gems/ruby-3.1.2/gems/factory_bot-6.4.6/lib/factory_bot/factory_runner.rb:29:in `block in run'[0m
      [36m# /home/ec2-user/.rvm/gems/ruby-3.1.2/gems/factory_bot-6.4.6/lib/factory_bot/factory_runner.rb:28:in `run'[0m
      [36m# /home/ec2-user/.rvm/gems/ruby-3.1.2/gems/factory_bot-6.4.6/lib/factory_bot/strategy_syntax_method_registrar.rb:28:in `block in define_singular_strategy_method'[0m
      [36m# ./spec/system/02_after_login_spec.rb:6:in `block (2 levels) in <main>'[0m

  84) [STEP2] ユーザログイン後のテスト 自分のユーザ詳細画面のテスト サイドバーの確認 自分のユーザ編集画面へのリンクが存在する
      [31mFailure/Error: let!(:book) { create(:book, user: user) }[0m
      [31m[0m
      [31mNoMethodError:[0m
      [31m  undefined method `book_name' for #<Book id: nil, title: "qbk5v", body: "uv1pyc8rokv88jqf9ie7", user_id: 1, created_at: nil, updated_at: nil>[0m
      [36m# /home/ec2-user/.rvm/gems/ruby-3.1.2/gems/factory_bot-6.4.6/lib/factory_bot/evaluation.rb:15:in `create'[0m
      [36m# /home/ec2-user/.rvm/gems/ruby-3.1.2/gems/factory_bot-6.4.6/lib/factory_bot/strategy/create.rb:12:in `block in result'[0m
      [36m# /home/ec2-user/.rvm/gems/ruby-3.1.2/gems/factory_bot-6.4.6/lib/factory_bot/strategy/create.rb:9:in `result'[0m
      [36m# /home/ec2-user/.rvm/gems/ruby-3.1.2/gems/factory_bot-6.4.6/lib/factory_bot/factory.rb:43:in `run'[0m
      [36m# /home/ec2-user/.rvm/gems/ruby-3.1.2/gems/factory_bot-6.4.6/lib/factory_bot/factory_runner.rb:29:in `block in run'[0m
      [36m# /home/ec2-user/.rvm/gems/ruby-3.1.2/gems/factory_bot-6.4.6/lib/factory_bot/factory_runner.rb:28:in `run'[0m
      [36m# /home/ec2-user/.rvm/gems/ruby-3.1.2/gems/factory_bot-6.4.6/lib/factory_bot/strategy_syntax_method_registrar.rb:28:in `block in define_singular_strategy_method'[0m
      [36m# ./spec/system/02_after_login_spec.rb:6:in `block (2 levels) in <main>'[0m

  85) [STEP2] ユーザログイン後のテスト 自分のユーザ詳細画面のテスト サイドバーの確認 「New book」と表示される
      [31mFailure/Error: let!(:book) { create(:book, user: user) }[0m
      [31m[0m
      [31mNoMethodError:[0m
      [31m  undefined method `book_name' for #<Book id: nil, title: "wbtu1", body: "wsq7dwckiqhua9pdh932", user_id: 1, created_at: nil, updated_at: nil>[0m
      [36m# /home/ec2-user/.rvm/gems/ruby-3.1.2/gems/factory_bot-6.4.6/lib/factory_bot/evaluation.rb:15:in `create'[0m
      [36m# /home/ec2-user/.rvm/gems/ruby-3.1.2/gems/factory_bot-6.4.6/lib/factory_bot/strategy/create.rb:12:in `block in result'[0m
      [36m# /home/ec2-user/.rvm/gems/ruby-3.1.2/gems/factory_bot-6.4.6/lib/factory_bot/strategy/create.rb:9:in `result'[0m
      [36m# /home/ec2-user/.rvm/gems/ruby-3.1.2/gems/factory_bot-6.4.6/lib/factory_bot/factory.rb:43:in `run'[0m
      [36m# /home/ec2-user/.rvm/gems/ruby-3.1.2/gems/factory_bot-6.4.6/lib/factory_bot/factory_runner.rb:29:in `block in run'[0m
      [36m# /home/ec2-user/.rvm/gems/ruby-3.1.2/gems/factory_bot-6.4.6/lib/factory_bot/factory_runner.rb:28:in `run'[0m
      [36m# /home/ec2-user/.rvm/gems/ruby-3.1.2/gems/factory_bot-6.4.6/lib/factory_bot/strategy_syntax_method_registrar.rb:28:in `block in define_singular_strategy_method'[0m
      [36m# ./spec/system/02_after_login_spec.rb:6:in `block (2 levels) in <main>'[0m

  86) [STEP2] ユーザログイン後のテスト 自分のユーザ詳細画面のテスト サイドバーの確認 titleフォームが表示される
      [31mFailure/Error: let!(:book) { create(:book, user: user) }[0m
      [31m[0m
      [31mNoMethodError:[0m
      [31m  undefined method `book_name' for #<Book id: nil, title: "sfbxn", body: "s6gyo0cw7kdj5pzn037v", user_id: 1, created_at: nil, updated_at: nil>[0m
      [36m# /home/ec2-user/.rvm/gems/ruby-3.1.2/gems/factory_bot-6.4.6/lib/factory_bot/evaluation.rb:15:in `create'[0m
      [36m# /home/ec2-user/.rvm/gems/ruby-3.1.2/gems/factory_bot-6.4.6/lib/factory_bot/strategy/create.rb:12:in `block in result'[0m
      [36m# /home/ec2-user/.rvm/gems/ruby-3.1.2/gems/factory_bot-6.4.6/lib/factory_bot/strategy/create.rb:9:in `result'[0m
      [36m# /home/ec2-user/.rvm/gems/ruby-3.1.2/gems/factory_bot-6.4.6/lib/factory_bot/factory.rb:43:in `run'[0m
      [36m# /home/ec2-user/.rvm/gems/ruby-3.1.2/gems/factory_bot-6.4.6/lib/factory_bot/factory_runner.rb:29:in `block in run'[0m
      [36m# /home/ec2-user/.rvm/gems/ruby-3.1.2/gems/factory_bot-6.4.6/lib/factory_bot/factory_runner.rb:28:in `run'[0m
      [36m# /home/ec2-user/.rvm/gems/ruby-3.1.2/gems/factory_bot-6.4.6/lib/factory_bot/strategy_syntax_method_registrar.rb:28:in `block in define_singular_strategy_method'[0m
      [36m# ./spec/system/02_after_login_spec.rb:6:in `block (2 levels) in <main>'[0m

  87) [STEP2] ユーザログイン後のテスト 自分のユーザ詳細画面のテスト サイドバーの確認 titleフォームに値が入っていない
      [31mFailure/Error: let!(:book) { create(:book, user: user) }[0m
      [31m[0m
      [31mNoMethodError:[0m
      [31m  undefined method `book_name' for #<Book id: nil, title: "s18cg", body: "c10xcamzvntz4rljswto", user_id: 1, created_at: nil, updated_at: nil>[0m
      [36m# /home/ec2-user/.rvm/gems/ruby-3.1.2/gems/factory_bot-6.4.6/lib/factory_bot/evaluation.rb:15:in `create'[0m
      [36m# /home/ec2-user/.rvm/gems/ruby-3.1.2/gems/factory_bot-6.4.6/lib/factory_bot/strategy/create.rb:12:in `block in result'[0m
      [36m# /home/ec2-user/.rvm/gems/ruby-3.1.2/gems/factory_bot-6.4.6/lib/factory_bot/strategy/create.rb:9:in `result'[0m
      [36m# /home/ec2-user/.rvm/gems/ruby-3.1.2/gems/factory_bot-6.4.6/lib/factory_bot/factory.rb:43:in `run'[0m
      [36m# /home/ec2-user/.rvm/gems/ruby-3.1.2/gems/factory_bot-6.4.6/lib/factory_bot/factory_runner.rb:29:in `block in run'[0m
      [36m# /home/ec2-user/.rvm/gems/ruby-3.1.2/gems/factory_bot-6.4.6/lib/factory_bot/factory_runner.rb:28:in `run'[0m
      [36m# /home/ec2-user/.rvm/gems/ruby-3.1.2/gems/factory_bot-6.4.6/lib/factory_bot/strategy_syntax_method_registrar.rb:28:in `block in define_singular_strategy_method'[0m
      [36m# ./spec/system/02_after_login_spec.rb:6:in `block (2 levels) in <main>'[0m

  88) [STEP2] ユーザログイン後のテスト 自分のユーザ詳細画面のテスト サイドバーの確認 bodyフォームが表示される
      [31mFailure/Error: let!(:book) { create(:book, user: user) }[0m
      [31m[0m
      [31mNoMethodError:[0m
      [31m  undefined method `book_name' for #<Book id: nil, title: "y7u21", body: "ubz8ityhdakzp9sp3fh6", user_id: 1, created_at: nil, updated_at: nil>[0m
      [36m# /home/ec2-user/.rvm/gems/ruby-3.1.2/gems/factory_bot-6.4.6/lib/factory_bot/evaluation.rb:15:in `create'[0m
      [36m# /home/ec2-user/.rvm/gems/ruby-3.1.2/gems/factory_bot-6.4.6/lib/factory_bot/strategy/create.rb:12:in `block in result'[0m
      [36m# /home/ec2-user/.rvm/gems/ruby-3.1.2/gems/factory_bot-6.4.6/lib/factory_bot/strategy/create.rb:9:in `result'[0m
      [36m# /home/ec2-user/.rvm/gems/ruby-3.1.2/gems/factory_bot-6.4.6/lib/factory_bot/factory.rb:43:in `run'[0m
      [36m# /home/ec2-user/.rvm/gems/ruby-3.1.2/gems/factory_bot-6.4.6/lib/factory_bot/factory_runner.rb:29:in `block in run'[0m
      [36m# /home/ec2-user/.rvm/gems/ruby-3.1.2/gems/factory_bot-6.4.6/lib/factory_bot/factory_runner.rb:28:in `run'[0m
      [36m# /home/ec2-user/.rvm/gems/ruby-3.1.2/gems/factory_bot-6.4.6/lib/factory_bot/strategy_syntax_method_registrar.rb:28:in `block in define_singular_strategy_method'[0m
      [36m# ./spec/system/02_after_login_spec.rb:6:in `block (2 levels) in <main>'[0m

  89) [STEP2] ユーザログイン後のテスト 自分のユーザ詳細画面のテスト サイドバーの確認 bodyフォームに値が入っていない
      [31mFailure/Error: let!(:book) { create(:book, user: user) }[0m
      [31m[0m
      [31mNoMethodError:[0m
      [31m  undefined method `book_name' for #<Book id: nil, title: "2b1f6", body: "lw14bha9wdun1kpklu0r", user_id: 1, created_at: nil, updated_at: nil>[0m
      [36m# /home/ec2-user/.rvm/gems/ruby-3.1.2/gems/factory_bot-6.4.6/lib/factory_bot/evaluation.rb:15:in `create'[0m
      [36m# /home/ec2-user/.rvm/gems/ruby-3.1.2/gems/factory_bot-6.4.6/lib/factory_bot/strategy/create.rb:12:in `block in result'[0m
      [36m# /home/ec2-user/.rvm/gems/ruby-3.1.2/gems/factory_bot-6.4.6/lib/factory_bot/strategy/create.rb:9:in `result'[0m
      [36m# /home/ec2-user/.rvm/gems/ruby-3.1.2/gems/factory_bot-6.4.6/lib/factory_bot/factory.rb:43:in `run'[0m
      [36m# /home/ec2-user/.rvm/gems/ruby-3.1.2/gems/factory_bot-6.4.6/lib/factory_bot/factory_runner.rb:29:in `block in run'[0m
      [36m# /home/ec2-user/.rvm/gems/ruby-3.1.2/gems/factory_bot-6.4.6/lib/factory_bot/factory_runner.rb:28:in `run'[0m
      [36m# /home/ec2-user/.rvm/gems/ruby-3.1.2/gems/factory_bot-6.4.6/lib/factory_bot/strategy_syntax_method_registrar.rb:28:in `block in define_singular_strategy_method'[0m
      [36m# ./spec/system/02_after_login_spec.rb:6:in `block (2 levels) in <main>'[0m

  90) [STEP2] ユーザログイン後のテスト 自分のユーザ詳細画面のテスト サイドバーの確認 Create Bookボタンが表示される
      [31mFailure/Error: let!(:book) { create(:book, user: user) }[0m
      [31m[0m
      [31mNoMethodError:[0m
      [31m  undefined method `book_name' for #<Book id: nil, title: "c6gyf", body: "9xqv8iotizjzr15qoxgf", user_id: 1, created_at: nil, updated_at: nil>[0m
      [36m# /home/ec2-user/.rvm/gems/ruby-3.1.2/gems/factory_bot-6.4.6/lib/factory_bot/evaluation.rb:15:in `create'[0m
      [36m# /home/ec2-user/.rvm/gems/ruby-3.1.2/gems/factory_bot-6.4.6/lib/factory_bot/strategy/create.rb:12:in `block in result'[0m
      [36m# /home/ec2-user/.rvm/gems/ruby-3.1.2/gems/factory_bot-6.4.6/lib/factory_bot/strategy/create.rb:9:in `result'[0m
      [36m# /home/ec2-user/.rvm/gems/ruby-3.1.2/gems/factory_bot-6.4.6/lib/factory_bot/factory.rb:43:in `run'[0m
      [36m# /home/ec2-user/.rvm/gems/ruby-3.1.2/gems/factory_bot-6.4.6/lib/factory_bot/factory_runner.rb:29:in `block in run'[0m
      [36m# /home/ec2-user/.rvm/gems/ruby-3.1.2/gems/factory_bot-6.4.6/lib/factory_bot/factory_runner.rb:28:in `run'[0m
      [36m# /home/ec2-user/.rvm/gems/ruby-3.1.2/gems/factory_bot-6.4.6/lib/factory_bot/strategy_syntax_method_registrar.rb:28:in `block in define_singular_strategy_method'[0m
      [36m# ./spec/system/02_after_login_spec.rb:6:in `block (2 levels) in <main>'[0m

  91) [STEP2] ユーザログイン後のテスト 自分のユーザ情報編集画面のテスト 表示の確認 URLが正しい
      [31mFailure/Error: let!(:book) { create(:book, user: user) }[0m
      [31m[0m
      [31mNoMethodError:[0m
      [31m  undefined method `book_name' for #<Book id: nil, title: "txscl", body: "9z6agjhou2319hblcp9e", user_id: 1, created_at: nil, updated_at: nil>[0m
      [36m# /home/ec2-user/.rvm/gems/ruby-3.1.2/gems/factory_bot-6.4.6/lib/factory_bot/evaluation.rb:15:in `create'[0m
      [36m# /home/ec2-user/.rvm/gems/ruby-3.1.2/gems/factory_bot-6.4.6/lib/factory_bot/strategy/create.rb:12:in `block in result'[0m
      [36m# /home/ec2-user/.rvm/gems/ruby-3.1.2/gems/factory_bot-6.4.6/lib/factory_bot/strategy/create.rb:9:in `result'[0m
      [36m# /home/ec2-user/.rvm/gems/ruby-3.1.2/gems/factory_bot-6.4.6/lib/factory_bot/factory.rb:43:in `run'[0m
      [36m# /home/ec2-user/.rvm/gems/ruby-3.1.2/gems/factory_bot-6.4.6/lib/factory_bot/factory_runner.rb:29:in `block in run'[0m
      [36m# /home/ec2-user/.rvm/gems/ruby-3.1.2/gems/factory_bot-6.4.6/lib/factory_bot/factory_runner.rb:28:in `run'[0m
      [36m# /home/ec2-user/.rvm/gems/ruby-3.1.2/gems/factory_bot-6.4.6/lib/factory_bot/strategy_syntax_method_registrar.rb:28:in `block in define_singular_strategy_method'[0m
      [36m# ./spec/system/02_after_login_spec.rb:6:in `block (2 levels) in <main>'[0m

  92) [STEP2] ユーザログイン後のテスト 自分のユーザ情報編集画面のテスト 表示の確認 名前編集フォームに自分の名前が表示される
      [31mFailure/Error: let!(:book) { create(:book, user: user) }[0m
      [31m[0m
      [31mNoMethodError:[0m
      [31m  undefined method `book_name' for #<Book id: nil, title: "53mxf", body: "4lszpbdjumzp5s6t5ill", user_id: 1, created_at: nil, updated_at: nil>[0m
      [36m# /home/ec2-user/.rvm/gems/ruby-3.1.2/gems/factory_bot-6.4.6/lib/factory_bot/evaluation.rb:15:in `create'[0m
      [36m# /home/ec2-user/.rvm/gems/ruby-3.1.2/gems/factory_bot-6.4.6/lib/factory_bot/strategy/create.rb:12:in `block in result'[0m
      [36m# /home/ec2-user/.rvm/gems/ruby-3.1.2/gems/factory_bot-6.4.6/lib/factory_bot/strategy/create.rb:9:in `result'[0m
      [36m# /home/ec2-user/.rvm/gems/ruby-3.1.2/gems/factory_bot-6.4.6/lib/factory_bot/factory.rb:43:in `run'[0m
      [36m# /home/ec2-user/.rvm/gems/ruby-3.1.2/gems/factory_bot-6.4.6/lib/factory_bot/factory_runner.rb:29:in `block in run'[0m
      [36m# /home/ec2-user/.rvm/gems/ruby-3.1.2/gems/factory_bot-6.4.6/lib/factory_bot/factory_runner.rb:28:in `run'[0m
      [36m# /home/ec2-user/.rvm/gems/ruby-3.1.2/gems/factory_bot-6.4.6/lib/factory_bot/strategy_syntax_method_registrar.rb:28:in `block in define_singular_strategy_method'[0m
      [36m# ./spec/system/02_after_login_spec.rb:6:in `block (2 levels) in <main>'[0m

  93) [STEP2] ユーザログイン後のテスト 自分のユーザ情報編集画面のテスト 表示の確認 画像編集フォームが表示される
      [31mFailure/Error: let!(:book) { create(:book, user: user) }[0m
      [31m[0m
      [31mNoMethodError:[0m
      [31m  undefined method `book_name' for #<Book id: nil, title: "dbgcw", body: "75naq0i15u6dn31ewusy", user_id: 1, created_at: nil, updated_at: nil>[0m
      [36m# /home/ec2-user/.rvm/gems/ruby-3.1.2/gems/factory_bot-6.4.6/lib/factory_bot/evaluation.rb:15:in `create'[0m
      [36m# /home/ec2-user/.rvm/gems/ruby-3.1.2/gems/factory_bot-6.4.6/lib/factory_bot/strategy/create.rb:12:in `block in result'[0m
      [36m# /home/ec2-user/.rvm/gems/ruby-3.1.2/gems/factory_bot-6.4.6/lib/factory_bot/strategy/create.rb:9:in `result'[0m
      [36m# /home/ec2-user/.rvm/gems/ruby-3.1.2/gems/factory_bot-6.4.6/lib/factory_bot/factory.rb:43:in `run'[0m
      [36m# /home/ec2-user/.rvm/gems/ruby-3.1.2/gems/factory_bot-6.4.6/lib/factory_bot/factory_runner.rb:29:in `block in run'[0m
      [36m# /home/ec2-user/.rvm/gems/ruby-3.1.2/gems/factory_bot-6.4.6/lib/factory_bot/factory_runner.rb:28:in `run'[0m
      [36m# /home/ec2-user/.rvm/gems/ruby-3.1.2/gems/factory_bot-6.4.6/lib/factory_bot/strategy_syntax_method_registrar.rb:28:in `block in define_singular_strategy_method'[0m
      [36m# ./spec/system/02_after_login_spec.rb:6:in `block (2 levels) in <main>'[0m

  94) [STEP2] ユーザログイン後のテスト 自分のユーザ情報編集画面のテスト 表示の確認 自己紹介編集フォームに自分の自己紹介文が表示される
      [31mFailure/Error: let!(:book) { create(:book, user: user) }[0m
      [31m[0m
      [31mNoMethodError:[0m
      [31m  undefined method `book_name' for #<Book id: nil, title: "3nqg0", body: "vcqmlaam12fq3yytx6bj", user_id: 1, created_at: nil, updated_at: nil>[0m
      [36m# /home/ec2-user/.rvm/gems/ruby-3.1.2/gems/factory_bot-6.4.6/lib/factory_bot/evaluation.rb:15:in `create'[0m
      [36m# /home/ec2-user/.rvm/gems/ruby-3.1.2/gems/factory_bot-6.4.6/lib/factory_bot/strategy/create.rb:12:in `block in result'[0m
      [36m# /home/ec2-user/.rvm/gems/ruby-3.1.2/gems/factory_bot-6.4.6/lib/factory_bot/strategy/create.rb:9:in `result'[0m
      [36m# /home/ec2-user/.rvm/gems/ruby-3.1.2/gems/factory_bot-6.4.6/lib/factory_bot/factory.rb:43:in `run'[0m
      [36m# /home/ec2-user/.rvm/gems/ruby-3.1.2/gems/factory_bot-6.4.6/lib/factory_bot/factory_runner.rb:29:in `block in run'[0m
      [36m# /home/ec2-user/.rvm/gems/ruby-3.1.2/gems/factory_bot-6.4.6/lib/factory_bot/factory_runner.rb:28:in `run'[0m
      [36m# /home/ec2-user/.rvm/gems/ruby-3.1.2/gems/factory_bot-6.4.6/lib/factory_bot/strategy_syntax_method_registrar.rb:28:in `block in define_singular_strategy_method'[0m
      [36m# ./spec/system/02_after_login_spec.rb:6:in `block (2 levels) in <main>'[0m

  95) [STEP2] ユーザログイン後のテスト 自分のユーザ情報編集画面のテスト 表示の確認 Update Userボタンが表示される
      [31mFailure/Error: let!(:book) { create(:book, user: user) }[0m
      [31m[0m
      [31mNoMethodError:[0m
      [31m  undefined method `book_name' for #<Book id: nil, title: "d6y2a", body: "apuhkybeswoaph428v2v", user_id: 1, created_at: nil, updated_at: nil>[0m
      [36m# /home/ec2-user/.rvm/gems/ruby-3.1.2/gems/factory_bot-6.4.6/lib/factory_bot/evaluation.rb:15:in `create'[0m
      [36m# /home/ec2-user/.rvm/gems/ruby-3.1.2/gems/factory_bot-6.4.6/lib/factory_bot/strategy/create.rb:12:in `block in result'[0m
      [36m# /home/ec2-user/.rvm/gems/ruby-3.1.2/gems/factory_bot-6.4.6/lib/factory_bot/strategy/create.rb:9:in `result'[0m
      [36m# /home/ec2-user/.rvm/gems/ruby-3.1.2/gems/factory_bot-6.4.6/lib/factory_bot/factory.rb:43:in `run'[0m
      [36m# /home/ec2-user/.rvm/gems/ruby-3.1.2/gems/factory_bot-6.4.6/lib/factory_bot/factory_runner.rb:29:in `block in run'[0m
      [36m# /home/ec2-user/.rvm/gems/ruby-3.1.2/gems/factory_bot-6.4.6/lib/factory_bot/factory_runner.rb:28:in `run'[0m
      [36m# /home/ec2-user/.rvm/gems/ruby-3.1.2/gems/factory_bot-6.4.6/lib/factory_bot/strategy_syntax_method_registrar.rb:28:in `block in define_singular_strategy_method'[0m
      [36m# ./spec/system/02_after_login_spec.rb:6:in `block (2 levels) in <main>'[0m

  96) [STEP2] ユーザログイン後のテスト 自分のユーザ情報編集画面のテスト 更新成功のテスト nameが正しく更新される
      [31mFailure/Error: let!(:book) { create(:book, user: user) }[0m
      [31m[0m
      [31mNoMethodError:[0m
      [31m  undefined method `book_name' for #<Book id: nil, title: "2am1v", body: "zob1d9zspjtyu6bda6y2", user_id: 1, created_at: nil, updated_at: nil>[0m
      [36m# /home/ec2-user/.rvm/gems/ruby-3.1.2/gems/factory_bot-6.4.6/lib/factory_bot/evaluation.rb:15:in `create'[0m
      [36m# /home/ec2-user/.rvm/gems/ruby-3.1.2/gems/factory_bot-6.4.6/lib/factory_bot/strategy/create.rb:12:in `block in result'[0m
      [36m# /home/ec2-user/.rvm/gems/ruby-3.1.2/gems/factory_bot-6.4.6/lib/factory_bot/strategy/create.rb:9:in `result'[0m
      [36m# /home/ec2-user/.rvm/gems/ruby-3.1.2/gems/factory_bot-6.4.6/lib/factory_bot/factory.rb:43:in `run'[0m
      [36m# /home/ec2-user/.rvm/gems/ruby-3.1.2/gems/factory_bot-6.4.6/lib/factory_bot/factory_runner.rb:29:in `block in run'[0m
      [36m# /home/ec2-user/.rvm/gems/ruby-3.1.2/gems/factory_bot-6.4.6/lib/factory_bot/factory_runner.rb:28:in `run'[0m
      [36m# /home/ec2-user/.rvm/gems/ruby-3.1.2/gems/factory_bot-6.4.6/lib/factory_bot/strategy_syntax_method_registrar.rb:28:in `block in define_singular_strategy_method'[0m
      [36m# ./spec/system/02_after_login_spec.rb:6:in `block (2 levels) in <main>'[0m

  97) [STEP2] ユーザログイン後のテスト 自分のユーザ情報編集画面のテスト 更新成功のテスト introductionが正しく更新される
      [31mFailure/Error: let!(:book) { create(:book, user: user) }[0m
      [31m[0m
      [31mNoMethodError:[0m
      [31m  undefined method `book_name' for #<Book id: nil, title: "c3etf", body: "xc6bcfwy693z94n7daz7", user_id: 1, created_at: nil, updated_at: nil>[0m
      [36m# /home/ec2-user/.rvm/gems/ruby-3.1.2/gems/factory_bot-6.4.6/lib/factory_bot/evaluation.rb:15:in `create'[0m
      [36m# /home/ec2-user/.rvm/gems/ruby-3.1.2/gems/factory_bot-6.4.6/lib/factory_bot/strategy/create.rb:12:in `block in result'[0m
      [36m# /home/ec2-user/.rvm/gems/ruby-3.1.2/gems/factory_bot-6.4.6/lib/factory_bot/strategy/create.rb:9:in `result'[0m
      [36m# /home/ec2-user/.rvm/gems/ruby-3.1.2/gems/factory_bot-6.4.6/lib/factory_bot/factory.rb:43:in `run'[0m
      [36m# /home/ec2-user/.rvm/gems/ruby-3.1.2/gems/factory_bot-6.4.6/lib/factory_bot/factory_runner.rb:29:in `block in run'[0m
      [36m# /home/ec2-user/.rvm/gems/ruby-3.1.2/gems/factory_bot-6.4.6/lib/factory_bot/factory_runner.rb:28:in `run'[0m
      [36m# /home/ec2-user/.rvm/gems/ruby-3.1.2/gems/factory_bot-6.4.6/lib/factory_bot/strategy_syntax_method_registrar.rb:28:in `block in define_singular_strategy_method'[0m
      [36m# ./spec/system/02_after_login_spec.rb:6:in `block (2 levels) in <main>'[0m

  98) [STEP2] ユーザログイン後のテスト 自分のユーザ情報編集画面のテスト 更新成功のテスト リダイレクト先が、自分のユーザ詳細画面になっている
      [31mFailure/Error: let!(:book) { create(:book, user: user) }[0m
      [31m[0m
      [31mNoMethodError:[0m
      [31m  undefined method `book_name' for #<Book id: nil, title: "t470g", body: "2hwwnv8r6ewjhtouw20z", user_id: 1, created_at: nil, updated_at: nil>[0m
      [36m# /home/ec2-user/.rvm/gems/ruby-3.1.2/gems/factory_bot-6.4.6/lib/factory_bot/evaluation.rb:15:in `create'[0m
      [36m# /home/ec2-user/.rvm/gems/ruby-3.1.2/gems/factory_bot-6.4.6/lib/factory_bot/strategy/create.rb:12:in `block in result'[0m
      [36m# /home/ec2-user/.rvm/gems/ruby-3.1.2/gems/factory_bot-6.4.6/lib/factory_bot/strategy/create.rb:9:in `result'[0m
      [36m# /home/ec2-user/.rvm/gems/ruby-3.1.2/gems/factory_bot-6.4.6/lib/factory_bot/factory.rb:43:in `run'[0m
      [36m# /home/ec2-user/.rvm/gems/ruby-3.1.2/gems/factory_bot-6.4.6/lib/factory_bot/factory_runner.rb:29:in `block in run'[0m
      [36m# /home/ec2-user/.rvm/gems/ruby-3.1.2/gems/factory_bot-6.4.6/lib/factory_bot/factory_runner.rb:28:in `run'[0m
      [36m# /home/ec2-user/.rvm/gems/ruby-3.1.2/gems/factory_bot-6.4.6/lib/factory_bot/strategy_syntax_method_registrar.rb:28:in `block in define_singular_strategy_method'[0m
      [36m# ./spec/system/02_after_login_spec.rb:6:in `block (2 levels) in <main>'[0m

  99) [STEP3] 仕上げのテスト サクセスメッセージのテスト ユーザ新規登録成功時
      [31mFailure/Error: let!(:book) { create(:book, user: user) }[0m
      [31m[0m
      [31mNoMethodError:[0m
      [31m  undefined method `book_name' for #<Book id: nil, title: "p3pwg", body: "qkq1txiuu1ddsumsr41r", user_id: 1, created_at: nil, updated_at: nil>[0m
      [36m# /home/ec2-user/.rvm/gems/ruby-3.1.2/gems/factory_bot-6.4.6/lib/factory_bot/evaluation.rb:15:in `create'[0m
      [36m# /home/ec2-user/.rvm/gems/ruby-3.1.2/gems/factory_bot-6.4.6/lib/factory_bot/strategy/create.rb:12:in `block in result'[0m
      [36m# /home/ec2-user/.rvm/gems/ruby-3.1.2/gems/factory_bot-6.4.6/lib/factory_bot/strategy/create.rb:9:in `result'[0m
      [36m# /home/ec2-user/.rvm/gems/ruby-3.1.2/gems/factory_bot-6.4.6/lib/factory_bot/factory.rb:43:in `run'[0m
      [36m# /home/ec2-user/.rvm/gems/ruby-3.1.2/gems/factory_bot-6.4.6/lib/factory_bot/factory_runner.rb:29:in `block in run'[0m
      [36m# /home/ec2-user/.rvm/gems/ruby-3.1.2/gems/factory_bot-6.4.6/lib/factory_bot/factory_runner.rb:28:in `run'[0m
      [36m# /home/ec2-user/.rvm/gems/ruby-3.1.2/gems/factory_bot-6.4.6/lib/factory_bot/strategy_syntax_method_registrar.rb:28:in `block in define_singular_strategy_method'[0m
      [36m# ./spec/system/03_finishing_touches_spec.rb:6:in `block (2 levels) in <main>'[0m

  100) [STEP3] 仕上げのテスト サクセスメッセージのテスト ユーザログイン成功時
       [31mFailure/Error: let!(:book) { create(:book, user: user) }[0m
       [31m[0m
       [31mNoMethodError:[0m
       [31m  undefined method `book_name' for #<Book id: nil, title: "5f87t", body: "as7jobt4cyqkc7ezsquf", user_id: 1, created_at: nil, updated_at: nil>[0m
       [36m# /home/ec2-user/.rvm/gems/ruby-3.1.2/gems/factory_bot-6.4.6/lib/factory_bot/evaluation.rb:15:in `create'[0m
       [36m# /home/ec2-user/.rvm/gems/ruby-3.1.2/gems/factory_bot-6.4.6/lib/factory_bot/strategy/create.rb:12:in `block in result'[0m
       [36m# /home/ec2-user/.rvm/gems/ruby-3.1.2/gems/factory_bot-6.4.6/lib/factory_bot/strategy/create.rb:9:in `result'[0m
       [36m# /home/ec2-user/.rvm/gems/ruby-3.1.2/gems/factory_bot-6.4.6/lib/factory_bot/factory.rb:43:in `run'[0m
       [36m# /home/ec2-user/.rvm/gems/ruby-3.1.2/gems/factory_bot-6.4.6/lib/factory_bot/factory_runner.rb:29:in `block in run'[0m
       [36m# /home/ec2-user/.rvm/gems/ruby-3.1.2/gems/factory_bot-6.4.6/lib/factory_bot/factory_runner.rb:28:in `run'[0m
       [36m# /home/ec2-user/.rvm/gems/ruby-3.1.2/gems/factory_bot-6.4.6/lib/factory_bot/strategy_syntax_method_registrar.rb:28:in `block in define_singular_strategy_method'[0m
       [36m# ./spec/system/03_finishing_touches_spec.rb:6:in `block (2 levels) in <main>'[0m

  101) [STEP3] 仕上げのテスト サクセスメッセージのテスト ユーザログアウト成功時
       [31mFailure/Error: let!(:book) { create(:book, user: user) }[0m
       [31m[0m
       [31mNoMethodError:[0m
       [31m  undefined method `book_name' for #<Book id: nil, title: "o8dgf", body: "7s84yrtxigfqtdmwg2ao", user_id: 1, created_at: nil, updated_at: nil>[0m
       [36m# /home/ec2-user/.rvm/gems/ruby-3.1.2/gems/factory_bot-6.4.6/lib/factory_bot/evaluation.rb:15:in `create'[0m
       [36m# /home/ec2-user/.rvm/gems/ruby-3.1.2/gems/factory_bot-6.4.6/lib/factory_bot/strategy/create.rb:12:in `block in result'[0m
       [36m# /home/ec2-user/.rvm/gems/ruby-3.1.2/gems/factory_bot-6.4.6/lib/factory_bot/strategy/create.rb:9:in `result'[0m
       [36m# /home/ec2-user/.rvm/gems/ruby-3.1.2/gems/factory_bot-6.4.6/lib/factory_bot/factory.rb:43:in `run'[0m
       [36m# /home/ec2-user/.rvm/gems/ruby-3.1.2/gems/factory_bot-6.4.6/lib/factory_bot/factory_runner.rb:29:in `block in run'[0m
       [36m# /home/ec2-user/.rvm/gems/ruby-3.1.2/gems/factory_bot-6.4.6/lib/factory_bot/factory_runner.rb:28:in `run'[0m
       [36m# /home/ec2-user/.rvm/gems/ruby-3.1.2/gems/factory_bot-6.4.6/lib/factory_bot/strategy_syntax_method_registrar.rb:28:in `block in define_singular_strategy_method'[0m
       [36m# ./spec/system/03_finishing_touches_spec.rb:6:in `block (2 levels) in <main>'[0m

  102) [STEP3] 仕上げのテスト サクセスメッセージのテスト ユーザのプロフィール情報更新成功時
       [31mFailure/Error: let!(:book) { create(:book, user: user) }[0m
       [31m[0m
       [31mNoMethodError:[0m
       [31m  undefined method `book_name' for #<Book id: nil, title: "xitei", body: "9uy4c53xfyed49zcy5kt", user_id: 1, created_at: nil, updated_at: nil>[0m
       [36m# /home/ec2-user/.rvm/gems/ruby-3.1.2/gems/factory_bot-6.4.6/lib/factory_bot/evaluation.rb:15:in `create'[0m
       [36m# /home/ec2-user/.rvm/gems/ruby-3.1.2/gems/factory_bot-6.4.6/lib/factory_bot/strategy/create.rb:12:in `block in result'[0m
       [36m# /home/ec2-user/.rvm/gems/ruby-3.1.2/gems/factory_bot-6.4.6/lib/factory_bot/strategy/create.rb:9:in `result'[0m
       [36m# /home/ec2-user/.rvm/gems/ruby-3.1.2/gems/factory_bot-6.4.6/lib/factory_bot/factory.rb:43:in `run'[0m
       [36m# /home/ec2-user/.rvm/gems/ruby-3.1.2/gems/factory_bot-6.4.6/lib/factory_bot/factory_runner.rb:29:in `block in run'[0m
       [36m# /home/ec2-user/.rvm/gems/ruby-3.1.2/gems/factory_bot-6.4.6/lib/factory_bot/factory_runner.rb:28:in `run'[0m
       [36m# /home/ec2-user/.rvm/gems/ruby-3.1.2/gems/factory_bot-6.4.6/lib/factory_bot/strategy_syntax_method_registrar.rb:28:in `block in define_singular_strategy_method'[0m
       [36m# ./spec/system/03_finishing_touches_spec.rb:6:in `block (2 levels) in <main>'[0m

  103) [STEP3] 仕上げのテスト サクセスメッセージのテスト 投稿データの新規投稿成功時: 投稿一覧画面から行います。
       [31mFailure/Error: let!(:book) { create(:book, user: user) }[0m
       [31m[0m
       [31mNoMethodError:[0m
       [31m  undefined method `book_name' for #<Book id: nil, title: "8o6x2", body: "89t0ji1xe1gadlqkwv0w", user_id: 1, created_at: nil, updated_at: nil>[0m
       [36m# /home/ec2-user/.rvm/gems/ruby-3.1.2/gems/factory_bot-6.4.6/lib/factory_bot/evaluation.rb:15:in `create'[0m
       [36m# /home/ec2-user/.rvm/gems/ruby-3.1.2/gems/factory_bot-6.4.6/lib/factory_bot/strategy/create.rb:12:in `block in result'[0m
       [36m# /home/ec2-user/.rvm/gems/ruby-3.1.2/gems/factory_bot-6.4.6/lib/factory_bot/strategy/create.rb:9:in `result'[0m
       [36m# /home/ec2-user/.rvm/gems/ruby-3.1.2/gems/factory_bot-6.4.6/lib/factory_bot/factory.rb:43:in `run'[0m
       [36m# /home/ec2-user/.rvm/gems/ruby-3.1.2/gems/factory_bot-6.4.6/lib/factory_bot/factory_runner.rb:29:in `block in run'[0m
       [36m# /home/ec2-user/.rvm/gems/ruby-3.1.2/gems/factory_bot-6.4.6/lib/factory_bot/factory_runner.rb:28:in `run'[0m
       [36m# /home/ec2-user/.rvm/gems/ruby-3.1.2/gems/factory_bot-6.4.6/lib/factory_bot/strategy_syntax_method_registrar.rb:28:in `block in define_singular_strategy_method'[0m
       [36m# ./spec/system/03_finishing_touches_spec.rb:6:in `block (2 levels) in <main>'[0m

  104) [STEP3] 仕上げのテスト サクセスメッセージのテスト 投稿データの更新成功時
       [31mFailure/Error: let!(:book) { create(:book, user: user) }[0m
       [31m[0m
       [31mNoMethodError:[0m
       [31m  undefined method `book_name' for #<Book id: nil, title: "g3l7t", body: "udmd3e94ejrtvarsvsyn", user_id: 1, created_at: nil, updated_at: nil>[0m
       [36m# /home/ec2-user/.rvm/gems/ruby-3.1.2/gems/factory_bot-6.4.6/lib/factory_bot/evaluation.rb:15:in `create'[0m
       [36m# /home/ec2-user/.rvm/gems/ruby-3.1.2/gems/factory_bot-6.4.6/lib/factory_bot/strategy/create.rb:12:in `block in result'[0m
       [36m# /home/ec2-user/.rvm/gems/ruby-3.1.2/gems/factory_bot-6.4.6/lib/factory_bot/strategy/create.rb:9:in `result'[0m
       [36m# /home/ec2-user/.rvm/gems/ruby-3.1.2/gems/factory_bot-6.4.6/lib/factory_bot/factory.rb:43:in `run'[0m
       [36m# /home/ec2-user/.rvm/gems/ruby-3.1.2/gems/factory_bot-6.4.6/lib/factory_bot/factory_runner.rb:29:in `block in run'[0m
       [36m# /home/ec2-user/.rvm/gems/ruby-3.1.2/gems/factory_bot-6.4.6/lib/factory_bot/factory_runner.rb:28:in `run'[0m
       [36m# /home/ec2-user/.rvm/gems/ruby-3.1.2/gems/factory_bot-6.4.6/lib/factory_bot/strategy_syntax_method_registrar.rb:28:in `block in define_singular_strategy_method'[0m
       [36m# ./spec/system/03_finishing_touches_spec.rb:6:in `block (2 levels) in <main>'[0m

  105) [STEP3] 仕上げのテスト 処理失敗時のテスト ユーザ新規登録失敗: nameを1文字にする 新規登録されない
       [31mFailure/Error: let!(:book) { create(:book, user: user) }[0m
       [31m[0m
       [31mNoMethodError:[0m
       [31m  undefined method `book_name' for #<Book id: nil, title: "isz78", body: "yoclrehgl99w7bbulaj0", user_id: 1, created_at: nil, updated_at: nil>[0m
       [36m# /home/ec2-user/.rvm/gems/ruby-3.1.2/gems/factory_bot-6.4.6/lib/factory_bot/evaluation.rb:15:in `create'[0m
       [36m# /home/ec2-user/.rvm/gems/ruby-3.1.2/gems/factory_bot-6.4.6/lib/factory_bot/strategy/create.rb:12:in `block in result'[0m
       [36m# /home/ec2-user/.rvm/gems/ruby-3.1.2/gems/factory_bot-6.4.6/lib/factory_bot/strategy/create.rb:9:in `result'[0m
       [36m# /home/ec2-user/.rvm/gems/ruby-3.1.2/gems/factory_bot-6.4.6/lib/factory_bot/factory.rb:43:in `run'[0m
       [36m# /home/ec2-user/.rvm/gems/ruby-3.1.2/gems/factory_bot-6.4.6/lib/factory_bot/factory_runner.rb:29:in `block in run'[0m
       [36m# /home/ec2-user/.rvm/gems/ruby-3.1.2/gems/factory_bot-6.4.6/lib/factory_bot/factory_runner.rb:28:in `run'[0m
       [36m# /home/ec2-user/.rvm/gems/ruby-3.1.2/gems/factory_bot-6.4.6/lib/factory_bot/strategy_syntax_method_registrar.rb:28:in `block in define_singular_strategy_method'[0m
       [36m# ./spec/system/03_finishing_touches_spec.rb:6:in `block (2 levels) in <main>'[0m

  106) [STEP3] 仕上げのテスト 処理失敗時のテスト ユーザ新規登録失敗: nameを1文字にする 新規登録画面を表示しており、フォームの内容が正しい
       [31mFailure/Error: let!(:book) { create(:book, user: user) }[0m
       [31m[0m
       [31mNoMethodError:[0m
       [31m  undefined method `book_name' for #<Book id: nil, title: "nxevy", body: "z9e0qouq1m5bhci83ffz", user_id: 1, created_at: nil, updated_at: nil>[0m
       [36m# /home/ec2-user/.rvm/gems/ruby-3.1.2/gems/factory_bot-6.4.6/lib/factory_bot/evaluation.rb:15:in `create'[0m
       [36m# /home/ec2-user/.rvm/gems/ruby-3.1.2/gems/factory_bot-6.4.6/lib/factory_bot/strategy/create.rb:12:in `block in result'[0m
       [36m# /home/ec2-user/.rvm/gems/ruby-3.1.2/gems/factory_bot-6.4.6/lib/factory_bot/strategy/create.rb:9:in `result'[0m
       [36m# /home/ec2-user/.rvm/gems/ruby-3.1.2/gems/factory_bot-6.4.6/lib/factory_bot/factory.rb:43:in `run'[0m
       [36m# /home/ec2-user/.rvm/gems/ruby-3.1.2/gems/factory_bot-6.4.6/lib/factory_bot/factory_runner.rb:29:in `block in run'[0m
       [36m# /home/ec2-user/.rvm/gems/ruby-3.1.2/gems/factory_bot-6.4.6/lib/factory_bot/factory_runner.rb:28:in `run'[0m
       [36m# /home/ec2-user/.rvm/gems/ruby-3.1.2/gems/factory_bot-6.4.6/lib/factory_bot/strategy_syntax_method_registrar.rb:28:in `block in define_singular_strategy_method'[0m
       [36m# ./spec/system/03_finishing_touches_spec.rb:6:in `block (2 levels) in <main>'[0m

  107) [STEP3] 仕上げのテスト 処理失敗時のテスト ユーザ新規登録失敗: nameを1文字にする バリデーションエラーが表示される
       [31mFailure/Error: let!(:book) { create(:book, user: user) }[0m
       [31m[0m
       [31mNoMethodError:[0m
       [31m  undefined method `book_name' for #<Book id: nil, title: "s8k86", body: "6yytxh6lynfe921e51yy", user_id: 1, created_at: nil, updated_at: nil>[0m
       [36m# /home/ec2-user/.rvm/gems/ruby-3.1.2/gems/factory_bot-6.4.6/lib/factory_bot/evaluation.rb:15:in `create'[0m
       [36m# /home/ec2-user/.rvm/gems/ruby-3.1.2/gems/factory_bot-6.4.6/lib/factory_bot/strategy/create.rb:12:in `block in result'[0m
       [36m# /home/ec2-user/.rvm/gems/ruby-3.1.2/gems/factory_bot-6.4.6/lib/factory_bot/strategy/create.rb:9:in `result'[0m
       [36m# /home/ec2-user/.rvm/gems/ruby-3.1.2/gems/factory_bot-6.4.6/lib/factory_bot/factory.rb:43:in `run'[0m
       [36m# /home/ec2-user/.rvm/gems/ruby-3.1.2/gems/factory_bot-6.4.6/lib/factory_bot/factory_runner.rb:29:in `block in run'[0m
       [36m# /home/ec2-user/.rvm/gems/ruby-3.1.2/gems/factory_bot-6.4.6/lib/factory_bot/factory_runner.rb:28:in `run'[0m
       [36m# /home/ec2-user/.rvm/gems/ruby-3.1.2/gems/factory_bot-6.4.6/lib/factory_bot/strategy_syntax_method_registrar.rb:28:in `block in define_singular_strategy_method'[0m
       [36m# ./spec/system/03_finishing_touches_spec.rb:6:in `block (2 levels) in <main>'[0m

  108) [STEP3] 仕上げのテスト 処理失敗時のテスト ユーザのプロフィール情報編集失敗: nameを1文字にする 更新されない
       [31mFailure/Error: let!(:book) { create(:book, user: user) }[0m
       [31m[0m
       [31mNoMethodError:[0m
       [31m  undefined method `book_name' for #<Book id: nil, title: "caga9", body: "n0bp177wfbjl0mzx5v8q", user_id: 1, created_at: nil, updated_at: nil>[0m
       [36m# /home/ec2-user/.rvm/gems/ruby-3.1.2/gems/factory_bot-6.4.6/lib/factory_bot/evaluation.rb:15:in `create'[0m
       [36m# /home/ec2-user/.rvm/gems/ruby-3.1.2/gems/factory_bot-6.4.6/lib/factory_bot/strategy/create.rb:12:in `block in result'[0m
       [36m# /home/ec2-user/.rvm/gems/ruby-3.1.2/gems/factory_bot-6.4.6/lib/factory_bot/strategy/create.rb:9:in `result'[0m
       [36m# /home/ec2-user/.rvm/gems/ruby-3.1.2/gems/factory_bot-6.4.6/lib/factory_bot/factory.rb:43:in `run'[0m
       [36m# /home/ec2-user/.rvm/gems/ruby-3.1.2/gems/factory_bot-6.4.6/lib/factory_bot/factory_runner.rb:29:in `block in run'[0m
       [36m# /home/ec2-user/.rvm/gems/ruby-3.1.2/gems/factory_bot-6.4.6/lib/factory_bot/factory_runner.rb:28:in `run'[0m
       [36m# /home/ec2-user/.rvm/gems/ruby-3.1.2/gems/factory_bot-6.4.6/lib/factory_bot/strategy_syntax_method_registrar.rb:28:in `block in define_singular_strategy_method'[0m
       [36m# ./spec/system/03_finishing_touches_spec.rb:6:in `block (2 levels) in <main>'[0m

  109) [STEP3] 仕上げのテスト 処理失敗時のテスト ユーザのプロフィール情報編集失敗: nameを1文字にする ユーザ編集画面を表示しており、フォームの内容が正しい
       [31mFailure/Error: let!(:book) { create(:book, user: user) }[0m
       [31m[0m
       [31mNoMethodError:[0m
       [31m  undefined method `book_name' for #<Book id: nil, title: "wiy7i", body: "a3etwwrhu0ys0oycgst9", user_id: 1, created_at: nil, updated_at: nil>[0m
       [36m# /home/ec2-user/.rvm/gems/ruby-3.1.2/gems/factory_bot-6.4.6/lib/factory_bot/evaluation.rb:15:in `create'[0m
       [36m# /home/ec2-user/.rvm/gems/ruby-3.1.2/gems/factory_bot-6.4.6/lib/factory_bot/strategy/create.rb:12:in `block in result'[0m
       [36m# /home/ec2-user/.rvm/gems/ruby-3.1.2/gems/factory_bot-6.4.6/lib/factory_bot/strategy/create.rb:9:in `result'[0m
       [36m# /home/ec2-user/.rvm/gems/ruby-3.1.2/gems/factory_bot-6.4.6/lib/factory_bot/factory.rb:43:in `run'[0m
       [36m# /home/ec2-user/.rvm/gems/ruby-3.1.2/gems/factory_bot-6.4.6/lib/factory_bot/factory_runner.rb:29:in `block in run'[0m
       [36m# /home/ec2-user/.rvm/gems/ruby-3.1.2/gems/factory_bot-6.4.6/lib/factory_bot/factory_runner.rb:28:in `run'[0m
       [36m# /home/ec2-user/.rvm/gems/ruby-3.1.2/gems/factory_bot-6.4.6/lib/factory_bot/strategy_syntax_method_registrar.rb:28:in `block in define_singular_strategy_method'[0m
       [36m# ./spec/system/03_finishing_touches_spec.rb:6:in `block (2 levels) in <main>'[0m

  110) [STEP3] 仕上げのテスト 処理失敗時のテスト ユーザのプロフィール情報編集失敗: nameを1文字にする バリデーションエラーが表示される
       [31mFailure/Error: let!(:book) { create(:book, user: user) }[0m
       [31m[0m
       [31mNoMethodError:[0m
       [31m  undefined method `book_name' for #<Book id: nil, title: "29tyy", body: "lcx9y5v9nvtpublo9fc7", user_id: 1, created_at: nil, updated_at: nil>[0m
       [36m# /home/ec2-user/.rvm/gems/ruby-3.1.2/gems/factory_bot-6.4.6/lib/factory_bot/evaluation.rb:15:in `create'[0m
       [36m# /home/ec2-user/.rvm/gems/ruby-3.1.2/gems/factory_bot-6.4.6/lib/factory_bot/strategy/create.rb:12:in `block in result'[0m
       [36m# /home/ec2-user/.rvm/gems/ruby-3.1.2/gems/factory_bot-6.4.6/lib/factory_bot/strategy/create.rb:9:in `result'[0m
       [36m# /home/ec2-user/.rvm/gems/ruby-3.1.2/gems/factory_bot-6.4.6/lib/factory_bot/factory.rb:43:in `run'[0m
       [36m# /home/ec2-user/.rvm/gems/ruby-3.1.2/gems/factory_bot-6.4.6/lib/factory_bot/factory_runner.rb:29:in `block in run'[0m
       [36m# /home/ec2-user/.rvm/gems/ruby-3.1.2/gems/factory_bot-6.4.6/lib/factory_bot/factory_runner.rb:28:in `run'[0m
       [36m# /home/ec2-user/.rvm/gems/ruby-3.1.2/gems/factory_bot-6.4.6/lib/factory_bot/strategy_syntax_method_registrar.rb:28:in `block in define_singular_strategy_method'[0m
       [36m# ./spec/system/03_finishing_touches_spec.rb:6:in `block (2 levels) in <main>'[0m

  111) [STEP3] 仕上げのテスト 処理失敗時のテスト 投稿データの新規投稿失敗: 投稿一覧画面から行い、titleを空にする 投稿が保存されない
       [31mFailure/Error: let!(:book) { create(:book, user: user) }[0m
       [31m[0m
       [31mNoMethodError:[0m
       [31m  undefined method `book_name' for #<Book id: nil, title: "3d2px", body: "913kh54f723pphe1yqhu", user_id: 1, created_at: nil, updated_at: nil>[0m
       [36m# /home/ec2-user/.rvm/gems/ruby-3.1.2/gems/factory_bot-6.4.6/lib/factory_bot/evaluation.rb:15:in `create'[0m
       [36m# /home/ec2-user/.rvm/gems/ruby-3.1.2/gems/factory_bot-6.4.6/lib/factory_bot/strategy/create.rb:12:in `block in result'[0m
       [36m# /home/ec2-user/.rvm/gems/ruby-3.1.2/gems/factory_bot-6.4.6/lib/factory_bot/strategy/create.rb:9:in `result'[0m
       [36m# /home/ec2-user/.rvm/gems/ruby-3.1.2/gems/factory_bot-6.4.6/lib/factory_bot/factory.rb:43:in `run'[0m
       [36m# /home/ec2-user/.rvm/gems/ruby-3.1.2/gems/factory_bot-6.4.6/lib/factory_bot/factory_runner.rb:29:in `block in run'[0m
       [36m# /home/ec2-user/.rvm/gems/ruby-3.1.2/gems/factory_bot-6.4.6/lib/factory_bot/factory_runner.rb:28:in `run'[0m
       [36m# /home/ec2-user/.rvm/gems/ruby-3.1.2/gems/factory_bot-6.4.6/lib/factory_bot/strategy_syntax_method_registrar.rb:28:in `block in define_singular_strategy_method'[0m
       [36m# ./spec/system/03_finishing_touches_spec.rb:6:in `block (2 levels) in <main>'[0m

  112) [STEP3] 仕上げのテスト 処理失敗時のテスト 投稿データの新規投稿失敗: 投稿一覧画面から行い、titleを空にする 投稿一覧画面を表示している
       [31mFailure/Error: let!(:book) { create(:book, user: user) }[0m
       [31m[0m
       [31mNoMethodError:[0m
       [31m  undefined method `book_name' for #<Book id: nil, title: "xwwyk", body: "kralldrv0pfgog85xwfb", user_id: 1, created_at: nil, updated_at: nil>[0m
       [36m# /home/ec2-user/.rvm/gems/ruby-3.1.2/gems/factory_bot-6.4.6/lib/factory_bot/evaluation.rb:15:in `create'[0m
       [36m# /home/ec2-user/.rvm/gems/ruby-3.1.2/gems/factory_bot-6.4.6/lib/factory_bot/strategy/create.rb:12:in `block in result'[0m
       [36m# /home/ec2-user/.rvm/gems/ruby-3.1.2/gems/factory_bot-6.4.6/lib/factory_bot/strategy/create.rb:9:in `result'[0m
       [36m# /home/ec2-user/.rvm/gems/ruby-3.1.2/gems/factory_bot-6.4.6/lib/factory_bot/factory.rb:43:in `run'[0m
       [36m# /home/ec2-user/.rvm/gems/ruby-3.1.2/gems/factory_bot-6.4.6/lib/factory_bot/factory_runner.rb:29:in `block in run'[0m
       [36m# /home/ec2-user/.rvm/gems/ruby-3.1.2/gems/factory_bot-6.4.6/lib/factory_bot/factory_runner.rb:28:in `run'[0m
       [36m# /home/ec2-user/.rvm/gems/ruby-3.1.2/gems/factory_bot-6.4.6/lib/factory_bot/strategy_syntax_method_registrar.rb:28:in `block in define_singular_strategy_method'[0m
       [36m# ./spec/system/03_finishing_touches_spec.rb:6:in `block (2 levels) in <main>'[0m

  113) [STEP3] 仕上げのテスト 処理失敗時のテスト 投稿データの新規投稿失敗: 投稿一覧画面から行い、titleを空にする 新規投稿フォームの内容が正しい
       [31mFailure/Error: let!(:book) { create(:book, user: user) }[0m
       [31m[0m
       [31mNoMethodError:[0m
       [31m  undefined method `book_name' for #<Book id: nil, title: "vl55o", body: "klpvp0kxqq3k3t5gd69y", user_id: 1, created_at: nil, updated_at: nil>[0m
       [36m# /home/ec2-user/.rvm/gems/ruby-3.1.2/gems/factory_bot-6.4.6/lib/factory_bot/evaluation.rb:15:in `create'[0m
       [36m# /home/ec2-user/.rvm/gems/ruby-3.1.2/gems/factory_bot-6.4.6/lib/factory_bot/strategy/create.rb:12:in `block in result'[0m
       [36m# /home/ec2-user/.rvm/gems/ruby-3.1.2/gems/factory_bot-6.4.6/lib/factory_bot/strategy/create.rb:9:in `result'[0m
       [36m# /home/ec2-user/.rvm/gems/ruby-3.1.2/gems/factory_bot-6.4.6/lib/factory_bot/factory.rb:43:in `run'[0m
       [36m# /home/ec2-user/.rvm/gems/ruby-3.1.2/gems/factory_bot-6.4.6/lib/factory_bot/factory_runner.rb:29:in `block in run'[0m
       [36m# /home/ec2-user/.rvm/gems/ruby-3.1.2/gems/factory_bot-6.4.6/lib/factory_bot/factory_runner.rb:28:in `run'[0m
       [36m# /home/ec2-user/.rvm/gems/ruby-3.1.2/gems/factory_bot-6.4.6/lib/factory_bot/strategy_syntax_method_registrar.rb:28:in `block in define_singular_strategy_method'[0m
       [36m# ./spec/system/03_finishing_touches_spec.rb:6:in `block (2 levels) in <main>'[0m

  114) [STEP3] 仕上げのテスト 処理失敗時のテスト 投稿データの新規投稿失敗: 投稿一覧画面から行い、titleを空にする バリデーションエラーが表示される
       [31mFailure/Error: let!(:book) { create(:book, user: user) }[0m
       [31m[0m
       [31mNoMethodError:[0m
       [31m  undefined method `book_name' for #<Book id: nil, title: "h5afg", body: "0rrrls8pvvj08suqshin", user_id: 1, created_at: nil, updated_at: nil>[0m
       [36m# /home/ec2-user/.rvm/gems/ruby-3.1.2/gems/factory_bot-6.4.6/lib/factory_bot/evaluation.rb:15:in `create'[0m
       [36m# /home/ec2-user/.rvm/gems/ruby-3.1.2/gems/factory_bot-6.4.6/lib/factory_bot/strategy/create.rb:12:in `block in result'[0m
       [36m# /home/ec2-user/.rvm/gems/ruby-3.1.2/gems/factory_bot-6.4.6/lib/factory_bot/strategy/create.rb:9:in `result'[0m
       [36m# /home/ec2-user/.rvm/gems/ruby-3.1.2/gems/factory_bot-6.4.6/lib/factory_bot/factory.rb:43:in `run'[0m
       [36m# /home/ec2-user/.rvm/gems/ruby-3.1.2/gems/factory_bot-6.4.6/lib/factory_bot/factory_runner.rb:29:in `block in run'[0m
       [36m# /home/ec2-user/.rvm/gems/ruby-3.1.2/gems/factory_bot-6.4.6/lib/factory_bot/factory_runner.rb:28:in `run'[0m
       [36m# /home/ec2-user/.rvm/gems/ruby-3.1.2/gems/factory_bot-6.4.6/lib/factory_bot/strategy_syntax_method_registrar.rb:28:in `block in define_singular_strategy_method'[0m
       [36m# ./spec/system/03_finishing_touches_spec.rb:6:in `block (2 levels) in <main>'[0m

  115) [STEP3] 仕上げのテスト 処理失敗時のテスト 投稿データの更新失敗: titleを空にする 投稿が更新されない
       [31mFailure/Error: let!(:book) { create(:book, user: user) }[0m
       [31m[0m
       [31mNoMethodError:[0m
       [31m  undefined method `book_name' for #<Book id: nil, title: "g7pkv", body: "1u019xelg1q0jmzk9orx", user_id: 1, created_at: nil, updated_at: nil>[0m
       [36m# /home/ec2-user/.rvm/gems/ruby-3.1.2/gems/factory_bot-6.4.6/lib/factory_bot/evaluation.rb:15:in `create'[0m
       [36m# /home/ec2-user/.rvm/gems/ruby-3.1.2/gems/factory_bot-6.4.6/lib/factory_bot/strategy/create.rb:12:in `block in result'[0m
       [36m# /home/ec2-user/.rvm/gems/ruby-3.1.2/gems/factory_bot-6.4.6/lib/factory_bot/strategy/create.rb:9:in `result'[0m
       [36m# /home/ec2-user/.rvm/gems/ruby-3.1.2/gems/factory_bot-6.4.6/lib/factory_bot/factory.rb:43:in `run'[0m
       [36m# /home/ec2-user/.rvm/gems/ruby-3.1.2/gems/factory_bot-6.4.6/lib/factory_bot/factory_runner.rb:29:in `block in run'[0m
       [36m# /home/ec2-user/.rvm/gems/ruby-3.1.2/gems/factory_bot-6.4.6/lib/factory_bot/factory_runner.rb:28:in `run'[0m
       [36m# /home/ec2-user/.rvm/gems/ruby-3.1.2/gems/factory_bot-6.4.6/lib/factory_bot/strategy_syntax_method_registrar.rb:28:in `block in define_singular_strategy_method'[0m
       [36m# ./spec/system/03_finishing_touches_spec.rb:6:in `block (2 levels) in <main>'[0m

  116) [STEP3] 仕上げのテスト 処理失敗時のテスト 投稿データの更新失敗: titleを空にする 投稿編集画面を表示しており、フォームの内容が正しい
       [31mFailure/Error: let!(:book) { create(:book, user: user) }[0m
       [31m[0m
       [31mNoMethodError:[0m
       [31m  undefined method `book_name' for #<Book id: nil, title: "0gqwn", body: "caysqur2c0y881yp1itq", user_id: 1, created_at: nil, updated_at: nil>[0m
       [36m# /home/ec2-user/.rvm/gems/ruby-3.1.2/gems/factory_bot-6.4.6/lib/factory_bot/evaluation.rb:15:in `create'[0m
       [36m# /home/ec2-user/.rvm/gems/ruby-3.1.2/gems/factory_bot-6.4.6/lib/factory_bot/strategy/create.rb:12:in `block in result'[0m
       [36m# /home/ec2-user/.rvm/gems/ruby-3.1.2/gems/factory_bot-6.4.6/lib/factory_bot/strategy/create.rb:9:in `result'[0m
       [36m# /home/ec2-user/.rvm/gems/ruby-3.1.2/gems/factory_bot-6.4.6/lib/factory_bot/factory.rb:43:in `run'[0m
       [36m# /home/ec2-user/.rvm/gems/ruby-3.1.2/gems/factory_bot-6.4.6/lib/factory_bot/factory_runner.rb:29:in `block in run'[0m
       [36m# /home/ec2-user/.rvm/gems/ruby-3.1.2/gems/factory_bot-6.4.6/lib/factory_bot/factory_runner.rb:28:in `run'[0m
       [36m# /home/ec2-user/.rvm/gems/ruby-3.1.2/gems/factory_bot-6.4.6/lib/factory_bot/strategy_syntax_method_registrar.rb:28:in `block in define_singular_strategy_method'[0m
       [36m# ./spec/system/03_finishing_touches_spec.rb:6:in `block (2 levels) in <main>'[0m

  117) [STEP3] 仕上げのテスト 処理失敗時のテスト 投稿データの更新失敗: titleを空にする エラーメッセージが表示される
       [31mFailure/Error: let!(:book) { create(:book, user: user) }[0m
       [31m[0m
       [31mNoMethodError:[0m
       [31m  undefined method `book_name' for #<Book id: nil, title: "e22f1", body: "xcn8jhrcp6tt17zmtcln", user_id: 1, created_at: nil, updated_at: nil>[0m
       [36m# /home/ec2-user/.rvm/gems/ruby-3.1.2/gems/factory_bot-6.4.6/lib/factory_bot/evaluation.rb:15:in `create'[0m
       [36m# /home/ec2-user/.rvm/gems/ruby-3.1.2/gems/factory_bot-6.4.6/lib/factory_bot/strategy/create.rb:12:in `block in result'[0m
       [36m# /home/ec2-user/.rvm/gems/ruby-3.1.2/gems/factory_bot-6.4.6/lib/factory_bot/strategy/create.rb:9:in `result'[0m
       [36m# /home/ec2-user/.rvm/gems/ruby-3.1.2/gems/factory_bot-6.4.6/lib/factory_bot/factory.rb:43:in `run'[0m
       [36m# /home/ec2-user/.rvm/gems/ruby-3.1.2/gems/factory_bot-6.4.6/lib/factory_bot/factory_runner.rb:29:in `block in run'[0m
       [36m# /home/ec2-user/.rvm/gems/ruby-3.1.2/gems/factory_bot-6.4.6/lib/factory_bot/factory_runner.rb:28:in `run'[0m
       [36m# /home/ec2-user/.rvm/gems/ruby-3.1.2/gems/factory_bot-6.4.6/lib/factory_bot/strategy_syntax_method_registrar.rb:28:in `block in define_singular_strategy_method'[0m
       [36m# ./spec/system/03_finishing_touches_spec.rb:6:in `block (2 levels) in <main>'[0m

  118) [STEP3] 仕上げのテスト ログインしていない場合のアクセス制限のテスト: アクセスできず、ログイン画面に遷移する ユーザ一覧画面
       [31mFailure/Error: let!(:book) { create(:book, user: user) }[0m
       [31m[0m
       [31mNoMethodError:[0m
       [31m  undefined method `book_name' for #<Book id: nil, title: "nagsg", body: "ynbgwkeqzzw220bj0l3q", user_id: 1, created_at: nil, updated_at: nil>[0m
       [36m# /home/ec2-user/.rvm/gems/ruby-3.1.2/gems/factory_bot-6.4.6/lib/factory_bot/evaluation.rb:15:in `create'[0m
       [36m# /home/ec2-user/.rvm/gems/ruby-3.1.2/gems/factory_bot-6.4.6/lib/factory_bot/strategy/create.rb:12:in `block in result'[0m
       [36m# /home/ec2-user/.rvm/gems/ruby-3.1.2/gems/factory_bot-6.4.6/lib/factory_bot/strategy/create.rb:9:in `result'[0m
       [36m# /home/ec2-user/.rvm/gems/ruby-3.1.2/gems/factory_bot-6.4.6/lib/factory_bot/factory.rb:43:in `run'[0m
       [36m# /home/ec2-user/.rvm/gems/ruby-3.1.2/gems/factory_bot-6.4.6/lib/factory_bot/factory_runner.rb:29:in `block in run'[0m
       [36m# /home/ec2-user/.rvm/gems/ruby-3.1.2/gems/factory_bot-6.4.6/lib/factory_bot/factory_runner.rb:28:in `run'[0m
       [36m# /home/ec2-user/.rvm/gems/ruby-3.1.2/gems/factory_bot-6.4.6/lib/factory_bot/strategy_syntax_method_registrar.rb:28:in `block in define_singular_strategy_method'[0m
       [36m# ./spec/system/03_finishing_touches_spec.rb:6:in `block (2 levels) in <main>'[0m

  119) [STEP3] 仕上げのテスト ログインしていない場合のアクセス制限のテスト: アクセスできず、ログイン画面に遷移する ユーザ詳細画面
       [31mFailure/Error: let!(:book) { create(:book, user: user) }[0m
       [31m[0m
       [31mNoMethodError:[0m
       [31m  undefined method `book_name' for #<Book id: nil, title: "k504m", body: "mhru38tgoxrzvxl04ot3", user_id: 1, created_at: nil, updated_at: nil>[0m
       [36m# /home/ec2-user/.rvm/gems/ruby-3.1.2/gems/factory_bot-6.4.6/lib/factory_bot/evaluation.rb:15:in `create'[0m
       [36m# /home/ec2-user/.rvm/gems/ruby-3.1.2/gems/factory_bot-6.4.6/lib/factory_bot/strategy/create.rb:12:in `block in result'[0m
       [36m# /home/ec2-user/.rvm/gems/ruby-3.1.2/gems/factory_bot-6.4.6/lib/factory_bot/strategy/create.rb:9:in `result'[0m
       [36m# /home/ec2-user/.rvm/gems/ruby-3.1.2/gems/factory_bot-6.4.6/lib/factory_bot/factory.rb:43:in `run'[0m
       [36m# /home/ec2-user/.rvm/gems/ruby-3.1.2/gems/factory_bot-6.4.6/lib/factory_bot/factory_runner.rb:29:in `block in run'[0m
       [36m# /home/ec2-user/.rvm/gems/ruby-3.1.2/gems/factory_bot-6.4.6/lib/factory_bot/factory_runner.rb:28:in `run'[0m
       [36m# /home/ec2-user/.rvm/gems/ruby-3.1.2/gems/factory_bot-6.4.6/lib/factory_bot/strategy_syntax_method_registrar.rb:28:in `block in define_singular_strategy_method'[0m
       [36m# ./spec/system/03_finishing_touches_spec.rb:6:in `block (2 levels) in <main>'[0m

  120) [STEP3] 仕上げのテスト ログインしていない場合のアクセス制限のテスト: アクセスできず、ログイン画面に遷移する ユーザ情報編集画面
       [31mFailure/Error: let!(:book) { create(:book, user: user) }[0m
       [31m[0m
       [31mNoMethodError:[0m
       [31m  undefined method `book_name' for #<Book id: nil, title: "w9z76", body: "z5kakhiwlc2tok9uyyuq", user_id: 1, created_at: nil, updated_at: nil>[0m
       [36m# /home/ec2-user/.rvm/gems/ruby-3.1.2/gems/factory_bot-6.4.6/lib/factory_bot/evaluation.rb:15:in `create'[0m
       [36m# /home/ec2-user/.rvm/gems/ruby-3.1.2/gems/factory_bot-6.4.6/lib/factory_bot/strategy/create.rb:12:in `block in result'[0m
       [36m# /home/ec2-user/.rvm/gems/ruby-3.1.2/gems/factory_bot-6.4.6/lib/factory_bot/strategy/create.rb:9:in `result'[0m
       [36m# /home/ec2-user/.rvm/gems/ruby-3.1.2/gems/factory_bot-6.4.6/lib/factory_bot/factory.rb:43:in `run'[0m
       [36m# /home/ec2-user/.rvm/gems/ruby-3.1.2/gems/factory_bot-6.4.6/lib/factory_bot/factory_runner.rb:29:in `block in run'[0m
       [36m# /home/ec2-user/.rvm/gems/ruby-3.1.2/gems/factory_bot-6.4.6/lib/factory_bot/factory_runner.rb:28:in `run'[0m
       [36m# /home/ec2-user/.rvm/gems/ruby-3.1.2/gems/factory_bot-6.4.6/lib/factory_bot/strategy_syntax_method_registrar.rb:28:in `block in define_singular_strategy_method'[0m
       [36m# ./spec/system/03_finishing_touches_spec.rb:6:in `block (2 levels) in <main>'[0m

  121) [STEP3] 仕上げのテスト ログインしていない場合のアクセス制限のテスト: アクセスできず、ログイン画面に遷移する 投稿一覧画面
       [31mFailure/Error: let!(:book) { create(:book, user: user) }[0m
       [31m[0m
       [31mNoMethodError:[0m
       [31m  undefined method `book_name' for #<Book id: nil, title: "zd9k9", body: "iwrtn49mfac3bcpdyteo", user_id: 1, created_at: nil, updated_at: nil>[0m
       [36m# /home/ec2-user/.rvm/gems/ruby-3.1.2/gems/factory_bot-6.4.6/lib/factory_bot/evaluation.rb:15:in `create'[0m
       [36m# /home/ec2-user/.rvm/gems/ruby-3.1.2/gems/factory_bot-6.4.6/lib/factory_bot/strategy/create.rb:12:in `block in result'[0m
       [36m# /home/ec2-user/.rvm/gems/ruby-3.1.2/gems/factory_bot-6.4.6/lib/factory_bot/strategy/create.rb:9:in `result'[0m
       [36m# /home/ec2-user/.rvm/gems/ruby-3.1.2/gems/factory_bot-6.4.6/lib/factory_bot/factory.rb:43:in `run'[0m
       [36m# /home/ec2-user/.rvm/gems/ruby-3.1.2/gems/factory_bot-6.4.6/lib/factory_bot/factory_runner.rb:29:in `block in run'[0m
       [36m# /home/ec2-user/.rvm/gems/ruby-3.1.2/gems/factory_bot-6.4.6/lib/factory_bot/factory_runner.rb:28:in `run'[0m
       [36m# /home/ec2-user/.rvm/gems/ruby-3.1.2/gems/factory_bot-6.4.6/lib/factory_bot/strategy_syntax_method_registrar.rb:28:in `block in define_singular_strategy_method'[0m
       [36m# ./spec/system/03_finishing_touches_spec.rb:6:in `block (2 levels) in <main>'[0m

  122) [STEP3] 仕上げのテスト ログインしていない場合のアクセス制限のテスト: アクセスできず、ログイン画面に遷移する 投稿詳細画面
       [31mFailure/Error: let!(:book) { create(:book, user: user) }[0m
       [31m[0m
       [31mNoMethodError:[0m
       [31m  undefined method `book_name' for #<Book id: nil, title: "ac0yd", body: "6hg3jxbrx4od4gjqjx49", user_id: 1, created_at: nil, updated_at: nil>[0m
       [36m# /home/ec2-user/.rvm/gems/ruby-3.1.2/gems/factory_bot-6.4.6/lib/factory_bot/evaluation.rb:15:in `create'[0m
       [36m# /home/ec2-user/.rvm/gems/ruby-3.1.2/gems/factory_bot-6.4.6/lib/factory_bot/strategy/create.rb:12:in `block in result'[0m
       [36m# /home/ec2-user/.rvm/gems/ruby-3.1.2/gems/factory_bot-6.4.6/lib/factory_bot/strategy/create.rb:9:in `result'[0m
       [36m# /home/ec2-user/.rvm/gems/ruby-3.1.2/gems/factory_bot-6.4.6/lib/factory_bot/factory.rb:43:in `run'[0m
       [36m# /home/ec2-user/.rvm/gems/ruby-3.1.2/gems/factory_bot-6.4.6/lib/factory_bot/factory_runner.rb:29:in `block in run'[0m
       [36m# /home/ec2-user/.rvm/gems/ruby-3.1.2/gems/factory_bot-6.4.6/lib/factory_bot/factory_runner.rb:28:in `run'[0m
       [36m# /home/ec2-user/.rvm/gems/ruby-3.1.2/gems/factory_bot-6.4.6/lib/factory_bot/strategy_syntax_method_registrar.rb:28:in `block in define_singular_strategy_method'[0m
       [36m# ./spec/system/03_finishing_touches_spec.rb:6:in `block (2 levels) in <main>'[0m

  123) [STEP3] 仕上げのテスト ログインしていない場合のアクセス制限のテスト: アクセスできず、ログイン画面に遷移する 投稿編集画面
       [31mFailure/Error: let!(:book) { create(:book, user: user) }[0m
       [31m[0m
       [31mNoMethodError:[0m
       [31m  undefined method `book_name' for #<Book id: nil, title: "hocl7", body: "10euu6nj0lq4hxi5cjlw", user_id: 1, created_at: nil, updated_at: nil>[0m
       [36m# /home/ec2-user/.rvm/gems/ruby-3.1.2/gems/factory_bot-6.4.6/lib/factory_bot/evaluation.rb:15:in `create'[0m
       [36m# /home/ec2-user/.rvm/gems/ruby-3.1.2/gems/factory_bot-6.4.6/lib/factory_bot/strategy/create.rb:12:in `block in result'[0m
       [36m# /home/ec2-user/.rvm/gems/ruby-3.1.2/gems/factory_bot-6.4.6/lib/factory_bot/strategy/create.rb:9:in `result'[0m
       [36m# /home/ec2-user/.rvm/gems/ruby-3.1.2/gems/factory_bot-6.4.6/lib/factory_bot/factory.rb:43:in `run'[0m
       [36m# /home/ec2-user/.rvm/gems/ruby-3.1.2/gems/factory_bot-6.4.6/lib/factory_bot/factory_runner.rb:29:in `block in run'[0m
       [36m# /home/ec2-user/.rvm/gems/ruby-3.1.2/gems/factory_bot-6.4.6/lib/factory_bot/factory_runner.rb:28:in `run'[0m
       [36m# /home/ec2-user/.rvm/gems/ruby-3.1.2/gems/factory_bot-6.4.6/lib/factory_bot/strategy_syntax_method_registrar.rb:28:in `block in define_singular_strategy_method'[0m
       [36m# ./spec/system/03_finishing_touches_spec.rb:6:in `block (2 levels) in <main>'[0m

  124) [STEP3] 仕上げのテスト 他人の画面のテスト 他人の投稿詳細画面のテスト 表示内容の確認 URLが正しい
       [31mFailure/Error: let!(:book) { create(:book, user: user) }[0m
       [31m[0m
       [31mNoMethodError:[0m
       [31m  undefined method `book_name' for #<Book id: nil, title: "xs4y1", body: "1ksnimc09ll3cln8sxok", user_id: 1, created_at: nil, updated_at: nil>[0m
       [36m# /home/ec2-user/.rvm/gems/ruby-3.1.2/gems/factory_bot-6.4.6/lib/factory_bot/evaluation.rb:15:in `create'[0m
       [36m# /home/ec2-user/.rvm/gems/ruby-3.1.2/gems/factory_bot-6.4.6/lib/factory_bot/strategy/create.rb:12:in `block in result'[0m
       [36m# /home/ec2-user/.rvm/gems/ruby-3.1.2/gems/factory_bot-6.4.6/lib/factory_bot/strategy/create.rb:9:in `result'[0m
       [36m# /home/ec2-user/.rvm/gems/ruby-3.1.2/gems/factory_bot-6.4.6/lib/factory_bot/factory.rb:43:in `run'[0m
       [36m# /home/ec2-user/.rvm/gems/ruby-3.1.2/gems/factory_bot-6.4.6/lib/factory_bot/factory_runner.rb:29:in `block in run'[0m
       [36m# /home/ec2-user/.rvm/gems/ruby-3.1.2/gems/factory_bot-6.4.6/lib/factory_bot/factory_runner.rb:28:in `run'[0m
       [36m# /home/ec2-user/.rvm/gems/ruby-3.1.2/gems/factory_bot-6.4.6/lib/factory_bot/strategy_syntax_method_registrar.rb:28:in `block in define_singular_strategy_method'[0m
       [36m# ./spec/system/03_finishing_touches_spec.rb:6:in `block (2 levels) in <main>'[0m

  125) [STEP3] 仕上げのテスト 他人の画面のテスト 他人の投稿詳細画面のテスト 表示内容の確認 「Book detail」と表示される
       [31mFailure/Error: let!(:book) { create(:book, user: user) }[0m
       [31m[0m
       [31mNoMethodError:[0m
       [31m  undefined method `book_name' for #<Book id: nil, title: "8nugj", body: "g0rukuief0sfjx4pop7f", user_id: 1, created_at: nil, updated_at: nil>[0m
       [36m# /home/ec2-user/.rvm/gems/ruby-3.1.2/gems/factory_bot-6.4.6/lib/factory_bot/evaluation.rb:15:in `create'[0m
       [36m# /home/ec2-user/.rvm/gems/ruby-3.1.2/gems/factory_bot-6.4.6/lib/factory_bot/strategy/create.rb:12:in `block in result'[0m
       [36m# /home/ec2-user/.rvm/gems/ruby-3.1.2/gems/factory_bot-6.4.6/lib/factory_bot/strategy/create.rb:9:in `result'[0m
       [36m# /home/ec2-user/.rvm/gems/ruby-3.1.2/gems/factory_bot-6.4.6/lib/factory_bot/factory.rb:43:in `run'[0m
       [36m# /home/ec2-user/.rvm/gems/ruby-3.1.2/gems/factory_bot-6.4.6/lib/factory_bot/factory_runner.rb:29:in `block in run'[0m
       [36m# /home/ec2-user/.rvm/gems/ruby-3.1.2/gems/factory_bot-6.4.6/lib/factory_bot/factory_runner.rb:28:in `run'[0m
       [36m# /home/ec2-user/.rvm/gems/ruby-3.1.2/gems/factory_bot-6.4.6/lib/factory_bot/strategy_syntax_method_registrar.rb:28:in `block in define_singular_strategy_method'[0m
       [36m# ./spec/system/03_finishing_touches_spec.rb:6:in `block (2 levels) in <main>'[0m

  126) [STEP3] 仕上げのテスト 他人の画面のテスト 他人の投稿詳細画面のテスト 表示内容の確認 ユーザ画像・名前のリンク先が正しい
       [31mFailure/Error: let!(:book) { create(:book, user: user) }[0m
       [31m[0m
       [31mNoMethodError:[0m
       [31m  undefined method `book_name' for #<Book id: nil, title: "y9syx", body: "oit32tq51vt4aq2x6ugp", user_id: 1, created_at: nil, updated_at: nil>[0m
       [36m# /home/ec2-user/.rvm/gems/ruby-3.1.2/gems/factory_bot-6.4.6/lib/factory_bot/evaluation.rb:15:in `create'[0m
       [36m# /home/ec2-user/.rvm/gems/ruby-3.1.2/gems/factory_bot-6.4.6/lib/factory_bot/strategy/create.rb:12:in `block in result'[0m
       [36m# /home/ec2-user/.rvm/gems/ruby-3.1.2/gems/factory_bot-6.4.6/lib/factory_bot/strategy/create.rb:9:in `result'[0m
       [36m# /home/ec2-user/.rvm/gems/ruby-3.1.2/gems/factory_bot-6.4.6/lib/factory_bot/factory.rb:43:in `run'[0m
       [36m# /home/ec2-user/.rvm/gems/ruby-3.1.2/gems/factory_bot-6.4.6/lib/factory_bot/factory_runner.rb:29:in `block in run'[0m
       [36m# /home/ec2-user/.rvm/gems/ruby-3.1.2/gems/factory_bot-6.4.6/lib/factory_bot/factory_runner.rb:28:in `run'[0m
       [36m# /home/ec2-user/.rvm/gems/ruby-3.1.2/gems/factory_bot-6.4.6/lib/factory_bot/strategy_syntax_method_registrar.rb:28:in `block in define_singular_strategy_method'[0m
       [36m# ./spec/system/03_finishing_touches_spec.rb:6:in `block (2 levels) in <main>'[0m

  127) [STEP3] 仕上げのテスト 他人の画面のテスト 他人の投稿詳細画面のテスト 表示内容の確認 投稿のtitleが表示される
       [31mFailure/Error: let!(:book) { create(:book, user: user) }[0m
       [31m[0m
       [31mNoMethodError:[0m
       [31m  undefined method `book_name' for #<Book id: nil, title: "gyl1i", body: "zgpgiv6j9yy4w263hk0g", user_id: 1, created_at: nil, updated_at: nil>[0m
       [36m# /home/ec2-user/.rvm/gems/ruby-3.1.2/gems/factory_bot-6.4.6/lib/factory_bot/evaluation.rb:15:in `create'[0m
       [36m# /home/ec2-user/.rvm/gems/ruby-3.1.2/gems/factory_bot-6.4.6/lib/factory_bot/strategy/create.rb:12:in `block in result'[0m
       [36m# /home/ec2-user/.rvm/gems/ruby-3.1.2/gems/factory_bot-6.4.6/lib/factory_bot/strategy/create.rb:9:in `result'[0m
       [36m# /home/ec2-user/.rvm/gems/ruby-3.1.2/gems/factory_bot-6.4.6/lib/factory_bot/factory.rb:43:in `run'[0m
       [36m# /home/ec2-user/.rvm/gems/ruby-3.1.2/gems/factory_bot-6.4.6/lib/factory_bot/factory_runner.rb:29:in `block in run'[0m
       [36m# /home/ec2-user/.rvm/gems/ruby-3.1.2/gems/factory_bot-6.4.6/lib/factory_bot/factory_runner.rb:28:in `run'[0m
       [36m# /home/ec2-user/.rvm/gems/ruby-3.1.2/gems/factory_bot-6.4.6/lib/factory_bot/strategy_syntax_method_registrar.rb:28:in `block in define_singular_strategy_method'[0m
       [36m# ./spec/system/03_finishing_touches_spec.rb:6:in `block (2 levels) in <main>'[0m

  128) [STEP3] 仕上げのテスト 他人の画面のテスト 他人の投稿詳細画面のテスト 表示内容の確認 投稿のopinionが表示される
       [31mFailure/Error: let!(:book) { create(:book, user: user) }[0m
       [31m[0m
       [31mNoMethodError:[0m
       [31m  undefined method `book_name' for #<Book id: nil, title: "xuq5m", body: "lcmihk3pjuczt33abia8", user_id: 1, created_at: nil, updated_at: nil>[0m
       [36m# /home/ec2-user/.rvm/gems/ruby-3.1.2/gems/factory_bot-6.4.6/lib/factory_bot/evaluation.rb:15:in `create'[0m
       [36m# /home/ec2-user/.rvm/gems/ruby-3.1.2/gems/factory_bot-6.4.6/lib/factory_bot/strategy/create.rb:12:in `block in result'[0m
       [36m# /home/ec2-user/.rvm/gems/ruby-3.1.2/gems/factory_bot-6.4.6/lib/factory_bot/strategy/create.rb:9:in `result'[0m
       [36m# /home/ec2-user/.rvm/gems/ruby-3.1.2/gems/factory_bot-6.4.6/lib/factory_bot/factory.rb:43:in `run'[0m
       [36m# /home/ec2-user/.rvm/gems/ruby-3.1.2/gems/factory_bot-6.4.6/lib/factory_bot/factory_runner.rb:29:in `block in run'[0m
       [36m# /home/ec2-user/.rvm/gems/ruby-3.1.2/gems/factory_bot-6.4.6/lib/factory_bot/factory_runner.rb:28:in `run'[0m
       [36m# /home/ec2-user/.rvm/gems/ruby-3.1.2/gems/factory_bot-6.4.6/lib/factory_bot/strategy_syntax_method_registrar.rb:28:in `block in define_singular_strategy_method'[0m
       [36m# ./spec/system/03_finishing_touches_spec.rb:6:in `block (2 levels) in <main>'[0m

  129) [STEP3] 仕上げのテスト 他人の画面のテスト 他人の投稿詳細画面のテスト 表示内容の確認 投稿の編集リンクが表示されない
       [31mFailure/Error: let!(:book) { create(:book, user: user) }[0m
       [31m[0m
       [31mNoMethodError:[0m
       [31m  undefined method `book_name' for #<Book id: nil, title: "630sk", body: "hkulsy84gybkev53e968", user_id: 1, created_at: nil, updated_at: nil>[0m
       [36m# /home/ec2-user/.rvm/gems/ruby-3.1.2/gems/factory_bot-6.4.6/lib/factory_bot/evaluation.rb:15:in `create'[0m
       [36m# /home/ec2-user/.rvm/gems/ruby-3.1.2/gems/factory_bot-6.4.6/lib/factory_bot/strategy/create.rb:12:in `block in result'[0m
       [36m# /home/ec2-user/.rvm/gems/ruby-3.1.2/gems/factory_bot-6.4.6/lib/factory_bot/strategy/create.rb:9:in `result'[0m
       [36m# /home/ec2-user/.rvm/gems/ruby-3.1.2/gems/factory_bot-6.4.6/lib/factory_bot/factory.rb:43:in `run'[0m
       [36m# /home/ec2-user/.rvm/gems/ruby-3.1.2/gems/factory_bot-6.4.6/lib/factory_bot/factory_runner.rb:29:in `block in run'[0m
       [36m# /home/ec2-user/.rvm/gems/ruby-3.1.2/gems/factory_bot-6.4.6/lib/factory_bot/factory_runner.rb:28:in `run'[0m
       [36m# /home/ec2-user/.rvm/gems/ruby-3.1.2/gems/factory_bot-6.4.6/lib/factory_bot/strategy_syntax_method_registrar.rb:28:in `block in define_singular_strategy_method'[0m
       [36m# ./spec/system/03_finishing_touches_spec.rb:6:in `block (2 levels) in <main>'[0m

  130) [STEP3] 仕上げのテスト 他人の画面のテスト 他人の投稿詳細画面のテスト 表示内容の確認 投稿の削除リンクが表示されない
       [31mFailure/Error: let!(:book) { create(:book, user: user) }[0m
       [31m[0m
       [31mNoMethodError:[0m
       [31m  undefined method `book_name' for #<Book id: nil, title: "ujnfq", body: "fmespe4kw816ch4163qk", user_id: 1, created_at: nil, updated_at: nil>[0m
       [36m# /home/ec2-user/.rvm/gems/ruby-3.1.2/gems/factory_bot-6.4.6/lib/factory_bot/evaluation.rb:15:in `create'[0m
       [36m# /home/ec2-user/.rvm/gems/ruby-3.1.2/gems/factory_bot-6.4.6/lib/factory_bot/strategy/create.rb:12:in `block in result'[0m
       [36m# /home/ec2-user/.rvm/gems/ruby-3.1.2/gems/factory_bot-6.4.6/lib/factory_bot/strategy/create.rb:9:in `result'[0m
       [36m# /home/ec2-user/.rvm/gems/ruby-3.1.2/gems/factory_bot-6.4.6/lib/factory_bot/factory.rb:43:in `run'[0m
       [36m# /home/ec2-user/.rvm/gems/ruby-3.1.2/gems/factory_bot-6.4.6/lib/factory_bot/factory_runner.rb:29:in `block in run'[0m
       [36m# /home/ec2-user/.rvm/gems/ruby-3.1.2/gems/factory_bot-6.4.6/lib/factory_bot/factory_runner.rb:28:in `run'[0m
       [36m# /home/ec2-user/.rvm/gems/ruby-3.1.2/gems/factory_bot-6.4.6/lib/factory_bot/strategy_syntax_method_registrar.rb:28:in `block in define_singular_strategy_method'[0m
       [36m# ./spec/system/03_finishing_touches_spec.rb:6:in `block (2 levels) in <main>'[0m

  131) [STEP3] 仕上げのテスト 他人の画面のテスト 他人の投稿詳細画面のテスト サイドバーの確認 他人の名前と紹介文が表示される
       [31mFailure/Error: let!(:book) { create(:book, user: user) }[0m
       [31m[0m
       [31mNoMethodError:[0m
       [31m  undefined method `book_name' for #<Book id: nil, title: "7let7", body: "ohde9eita1an7qwu0q9g", user_id: 1, created_at: nil, updated_at: nil>[0m
       [36m# /home/ec2-user/.rvm/gems/ruby-3.1.2/gems/factory_bot-6.4.6/lib/factory_bot/evaluation.rb:15:in `create'[0m
       [36m# /home/ec2-user/.rvm/gems/ruby-3.1.2/gems/factory_bot-6.4.6/lib/factory_bot/strategy/create.rb:12:in `block in result'[0m
       [36m# /home/ec2-user/.rvm/gems/ruby-3.1.2/gems/factory_bot-6.4.6/lib/factory_bot/strategy/create.rb:9:in `result'[0m
       [36m# /home/ec2-user/.rvm/gems/ruby-3.1.2/gems/factory_bot-6.4.6/lib/factory_bot/factory.rb:43:in `run'[0m
       [36m# /home/ec2-user/.rvm/gems/ruby-3.1.2/gems/factory_bot-6.4.6/lib/factory_bot/factory_runner.rb:29:in `block in run'[0m
       [36m# /home/ec2-user/.rvm/gems/ruby-3.1.2/gems/factory_bot-6.4.6/lib/factory_bot/factory_runner.rb:28:in `run'[0m
       [36m# /home/ec2-user/.rvm/gems/ruby-3.1.2/gems/factory_bot-6.4.6/lib/factory_bot/strategy_syntax_method_registrar.rb:28:in `block in define_singular_strategy_method'[0m
       [36m# ./spec/system/03_finishing_touches_spec.rb:6:in `block (2 levels) in <main>'[0m

  132) [STEP3] 仕上げのテスト 他人の画面のテスト 他人の投稿詳細画面のテスト サイドバーの確認 他人のユーザ編集画面へのリンクが存在する
       [31mFailure/Error: let!(:book) { create(:book, user: user) }[0m
       [31m[0m
       [31mNoMethodError:[0m
       [31m  undefined method `book_name' for #<Book id: nil, title: "cog5b", body: "rmvi9uu1fvn7obravdxl", user_id: 1, created_at: nil, updated_at: nil>[0m
       [36m# /home/ec2-user/.rvm/gems/ruby-3.1.2/gems/factory_bot-6.4.6/lib/factory_bot/evaluation.rb:15:in `create'[0m
       [36m# /home/ec2-user/.rvm/gems/ruby-3.1.2/gems/factory_bot-6.4.6/lib/factory_bot/strategy/create.rb:12:in `block in result'[0m
       [36m# /home/ec2-user/.rvm/gems/ruby-3.1.2/gems/factory_bot-6.4.6/lib/factory_bot/strategy/create.rb:9:in `result'[0m
       [36m# /home/ec2-user/.rvm/gems/ruby-3.1.2/gems/factory_bot-6.4.6/lib/factory_bot/factory.rb:43:in `run'[0m
       [36m# /home/ec2-user/.rvm/gems/ruby-3.1.2/gems/factory_bot-6.4.6/lib/factory_bot/factory_runner.rb:29:in `block in run'[0m
       [36m# /home/ec2-user/.rvm/gems/ruby-3.1.2/gems/factory_bot-6.4.6/lib/factory_bot/factory_runner.rb:28:in `run'[0m
       [36m# /home/ec2-user/.rvm/gems/ruby-3.1.2/gems/factory_bot-6.4.6/lib/factory_bot/strategy_syntax_method_registrar.rb:28:in `block in define_singular_strategy_method'[0m
       [36m# ./spec/system/03_finishing_touches_spec.rb:6:in `block (2 levels) in <main>'[0m

  133) [STEP3] 仕上げのテスト 他人の画面のテスト 他人の投稿詳細画面のテスト サイドバーの確認 自分の名前と紹介文は表示されない
       [31mFailure/Error: let!(:book) { create(:book, user: user) }[0m
       [31m[0m
       [31mNoMethodError:[0m
       [31m  undefined method `book_name' for #<Book id: nil, title: "qymlj", body: "s93bft2bsy33u2prvu5s", user_id: 1, created_at: nil, updated_at: nil>[0m
       [36m# /home/ec2-user/.rvm/gems/ruby-3.1.2/gems/factory_bot-6.4.6/lib/factory_bot/evaluation.rb:15:in `create'[0m
       [36m# /home/ec2-user/.rvm/gems/ruby-3.1.2/gems/factory_bot-6.4.6/lib/factory_bot/strategy/create.rb:12:in `block in result'[0m
       [36m# /home/ec2-user/.rvm/gems/ruby-3.1.2/gems/factory_bot-6.4.6/lib/factory_bot/strategy/create.rb:9:in `result'[0m
       [36m# /home/ec2-user/.rvm/gems/ruby-3.1.2/gems/factory_bot-6.4.6/lib/factory_bot/factory.rb:43:in `run'[0m
       [36m# /home/ec2-user/.rvm/gems/ruby-3.1.2/gems/factory_bot-6.4.6/lib/factory_bot/factory_runner.rb:29:in `block in run'[0m
       [36m# /home/ec2-user/.rvm/gems/ruby-3.1.2/gems/factory_bot-6.4.6/lib/factory_bot/factory_runner.rb:28:in `run'[0m
       [36m# /home/ec2-user/.rvm/gems/ruby-3.1.2/gems/factory_bot-6.4.6/lib/factory_bot/strategy_syntax_method_registrar.rb:28:in `block in define_singular_strategy_method'[0m
       [36m# ./spec/system/03_finishing_touches_spec.rb:6:in `block (2 levels) in <main>'[0m

  134) [STEP3] 仕上げのテスト 他人の画面のテスト 他人の投稿詳細画面のテスト サイドバーの確認 自分のユーザ編集画面へのリンクは存在しない
       [31mFailure/Error: let!(:book) { create(:book, user: user) }[0m
       [31m[0m
       [31mNoMethodError:[0m
       [31m  undefined method `book_name' for #<Book id: nil, title: "zrfpq", body: "z3gunz94nb2s703nqmz1", user_id: 1, created_at: nil, updated_at: nil>[0m
       [36m# /home/ec2-user/.rvm/gems/ruby-3.1.2/gems/factory_bot-6.4.6/lib/factory_bot/evaluation.rb:15:in `create'[0m
       [36m# /home/ec2-user/.rvm/gems/ruby-3.1.2/gems/factory_bot-6.4.6/lib/factory_bot/strategy/create.rb:12:in `block in result'[0m
       [36m# /home/ec2-user/.rvm/gems/ruby-3.1.2/gems/factory_bot-6.4.6/lib/factory_bot/strategy/create.rb:9:in `result'[0m
       [36m# /home/ec2-user/.rvm/gems/ruby-3.1.2/gems/factory_bot-6.4.6/lib/factory_bot/factory.rb:43:in `run'[0m
       [36m# /home/ec2-user/.rvm/gems/ruby-3.1.2/gems/factory_bot-6.4.6/lib/factory_bot/factory_runner.rb:29:in `block in run'[0m
       [36m# /home/ec2-user/.rvm/gems/ruby-3.1.2/gems/factory_bot-6.4.6/lib/factory_bot/factory_runner.rb:28:in `run'[0m
       [36m# /home/ec2-user/.rvm/gems/ruby-3.1.2/gems/factory_bot-6.4.6/lib/factory_bot/strategy_syntax_method_registrar.rb:28:in `block in define_singular_strategy_method'[0m
       [36m# ./spec/system/03_finishing_touches_spec.rb:6:in `block (2 levels) in <main>'[0m

  135) [STEP3] 仕上げのテスト 他人の画面のテスト 他人の投稿編集画面 遷移できず、投稿一覧画面にリダイレクトされる
       [31mFailure/Error: let!(:book) { create(:book, user: user) }[0m
       [31m[0m
       [31mNoMethodError:[0m
       [31m  undefined method `book_name' for #<Book id: nil, title: "p7k8p", body: "1vw5vuaxwo3il389lx5a", user_id: 1, created_at: nil, updated_at: nil>[0m
       [36m# /home/ec2-user/.rvm/gems/ruby-3.1.2/gems/factory_bot-6.4.6/lib/factory_bot/evaluation.rb:15:in `create'[0m
       [36m# /home/ec2-user/.rvm/gems/ruby-3.1.2/gems/factory_bot-6.4.6/lib/factory_bot/strategy/create.rb:12:in `block in result'[0m
       [36m# /home/ec2-user/.rvm/gems/ruby-3.1.2/gems/factory_bot-6.4.6/lib/factory_bot/strategy/create.rb:9:in `result'[0m
       [36m# /home/ec2-user/.rvm/gems/ruby-3.1.2/gems/factory_bot-6.4.6/lib/factory_bot/factory.rb:43:in `run'[0m
       [36m# /home/ec2-user/.rvm/gems/ruby-3.1.2/gems/factory_bot-6.4.6/lib/factory_bot/factory_runner.rb:29:in `block in run'[0m
       [36m# /home/ec2-user/.rvm/gems/ruby-3.1.2/gems/factory_bot-6.4.6/lib/factory_bot/factory_runner.rb:28:in `run'[0m
       [36m# /home/ec2-user/.rvm/gems/ruby-3.1.2/gems/factory_bot-6.4.6/lib/factory_bot/strategy_syntax_method_registrar.rb:28:in `block in define_singular_strategy_method'[0m
       [36m# ./spec/system/03_finishing_touches_spec.rb:6:in `block (2 levels) in <main>'[0m

  136) [STEP3] 仕上げのテスト 他人の画面のテスト 他人のユーザ詳細画面のテスト 表示の確認 URLが正しい
       [31mFailure/Error: let!(:book) { create(:book, user: user) }[0m
       [31m[0m
       [31mNoMethodError:[0m
       [31m  undefined method `book_name' for #<Book id: nil, title: "b3jwz", body: "8c1e2fmxeq4uqxhglo5b", user_id: 1, created_at: nil, updated_at: nil>[0m
       [36m# /home/ec2-user/.rvm/gems/ruby-3.1.2/gems/factory_bot-6.4.6/lib/factory_bot/evaluation.rb:15:in `create'[0m
       [36m# /home/ec2-user/.rvm/gems/ruby-3.1.2/gems/factory_bot-6.4.6/lib/factory_bot/strategy/create.rb:12:in `block in result'[0m
       [36m# /home/ec2-user/.rvm/gems/ruby-3.1.2/gems/factory_bot-6.4.6/lib/factory_bot/strategy/create.rb:9:in `result'[0m
       [36m# /home/ec2-user/.rvm/gems/ruby-3.1.2/gems/factory_bot-6.4.6/lib/factory_bot/factory.rb:43:in `run'[0m
       [36m# /home/ec2-user/.rvm/gems/ruby-3.1.2/gems/factory_bot-6.4.6/lib/factory_bot/factory_runner.rb:29:in `block in run'[0m
       [36m# /home/ec2-user/.rvm/gems/ruby-3.1.2/gems/factory_bot-6.4.6/lib/factory_bot/factory_runner.rb:28:in `run'[0m
       [36m# /home/ec2-user/.rvm/gems/ruby-3.1.2/gems/factory_bot-6.4.6/lib/factory_bot/strategy_syntax_method_registrar.rb:28:in `block in define_singular_strategy_method'[0m
       [36m# ./spec/system/03_finishing_touches_spec.rb:6:in `block (2 levels) in <main>'[0m

  137) [STEP3] 仕上げのテスト 他人の画面のテスト 他人のユーザ詳細画面のテスト 表示の確認 投稿一覧のユーザ画像のリンク先が正しい
       [31mFailure/Error: let!(:book) { create(:book, user: user) }[0m
       [31m[0m
       [31mNoMethodError:[0m
       [31m  undefined method `book_name' for #<Book id: nil, title: "6cxme", body: "qqcn5dtw2r32ebp6611w", user_id: 1, created_at: nil, updated_at: nil>[0m
       [36m# /home/ec2-user/.rvm/gems/ruby-3.1.2/gems/factory_bot-6.4.6/lib/factory_bot/evaluation.rb:15:in `create'[0m
       [36m# /home/ec2-user/.rvm/gems/ruby-3.1.2/gems/factory_bot-6.4.6/lib/factory_bot/strategy/create.rb:12:in `block in result'[0m
       [36m# /home/ec2-user/.rvm/gems/ruby-3.1.2/gems/factory_bot-6.4.6/lib/factory_bot/strategy/create.rb:9:in `result'[0m
       [36m# /home/ec2-user/.rvm/gems/ruby-3.1.2/gems/factory_bot-6.4.6/lib/factory_bot/factory.rb:43:in `run'[0m
       [36m# /home/ec2-user/.rvm/gems/ruby-3.1.2/gems/factory_bot-6.4.6/lib/factory_bot/factory_runner.rb:29:in `block in run'[0m
       [36m# /home/ec2-user/.rvm/gems/ruby-3.1.2/gems/factory_bot-6.4.6/lib/factory_bot/factory_runner.rb:28:in `run'[0m
       [36m# /home/ec2-user/.rvm/gems/ruby-3.1.2/gems/factory_bot-6.4.6/lib/factory_bot/strategy_syntax_method_registrar.rb:28:in `block in define_singular_strategy_method'[0m
       [36m# ./spec/system/03_finishing_touches_spec.rb:6:in `block (2 levels) in <main>'[0m

  138) [STEP3] 仕上げのテスト 他人の画面のテスト 他人のユーザ詳細画面のテスト 表示の確認 投稿一覧に他人の投稿のtitleが表示され、リンクが正しい
       [31mFailure/Error: let!(:book) { create(:book, user: user) }[0m
       [31m[0m
       [31mNoMethodError:[0m
       [31m  undefined method `book_name' for #<Book id: nil, title: "tgi0a", body: "mxpc2xua0kvphf0x57yb", user_id: 1, created_at: nil, updated_at: nil>[0m
       [36m# /home/ec2-user/.rvm/gems/ruby-3.1.2/gems/factory_bot-6.4.6/lib/factory_bot/evaluation.rb:15:in `create'[0m
       [36m# /home/ec2-user/.rvm/gems/ruby-3.1.2/gems/factory_bot-6.4.6/lib/factory_bot/strategy/create.rb:12:in `block in result'[0m
       [36m# /home/ec2-user/.rvm/gems/ruby-3.1.2/gems/factory_bot-6.4.6/lib/factory_bot/strategy/create.rb:9:in `result'[0m
       [36m# /home/ec2-user/.rvm/gems/ruby-3.1.2/gems/factory_bot-6.4.6/lib/factory_bot/factory.rb:43:in `run'[0m
       [36m# /home/ec2-user/.rvm/gems/ruby-3.1.2/gems/factory_bot-6.4.6/lib/factory_bot/factory_runner.rb:29:in `block in run'[0m
       [36m# /home/ec2-user/.rvm/gems/ruby-3.1.2/gems/factory_bot-6.4.6/lib/factory_bot/factory_runner.rb:28:in `run'[0m
       [36m# /home/ec2-user/.rvm/gems/ruby-3.1.2/gems/factory_bot-6.4.6/lib/factory_bot/strategy_syntax_method_registrar.rb:28:in `block in define_singular_strategy_method'[0m
       [36m# ./spec/system/03_finishing_touches_spec.rb:6:in `block (2 levels) in <main>'[0m

  139) [STEP3] 仕上げのテスト 他人の画面のテスト 他人のユーザ詳細画面のテスト 表示の確認 投稿一覧に他人の投稿のopinionが表示される
       [31mFailure/Error: let!(:book) { create(:book, user: user) }[0m
       [31m[0m
       [31mNoMethodError:[0m
       [31m  undefined method `book_name' for #<Book id: nil, title: "1upr9", body: "ulgfju3tge5k1d8l0zmf", user_id: 1, created_at: nil, updated_at: nil>[0m
       [36m# /home/ec2-user/.rvm/gems/ruby-3.1.2/gems/factory_bot-6.4.6/lib/factory_bot/evaluation.rb:15:in `create'[0m
       [36m# /home/ec2-user/.rvm/gems/ruby-3.1.2/gems/factory_bot-6.4.6/lib/factory_bot/strategy/create.rb:12:in `block in result'[0m
       [36m# /home/ec2-user/.rvm/gems/ruby-3.1.2/gems/factory_bot-6.4.6/lib/factory_bot/strategy/create.rb:9:in `result'[0m
       [36m# /home/ec2-user/.rvm/gems/ruby-3.1.2/gems/factory_bot-6.4.6/lib/factory_bot/factory.rb:43:in `run'[0m
       [36m# /home/ec2-user/.rvm/gems/ruby-3.1.2/gems/factory_bot-6.4.6/lib/factory_bot/factory_runner.rb:29:in `block in run'[0m
       [36m# /home/ec2-user/.rvm/gems/ruby-3.1.2/gems/factory_bot-6.4.6/lib/factory_bot/factory_runner.rb:28:in `run'[0m
       [36m# /home/ec2-user/.rvm/gems/ruby-3.1.2/gems/factory_bot-6.4.6/lib/factory_bot/strategy_syntax_method_registrar.rb:28:in `block in define_singular_strategy_method'[0m
       [36m# ./spec/system/03_finishing_touches_spec.rb:6:in `block (2 levels) in <main>'[0m

  140) [STEP3] 仕上げのテスト 他人の画面のテスト 他人のユーザ詳細画面のテスト 表示の確認 自分の投稿は表示されない
       [31mFailure/Error: let!(:book) { create(:book, user: user) }[0m
       [31m[0m
       [31mNoMethodError:[0m
       [31m  undefined method `book_name' for #<Book id: nil, title: "rzrcg", body: "dloc8uwica89m7ju5ods", user_id: 1, created_at: nil, updated_at: nil>[0m
       [36m# /home/ec2-user/.rvm/gems/ruby-3.1.2/gems/factory_bot-6.4.6/lib/factory_bot/evaluation.rb:15:in `create'[0m
       [36m# /home/ec2-user/.rvm/gems/ruby-3.1.2/gems/factory_bot-6.4.6/lib/factory_bot/strategy/create.rb:12:in `block in result'[0m
       [36m# /home/ec2-user/.rvm/gems/ruby-3.1.2/gems/factory_bot-6.4.6/lib/factory_bot/strategy/create.rb:9:in `result'[0m
       [36m# /home/ec2-user/.rvm/gems/ruby-3.1.2/gems/factory_bot-6.4.6/lib/factory_bot/factory.rb:43:in `run'[0m
       [36m# /home/ec2-user/.rvm/gems/ruby-3.1.2/gems/factory_bot-6.4.6/lib/factory_bot/factory_runner.rb:29:in `block in run'[0m
       [36m# /home/ec2-user/.rvm/gems/ruby-3.1.2/gems/factory_bot-6.4.6/lib/factory_bot/factory_runner.rb:28:in `run'[0m
       [36m# /home/ec2-user/.rvm/gems/ruby-3.1.2/gems/factory_bot-6.4.6/lib/factory_bot/strategy_syntax_method_registrar.rb:28:in `block in define_singular_strategy_method'[0m
       [36m# ./spec/system/03_finishing_touches_spec.rb:6:in `block (2 levels) in <main>'[0m

  141) [STEP3] 仕上げのテスト 他人の画面のテスト 他人のユーザ詳細画面のテスト サイドバーの確認 他人の名前と紹介文が表示される
       [31mFailure/Error: let!(:book) { create(:book, user: user) }[0m
       [31m[0m
       [31mNoMethodError:[0m
       [31m  undefined method `book_name' for #<Book id: nil, title: "iilzy", body: "4to8spii46kjfwqgjzc6", user_id: 1, created_at: nil, updated_at: nil>[0m
       [36m# /home/ec2-user/.rvm/gems/ruby-3.1.2/gems/factory_bot-6.4.6/lib/factory_bot/evaluation.rb:15:in `create'[0m
       [36m# /home/ec2-user/.rvm/gems/ruby-3.1.2/gems/factory_bot-6.4.6/lib/factory_bot/strategy/create.rb:12:in `block in result'[0m
       [36m# /home/ec2-user/.rvm/gems/ruby-3.1.2/gems/factory_bot-6.4.6/lib/factory_bot/strategy/create.rb:9:in `result'[0m
       [36m# /home/ec2-user/.rvm/gems/ruby-3.1.2/gems/factory_bot-6.4.6/lib/factory_bot/factory.rb:43:in `run'[0m
       [36m# /home/ec2-user/.rvm/gems/ruby-3.1.2/gems/factory_bot-6.4.6/lib/factory_bot/factory_runner.rb:29:in `block in run'[0m
       [36m# /home/ec2-user/.rvm/gems/ruby-3.1.2/gems/factory_bot-6.4.6/lib/factory_bot/factory_runner.rb:28:in `run'[0m
       [36m# /home/ec2-user/.rvm/gems/ruby-3.1.2/gems/factory_bot-6.4.6/lib/factory_bot/strategy_syntax_method_registrar.rb:28:in `block in define_singular_strategy_method'[0m
       [36m# ./spec/system/03_finishing_touches_spec.rb:6:in `block (2 levels) in <main>'[0m

  142) [STEP3] 仕上げのテスト 他人の画面のテスト 他人のユーザ詳細画面のテスト サイドバーの確認 他人のユーザ編集画面へのリンクが存在する
       [31mFailure/Error: let!(:book) { create(:book, user: user) }[0m
       [31m[0m
       [31mNoMethodError:[0m
       [31m  undefined method `book_name' for #<Book id: nil, title: "qlln6", body: "cc7d42fnjycxd9zkrkb9", user_id: 1, created_at: nil, updated_at: nil>[0m
       [36m# /home/ec2-user/.rvm/gems/ruby-3.1.2/gems/factory_bot-6.4.6/lib/factory_bot/evaluation.rb:15:in `create'[0m
       [36m# /home/ec2-user/.rvm/gems/ruby-3.1.2/gems/factory_bot-6.4.6/lib/factory_bot/strategy/create.rb:12:in `block in result'[0m
       [36m# /home/ec2-user/.rvm/gems/ruby-3.1.2/gems/factory_bot-6.4.6/lib/factory_bot/strategy/create.rb:9:in `result'[0m
       [36m# /home/ec2-user/.rvm/gems/ruby-3.1.2/gems/factory_bot-6.4.6/lib/factory_bot/factory.rb:43:in `run'[0m
       [36m# /home/ec2-user/.rvm/gems/ruby-3.1.2/gems/factory_bot-6.4.6/lib/factory_bot/factory_runner.rb:29:in `block in run'[0m
       [36m# /home/ec2-user/.rvm/gems/ruby-3.1.2/gems/factory_bot-6.4.6/lib/factory_bot/factory_runner.rb:28:in `run'[0m
       [36m# /home/ec2-user/.rvm/gems/ruby-3.1.2/gems/factory_bot-6.4.6/lib/factory_bot/strategy_syntax_method_registrar.rb:28:in `block in define_singular_strategy_method'[0m
       [36m# ./spec/system/03_finishing_touches_spec.rb:6:in `block (2 levels) in <main>'[0m

  143) [STEP3] 仕上げのテスト 他人の画面のテスト 他人のユーザ詳細画面のテスト サイドバーの確認 自分の名前と紹介文は表示されない
       [31mFailure/Error: let!(:book) { create(:book, user: user) }[0m
       [31m[0m
       [31mNoMethodError:[0m
       [31m  undefined method `book_name' for #<Book id: nil, title: "j3o8j", body: "km86t9nv0u00fowje4il", user_id: 1, created_at: nil, updated_at: nil>[0m
       [36m# /home/ec2-user/.rvm/gems/ruby-3.1.2/gems/factory_bot-6.4.6/lib/factory_bot/evaluation.rb:15:in `create'[0m
       [36m# /home/ec2-user/.rvm/gems/ruby-3.1.2/gems/factory_bot-6.4.6/lib/factory_bot/strategy/create.rb:12:in `block in result'[0m
       [36m# /home/ec2-user/.rvm/gems/ruby-3.1.2/gems/factory_bot-6.4.6/lib/factory_bot/strategy/create.rb:9:in `result'[0m
       [36m# /home/ec2-user/.rvm/gems/ruby-3.1.2/gems/factory_bot-6.4.6/lib/factory_bot/factory.rb:43:in `run'[0m
       [36m# /home/ec2-user/.rvm/gems/ruby-3.1.2/gems/factory_bot-6.4.6/lib/factory_bot/factory_runner.rb:29:in `block in run'[0m
       [36m# /home/ec2-user/.rvm/gems/ruby-3.1.2/gems/factory_bot-6.4.6/lib/factory_bot/factory_runner.rb:28:in `run'[0m
       [36m# /home/ec2-user/.rvm/gems/ruby-3.1.2/gems/factory_bot-6.4.6/lib/factory_bot/strategy_syntax_method_registrar.rb:28:in `block in define_singular_strategy_method'[0m
       [36m# ./spec/system/03_finishing_touches_spec.rb:6:in `block (2 levels) in <main>'[0m

  144) [STEP3] 仕上げのテスト 他人の画面のテスト 他人のユーザ詳細画面のテスト サイドバーの確認 自分のユーザ編集画面へのリンクは存在しない
       [31mFailure/Error: let!(:book) { create(:book, user: user) }[0m
       [31m[0m
       [31mNoMethodError:[0m
       [31m  undefined method `book_name' for #<Book id: nil, title: "98vfs", body: "1uuabiwcggjdph9r9i3r", user_id: 1, created_at: nil, updated_at: nil>[0m
       [36m# /home/ec2-user/.rvm/gems/ruby-3.1.2/gems/factory_bot-6.4.6/lib/factory_bot/evaluation.rb:15:in `create'[0m
       [36m# /home/ec2-user/.rvm/gems/ruby-3.1.2/gems/factory_bot-6.4.6/lib/factory_bot/strategy/create.rb:12:in `block in result'[0m
       [36m# /home/ec2-user/.rvm/gems/ruby-3.1.2/gems/factory_bot-6.4.6/lib/factory_bot/strategy/create.rb:9:in `result'[0m
       [36m# /home/ec2-user/.rvm/gems/ruby-3.1.2/gems/factory_bot-6.4.6/lib/factory_bot/factory.rb:43:in `run'[0m
       [36m# /home/ec2-user/.rvm/gems/ruby-3.1.2/gems/factory_bot-6.4.6/lib/factory_bot/factory_runner.rb:29:in `block in run'[0m
       [36m# /home/ec2-user/.rvm/gems/ruby-3.1.2/gems/factory_bot-6.4.6/lib/factory_bot/factory_runner.rb:28:in `run'[0m
       [36m# /home/ec2-user/.rvm/gems/ruby-3.1.2/gems/factory_bot-6.4.6/lib/factory_bot/strategy_syntax_method_registrar.rb:28:in `block in define_singular_strategy_method'[0m
       [36m# ./spec/system/03_finishing_touches_spec.rb:6:in `block (2 levels) in <main>'[0m

  145) [STEP3] 仕上げのテスト 他人の画面のテスト 他人のユーザ情報編集画面 遷移できず、自分のユーザ詳細画面にリダイレクトされる
       [31mFailure/Error: let!(:book) { create(:book, user: user) }[0m
       [31m[0m
       [31mNoMethodError:[0m
       [31m  undefined method `book_name' for #<Book id: nil, title: "roexz", body: "r8pqi407ezolfk57u35b", user_id: 1, created_at: nil, updated_at: nil>[0m
       [36m# /home/ec2-user/.rvm/gems/ruby-3.1.2/gems/factory_bot-6.4.6/lib/factory_bot/evaluation.rb:15:in `create'[0m
       [36m# /home/ec2-user/.rvm/gems/ruby-3.1.2/gems/factory_bot-6.4.6/lib/factory_bot/strategy/create.rb:12:in `block in result'[0m
       [36m# /home/ec2-user/.rvm/gems/ruby-3.1.2/gems/factory_bot-6.4.6/lib/factory_bot/strategy/create.rb:9:in `result'[0m
       [36m# /home/ec2-user/.rvm/gems/ruby-3.1.2/gems/factory_bot-6.4.6/lib/factory_bot/factory.rb:43:in `run'[0m
       [36m# /home/ec2-user/.rvm/gems/ruby-3.1.2/gems/factory_bot-6.4.6/lib/factory_bot/factory_runner.rb:29:in `block in run'[0m
       [36m# /home/ec2-user/.rvm/gems/ruby-3.1.2/gems/factory_bot-6.4.6/lib/factory_bot/factory_runner.rb:28:in `run'[0m
       [36m# /home/ec2-user/.rvm/gems/ruby-3.1.2/gems/factory_bot-6.4.6/lib/factory_bot/strategy_syntax_method_registrar.rb:28:in `block in define_singular_strategy_method'[0m
       [36m# ./spec/system/03_finishing_touches_spec.rb:6:in `block (2 levels) in <main>'[0m

  146) [STEP3] 仕上げのテスト グリッドシステムのテスト: container, row, col-md-〇を正しく使えている ユーザ一覧画面
       [31mFailure/Error: let!(:book) { create(:book, user: user) }[0m
       [31m[0m
       [31mNoMethodError:[0m
       [31m  undefined method `book_name' for #<Book id: nil, title: "wfaed", body: "7eu3rktvxqzg4yzpdcrm", user_id: 1, created_at: nil, updated_at: nil>[0m
       [36m# /home/ec2-user/.rvm/gems/ruby-3.1.2/gems/factory_bot-6.4.6/lib/factory_bot/evaluation.rb:15:in `create'[0m
       [36m# /home/ec2-user/.rvm/gems/ruby-3.1.2/gems/factory_bot-6.4.6/lib/factory_bot/strategy/create.rb:12:in `block in result'[0m
       [36m# /home/ec2-user/.rvm/gems/ruby-3.1.2/gems/factory_bot-6.4.6/lib/factory_bot/strategy/create.rb:9:in `result'[0m
       [36m# /home/ec2-user/.rvm/gems/ruby-3.1.2/gems/factory_bot-6.4.6/lib/factory_bot/factory.rb:43:in `run'[0m
       [36m# /home/ec2-user/.rvm/gems/ruby-3.1.2/gems/factory_bot-6.4.6/lib/factory_bot/factory_runner.rb:29:in `block in run'[0m
       [36m# /home/ec2-user/.rvm/gems/ruby-3.1.2/gems/factory_bot-6.4.6/lib/factory_bot/factory_runner.rb:28:in `run'[0m
       [36m# /home/ec2-user/.rvm/gems/ruby-3.1.2/gems/factory_bot-6.4.6/lib/factory_bot/strategy_syntax_method_registrar.rb:28:in `block in define_singular_strategy_method'[0m
       [36m# ./spec/system/03_finishing_touches_spec.rb:6:in `block (2 levels) in <main>'[0m

  147) [STEP3] 仕上げのテスト グリッドシステムのテスト: container, row, col-md-〇を正しく使えている ユーザ詳細画面
       [31mFailure/Error: let!(:book) { create(:book, user: user) }[0m
       [31m[0m
       [31mNoMethodError:[0m
       [31m  undefined method `book_name' for #<Book id: nil, title: "6ks0q", body: "v9aqvk85c3yjxbx1em0r", user_id: 1, created_at: nil, updated_at: nil>[0m
       [36m# /home/ec2-user/.rvm/gems/ruby-3.1.2/gems/factory_bot-6.4.6/lib/factory_bot/evaluation.rb:15:in `create'[0m
       [36m# /home/ec2-user/.rvm/gems/ruby-3.1.2/gems/factory_bot-6.4.6/lib/factory_bot/strategy/create.rb:12:in `block in result'[0m
       [36m# /home/ec2-user/.rvm/gems/ruby-3.1.2/gems/factory_bot-6.4.6/lib/factory_bot/strategy/create.rb:9:in `result'[0m
       [36m# /home/ec2-user/.rvm/gems/ruby-3.1.2/gems/factory_bot-6.4.6/lib/factory_bot/factory.rb:43:in `run'[0m
       [36m# /home/ec2-user/.rvm/gems/ruby-3.1.2/gems/factory_bot-6.4.6/lib/factory_bot/factory_runner.rb:29:in `block in run'[0m
       [36m# /home/ec2-user/.rvm/gems/ruby-3.1.2/gems/factory_bot-6.4.6/lib/factory_bot/factory_runner.rb:28:in `run'[0m
       [36m# /home/ec2-user/.rvm/gems/ruby-3.1.2/gems/factory_bot-6.4.6/lib/factory_bot/strategy_syntax_method_registrar.rb:28:in `block in define_singular_strategy_method'[0m
       [36m# ./spec/system/03_finishing_touches_spec.rb:6:in `block (2 levels) in <main>'[0m

  148) [STEP3] 仕上げのテスト グリッドシステムのテスト: container, row, col-md-〇を正しく使えている 投稿一覧画面
       [31mFailure/Error: let!(:book) { create(:book, user: user) }[0m
       [31m[0m
       [31mNoMethodError:[0m
       [31m  undefined method `book_name' for #<Book id: nil, title: "3jo2p", body: "y7k5hfuimkb7blaezaeo", user_id: 1, created_at: nil, updated_at: nil>[0m
       [36m# /home/ec2-user/.rvm/gems/ruby-3.1.2/gems/factory_bot-6.4.6/lib/factory_bot/evaluation.rb:15:in `create'[0m
       [36m# /home/ec2-user/.rvm/gems/ruby-3.1.2/gems/factory_bot-6.4.6/lib/factory_bot/strategy/create.rb:12:in `block in result'[0m
       [36m# /home/ec2-user/.rvm/gems/ruby-3.1.2/gems/factory_bot-6.4.6/lib/factory_bot/strategy/create.rb:9:in `result'[0m
       [36m# /home/ec2-user/.rvm/gems/ruby-3.1.2/gems/factory_bot-6.4.6/lib/factory_bot/factory.rb:43:in `run'[0m
       [36m# /home/ec2-user/.rvm/gems/ruby-3.1.2/gems/factory_bot-6.4.6/lib/factory_bot/factory_runner.rb:29:in `block in run'[0m
       [36m# /home/ec2-user/.rvm/gems/ruby-3.1.2/gems/factory_bot-6.4.6/lib/factory_bot/factory_runner.rb:28:in `run'[0m
       [36m# /home/ec2-user/.rvm/gems/ruby-3.1.2/gems/factory_bot-6.4.6/lib/factory_bot/strategy_syntax_method_registrar.rb:28:in `block in define_singular_strategy_method'[0m
       [36m# ./spec/system/03_finishing_touches_spec.rb:6:in `block (2 levels) in <main>'[0m

  149) [STEP3] 仕上げのテスト グリッドシステムのテスト: container, row, col-md-〇を正しく使えている 投稿詳細画面
       [31mFailure/Error: let!(:book) { create(:book, user: user) }[0m
       [31m[0m
       [31mNoMethodError:[0m
       [31m  undefined method `book_name' for #<Book id: nil, title: "sm8qf", body: "x30mp2erzuocej86nms1", user_id: 1, created_at: nil, updated_at: nil>[0m
       [36m# /home/ec2-user/.rvm/gems/ruby-3.1.2/gems/factory_bot-6.4.6/lib/factory_bot/evaluation.rb:15:in `create'[0m
       [36m# /home/ec2-user/.rvm/gems/ruby-3.1.2/gems/factory_bot-6.4.6/lib/factory_bot/strategy/create.rb:12:in `block in result'[0m
       [36m# /home/ec2-user/.rvm/gems/ruby-3.1.2/gems/factory_bot-6.4.6/lib/factory_bot/strategy/create.rb:9:in `result'[0m
       [36m# /home/ec2-user/.rvm/gems/ruby-3.1.2/gems/factory_bot-6.4.6/lib/factory_bot/factory.rb:43:in `run'[0m
       [36m# /home/ec2-user/.rvm/gems/ruby-3.1.2/gems/factory_bot-6.4.6/lib/factory_bot/factory_runner.rb:29:in `block in run'[0m
       [36m# /home/ec2-user/.rvm/gems/ruby-3.1.2/gems/factory_bot-6.4.6/lib/factory_bot/factory_runner.rb:28:in `run'[0m
       [36m# /home/ec2-user/.rvm/gems/ruby-3.1.2/gems/factory_bot-6.4.6/lib/factory_bot/strategy_syntax_method_registrar.rb:28:in `block in define_singular_strategy_method'[0m
       [36m# ./spec/system/03_finishing_touches_spec.rb:6:in `block (2 levels) in <main>'[0m

  150) [STEP3] 仕上げのテスト アイコンのテスト トップ画面 本のアイコンが表示される
       [31mFailure/Error: let!(:book) { create(:book, user: user) }[0m
       [31m[0m
       [31mNoMethodError:[0m
       [31m  undefined method `book_name' for #<Book id: nil, title: "k1gkd", body: "84jmxgho8j74nutn35e6", user_id: 1, created_at: nil, updated_at: nil>[0m
       [36m# /home/ec2-user/.rvm/gems/ruby-3.1.2/gems/factory_bot-6.4.6/lib/factory_bot/evaluation.rb:15:in `create'[0m
       [36m# /home/ec2-user/.rvm/gems/ruby-3.1.2/gems/factory_bot-6.4.6/lib/factory_bot/strategy/create.rb:12:in `block in result'[0m
       [36m# /home/ec2-user/.rvm/gems/ruby-3.1.2/gems/factory_bot-6.4.6/lib/factory_bot/strategy/create.rb:9:in `result'[0m
       [36m# /home/ec2-user/.rvm/gems/ruby-3.1.2/gems/factory_bot-6.4.6/lib/factory_bot/factory.rb:43:in `run'[0m
       [36m# /home/ec2-user/.rvm/gems/ruby-3.1.2/gems/factory_bot-6.4.6/lib/factory_bot/factory_runner.rb:29:in `block in run'[0m
       [36m# /home/ec2-user/.rvm/gems/ruby-3.1.2/gems/factory_bot-6.4.6/lib/factory_bot/factory_runner.rb:28:in `run'[0m
       [36m# /home/ec2-user/.rvm/gems/ruby-3.1.2/gems/factory_bot-6.4.6/lib/factory_bot/strategy_syntax_method_registrar.rb:28:in `block in define_singular_strategy_method'[0m
       [36m# ./spec/system/03_finishing_touches_spec.rb:6:in `block (2 levels) in <main>'[0m

  151) [STEP3] 仕上げのテスト アイコンのテスト アバウト画面 本のアイコンが表示される
       [31mFailure/Error: let!(:book) { create(:book, user: user) }[0m
       [31m[0m
       [31mNoMethodError:[0m
       [31m  undefined method `book_name' for #<Book id: nil, title: "vuqpp", body: "b5wxw8syqzjxmy8yzw2b", user_id: 1, created_at: nil, updated_at: nil>[0m
       [36m# /home/ec2-user/.rvm/gems/ruby-3.1.2/gems/factory_bot-6.4.6/lib/factory_bot/evaluation.rb:15:in `create'[0m
       [36m# /home/ec2-user/.rvm/gems/ruby-3.1.2/gems/factory_bot-6.4.6/lib/factory_bot/strategy/create.rb:12:in `block in result'[0m
       [36m# /home/ec2-user/.rvm/gems/ruby-3.1.2/gems/factory_bot-6.4.6/lib/factory_bot/strategy/create.rb:9:in `result'[0m
       [36m# /home/ec2-user/.rvm/gems/ruby-3.1.2/gems/factory_bot-6.4.6/lib/factory_bot/factory.rb:43:in `run'[0m
       [36m# /home/ec2-user/.rvm/gems/ruby-3.1.2/gems/factory_bot-6.4.6/lib/factory_bot/factory_runner.rb:29:in `block in run'[0m
       [36m# /home/ec2-user/.rvm/gems/ruby-3.1.2/gems/factory_bot-6.4.6/lib/factory_bot/factory_runner.rb:28:in `run'[0m
       [36m# /home/ec2-user/.rvm/gems/ruby-3.1.2/gems/factory_bot-6.4.6/lib/factory_bot/strategy_syntax_method_registrar.rb:28:in `block in define_singular_strategy_method'[0m
       [36m# ./spec/system/03_finishing_touches_spec.rb:6:in `block (2 levels) in <main>'[0m

  152) [STEP3] 仕上げのテスト アイコンのテスト ヘッダー: ログインしていない場合 Homeリンクのアイコンが表示される
       [31mFailure/Error: let!(:book) { create(:book, user: user) }[0m
       [31m[0m
       [31mNoMethodError:[0m
       [31m  undefined method `book_name' for #<Book id: nil, title: "d4xu1", body: "js0grxxe2higyufeoor1", user_id: 1, created_at: nil, updated_at: nil>[0m
       [36m# /home/ec2-user/.rvm/gems/ruby-3.1.2/gems/factory_bot-6.4.6/lib/factory_bot/evaluation.rb:15:in `create'[0m
       [36m# /home/ec2-user/.rvm/gems/ruby-3.1.2/gems/factory_bot-6.4.6/lib/factory_bot/strategy/create.rb:12:in `block in result'[0m
       [36m# /home/ec2-user/.rvm/gems/ruby-3.1.2/gems/factory_bot-6.4.6/lib/factory_bot/strategy/create.rb:9:in `result'[0m
       [36m# /home/ec2-user/.rvm/gems/ruby-3.1.2/gems/factory_bot-6.4.6/lib/factory_bot/factory.rb:43:in `run'[0m
       [36m# /home/ec2-user/.rvm/gems/ruby-3.1.2/gems/factory_bot-6.4.6/lib/factory_bot/factory_runner.rb:29:in `block in run'[0m
       [36m# /home/ec2-user/.rvm/gems/ruby-3.1.2/gems/factory_bot-6.4.6/lib/factory_bot/factory_runner.rb:28:in `run'[0m
       [36m# /home/ec2-user/.rvm/gems/ruby-3.1.2/gems/factory_bot-6.4.6/lib/factory_bot/strategy_syntax_method_registrar.rb:28:in `block in define_singular_strategy_method'[0m
       [36m# ./spec/system/03_finishing_touches_spec.rb:6:in `block (2 levels) in <main>'[0m

  153) [STEP3] 仕上げのテスト アイコンのテスト ヘッダー: ログインしていない場合 Aboutリンクのアイコンが表示される
       [31mFailure/Error: let!(:book) { create(:book, user: user) }[0m
       [31m[0m
       [31mNoMethodError:[0m
       [31m  undefined method `book_name' for #<Book id: nil, title: "y8g8k", body: "7eke6awn28ojbft04aet", user_id: 1, created_at: nil, updated_at: nil>[0m
       [36m# /home/ec2-user/.rvm/gems/ruby-3.1.2/gems/factory_bot-6.4.6/lib/factory_bot/evaluation.rb:15:in `create'[0m
       [36m# /home/ec2-user/.rvm/gems/ruby-3.1.2/gems/factory_bot-6.4.6/lib/factory_bot/strategy/create.rb:12:in `block in result'[0m
       [36m# /home/ec2-user/.rvm/gems/ruby-3.1.2/gems/factory_bot-6.4.6/lib/factory_bot/strategy/create.rb:9:in `result'[0m
       [36m# /home/ec2-user/.rvm/gems/ruby-3.1.2/gems/factory_bot-6.4.6/lib/factory_bot/factory.rb:43:in `run'[0m
       [36m# /home/ec2-user/.rvm/gems/ruby-3.1.2/gems/factory_bot-6.4.6/lib/factory_bot/factory_runner.rb:29:in `block in run'[0m
       [36m# /home/ec2-user/.rvm/gems/ruby-3.1.2/gems/factory_bot-6.4.6/lib/factory_bot/factory_runner.rb:28:in `run'[0m
       [36m# /home/ec2-user/.rvm/gems/ruby-3.1.2/gems/factory_bot-6.4.6/lib/factory_bot/strategy_syntax_method_registrar.rb:28:in `block in define_singular_strategy_method'[0m
       [36m# ./spec/system/03_finishing_touches_spec.rb:6:in `block (2 levels) in <main>'[0m

  154) [STEP3] 仕上げのテスト アイコンのテスト ヘッダー: ログインしていない場合 Sign upリンクのアイコンが表示される
       [31mFailure/Error: let!(:book) { create(:book, user: user) }[0m
       [31m[0m
       [31mNoMethodError:[0m
       [31m  undefined method `book_name' for #<Book id: nil, title: "0dsvk", body: "x2e25d3kl0jae8321x9a", user_id: 1, created_at: nil, updated_at: nil>[0m
       [36m# /home/ec2-user/.rvm/gems/ruby-3.1.2/gems/factory_bot-6.4.6/lib/factory_bot/evaluation.rb:15:in `create'[0m
       [36m# /home/ec2-user/.rvm/gems/ruby-3.1.2/gems/factory_bot-6.4.6/lib/factory_bot/strategy/create.rb:12:in `block in result'[0m
       [36m# /home/ec2-user/.rvm/gems/ruby-3.1.2/gems/factory_bot-6.4.6/lib/factory_bot/strategy/create.rb:9:in `result'[0m
       [36m# /home/ec2-user/.rvm/gems/ruby-3.1.2/gems/factory_bot-6.4.6/lib/factory_bot/factory.rb:43:in `run'[0m
       [36m# /home/ec2-user/.rvm/gems/ruby-3.1.2/gems/factory_bot-6.4.6/lib/factory_bot/factory_runner.rb:29:in `block in run'[0m
       [36m# /home/ec2-user/.rvm/gems/ruby-3.1.2/gems/factory_bot-6.4.6/lib/factory_bot/factory_runner.rb:28:in `run'[0m
       [36m# /home/ec2-user/.rvm/gems/ruby-3.1.2/gems/factory_bot-6.4.6/lib/factory_bot/strategy_syntax_method_registrar.rb:28:in `block in define_singular_strategy_method'[0m
       [36m# ./spec/system/03_finishing_touches_spec.rb:6:in `block (2 levels) in <main>'[0m

  155) [STEP3] 仕上げのテスト アイコンのテスト ヘッダー: ログインしていない場合 Log inリンクのアイコンが表示される
       [31mFailure/Error: let!(:book) { create(:book, user: user) }[0m
       [31m[0m
       [31mNoMethodError:[0m
       [31m  undefined method `book_name' for #<Book id: nil, title: "kgqgn", body: "2i7o95w9dhk8ianekqbf", user_id: 1, created_at: nil, updated_at: nil>[0m
       [36m# /home/ec2-user/.rvm/gems/ruby-3.1.2/gems/factory_bot-6.4.6/lib/factory_bot/evaluation.rb:15:in `create'[0m
       [36m# /home/ec2-user/.rvm/gems/ruby-3.1.2/gems/factory_bot-6.4.6/lib/factory_bot/strategy/create.rb:12:in `block in result'[0m
       [36m# /home/ec2-user/.rvm/gems/ruby-3.1.2/gems/factory_bot-6.4.6/lib/factory_bot/strategy/create.rb:9:in `result'[0m
       [36m# /home/ec2-user/.rvm/gems/ruby-3.1.2/gems/factory_bot-6.4.6/lib/factory_bot/factory.rb:43:in `run'[0m
       [36m# /home/ec2-user/.rvm/gems/ruby-3.1.2/gems/factory_bot-6.4.6/lib/factory_bot/factory_runner.rb:29:in `block in run'[0m
       [36m# /home/ec2-user/.rvm/gems/ruby-3.1.2/gems/factory_bot-6.4.6/lib/factory_bot/factory_runner.rb:28:in `run'[0m
       [36m# /home/ec2-user/.rvm/gems/ruby-3.1.2/gems/factory_bot-6.4.6/lib/factory_bot/strategy_syntax_method_registrar.rb:28:in `block in define_singular_strategy_method'[0m
       [36m# ./spec/system/03_finishing_touches_spec.rb:6:in `block (2 levels) in <main>'[0m

  156) [STEP3] 仕上げのテスト アイコンのテスト ヘッダー: ログインしている場合 Homeリンクのアイコンが表示される
       [31mFailure/Error: let!(:book) { create(:book, user: user) }[0m
       [31m[0m
       [31mNoMethodError:[0m
       [31m  undefined method `book_name' for #<Book id: nil, title: "b7ugc", body: "sg8vulucggxkqsai34tu", user_id: 1, created_at: nil, updated_at: nil>[0m
       [36m# /home/ec2-user/.rvm/gems/ruby-3.1.2/gems/factory_bot-6.4.6/lib/factory_bot/evaluation.rb:15:in `create'[0m
       [36m# /home/ec2-user/.rvm/gems/ruby-3.1.2/gems/factory_bot-6.4.6/lib/factory_bot/strategy/create.rb:12:in `block in result'[0m
       [36m# /home/ec2-user/.rvm/gems/ruby-3.1.2/gems/factory_bot-6.4.6/lib/factory_bot/strategy/create.rb:9:in `result'[0m
       [36m# /home/ec2-user/.rvm/gems/ruby-3.1.2/gems/factory_bot-6.4.6/lib/factory_bot/factory.rb:43:in `run'[0m
       [36m# /home/ec2-user/.rvm/gems/ruby-3.1.2/gems/factory_bot-6.4.6/lib/factory_bot/factory_runner.rb:29:in `block in run'[0m
       [36m# /home/ec2-user/.rvm/gems/ruby-3.1.2/gems/factory_bot-6.4.6/lib/factory_bot/factory_runner.rb:28:in `run'[0m
       [36m# /home/ec2-user/.rvm/gems/ruby-3.1.2/gems/factory_bot-6.4.6/lib/factory_bot/strategy_syntax_method_registrar.rb:28:in `block in define_singular_strategy_method'[0m
       [36m# ./spec/system/03_finishing_touches_spec.rb:6:in `block (2 levels) in <main>'[0m

  157) [STEP3] 仕上げのテスト アイコンのテスト ヘッダー: ログインしている場合 Usersリンクのアイコンが表示される
       [31mFailure/Error: let!(:book) { create(:book, user: user) }[0m
       [31m[0m
       [31mNoMethodError:[0m
       [31m  undefined method `book_name' for #<Book id: nil, title: "d4vj1", body: "90vtwbz4875p6v2do53n", user_id: 1, created_at: nil, updated_at: nil>[0m
       [36m# /home/ec2-user/.rvm/gems/ruby-3.1.2/gems/factory_bot-6.4.6/lib/factory_bot/evaluation.rb:15:in `create'[0m
       [36m# /home/ec2-user/.rvm/gems/ruby-3.1.2/gems/factory_bot-6.4.6/lib/factory_bot/strategy/create.rb:12:in `block in result'[0m
       [36m# /home/ec2-user/.rvm/gems/ruby-3.1.2/gems/factory_bot-6.4.6/lib/factory_bot/strategy/create.rb:9:in `result'[0m
       [36m# /home/ec2-user/.rvm/gems/ruby-3.1.2/gems/factory_bot-6.4.6/lib/factory_bot/factory.rb:43:in `run'[0m
       [36m# /home/ec2-user/.rvm/gems/ruby-3.1.2/gems/factory_bot-6.4.6/lib/factory_bot/factory_runner.rb:29:in `block in run'[0m
       [36m# /home/ec2-user/.rvm/gems/ruby-3.1.2/gems/factory_bot-6.4.6/lib/factory_bot/factory_runner.rb:28:in `run'[0m
       [36m# /home/ec2-user/.rvm/gems/ruby-3.1.2/gems/factory_bot-6.4.6/lib/factory_bot/strategy_syntax_method_registrar.rb:28:in `block in define_singular_strategy_method'[0m
       [36m# ./spec/system/03_finishing_touches_spec.rb:6:in `block (2 levels) in <main>'[0m

  158) [STEP3] 仕上げのテスト アイコンのテスト ヘッダー: ログインしている場合 Booksリンクのアイコンが表示される
       [31mFailure/Error: let!(:book) { create(:book, user: user) }[0m
       [31m[0m
       [31mNoMethodError:[0m
       [31m  undefined method `book_name' for #<Book id: nil, title: "tro9m", body: "rm8c2rzfmlmh2tnz5ix8", user_id: 1, created_at: nil, updated_at: nil>[0m
       [36m# /home/ec2-user/.rvm/gems/ruby-3.1.2/gems/factory_bot-6.4.6/lib/factory_bot/evaluation.rb:15:in `create'[0m
       [36m# /home/ec2-user/.rvm/gems/ruby-3.1.2/gems/factory_bot-6.4.6/lib/factory_bot/strategy/create.rb:12:in `block in result'[0m
       [36m# /home/ec2-user/.rvm/gems/ruby-3.1.2/gems/factory_bot-6.4.6/lib/factory_bot/strategy/create.rb:9:in `result'[0m
       [36m# /home/ec2-user/.rvm/gems/ruby-3.1.2/gems/factory_bot-6.4.6/lib/factory_bot/factory.rb:43:in `run'[0m
       [36m# /home/ec2-user/.rvm/gems/ruby-3.1.2/gems/factory_bot-6.4.6/lib/factory_bot/factory_runner.rb:29:in `block in run'[0m
       [36m# /home/ec2-user/.rvm/gems/ruby-3.1.2/gems/factory_bot-6.4.6/lib/factory_bot/factory_runner.rb:28:in `run'[0m
       [36m# /home/ec2-user/.rvm/gems/ruby-3.1.2/gems/factory_bot-6.4.6/lib/factory_bot/strategy_syntax_method_registrar.rb:28:in `block in define_singular_strategy_method'[0m
       [36m# ./spec/system/03_finishing_touches_spec.rb:6:in `block (2 levels) in <main>'[0m

  159) [STEP3] 仕上げのテスト アイコンのテスト ヘッダー: ログインしている場合 Log outリンクのアイコンが表示される
       [31mFailure/Error: let!(:book) { create(:book, user: user) }[0m
       [31m[0m
       [31mNoMethodError:[0m
       [31m  undefined method `book_name' for #<Book id: nil, title: "32s07", body: "g60fpz9en9v7u5e8nis1", user_id: 1, created_at: nil, updated_at: nil>[0m
       [36m# /home/ec2-user/.rvm/gems/ruby-3.1.2/gems/factory_bot-6.4.6/lib/factory_bot/evaluation.rb:15:in `create'[0m
       [36m# /home/ec2-user/.rvm/gems/ruby-3.1.2/gems/factory_bot-6.4.6/lib/factory_bot/strategy/create.rb:12:in `block in result'[0m
       [36m# /home/ec2-user/.rvm/gems/ruby-3.1.2/gems/factory_bot-6.4.6/lib/factory_bot/strategy/create.rb:9:in `result'[0m
       [36m# /home/ec2-user/.rvm/gems/ruby-3.1.2/gems/factory_bot-6.4.6/lib/factory_bot/factory.rb:43:in `run'[0m
       [36m# /home/ec2-user/.rvm/gems/ruby-3.1.2/gems/factory_bot-6.4.6/lib/factory_bot/factory_runner.rb:29:in `block in run'[0m
       [36m# /home/ec2-user/.rvm/gems/ruby-3.1.2/gems/factory_bot-6.4.6/lib/factory_bot/factory_runner.rb:28:in `run'[0m
       [36m# /home/ec2-user/.rvm/gems/ruby-3.1.2/gems/factory_bot-6.4.6/lib/factory_bot/strategy_syntax_method_registrar.rb:28:in `block in define_singular_strategy_method'[0m
       [36m# ./spec/system/03_finishing_touches_spec.rb:6:in `block (2 levels) in <main>'[0m

  160) [STEP3] 仕上げのテスト アイコンのテスト サイドバー ユーザ一覧画面でレンチアイコンが表示される
       [31mFailure/Error: let!(:book) { create(:book, user: user) }[0m
       [31m[0m
       [31mNoMethodError:[0m
       [31m  undefined method `book_name' for #<Book id: nil, title: "gi0wn", body: "quw6gz7h3f1r3478tqh6", user_id: 1, created_at: nil, updated_at: nil>[0m
       [36m# /home/ec2-user/.rvm/gems/ruby-3.1.2/gems/factory_bot-6.4.6/lib/factory_bot/evaluation.rb:15:in `create'[0m
       [36m# /home/ec2-user/.rvm/gems/ruby-3.1.2/gems/factory_bot-6.4.6/lib/factory_bot/strategy/create.rb:12:in `block in result'[0m
       [36m# /home/ec2-user/.rvm/gems/ruby-3.1.2/gems/factory_bot-6.4.6/lib/factory_bot/strategy/create.rb:9:in `result'[0m
       [36m# /home/ec2-user/.rvm/gems/ruby-3.1.2/gems/factory_bot-6.4.6/lib/factory_bot/factory.rb:43:in `run'[0m
       [36m# /home/ec2-user/.rvm/gems/ruby-3.1.2/gems/factory_bot-6.4.6/lib/factory_bot/factory_runner.rb:29:in `block in run'[0m
       [36m# /home/ec2-user/.rvm/gems/ruby-3.1.2/gems/factory_bot-6.4.6/lib/factory_bot/factory_runner.rb:28:in `run'[0m
       [36m# /home/ec2-user/.rvm/gems/ruby-3.1.2/gems/factory_bot-6.4.6/lib/factory_bot/strategy_syntax_method_registrar.rb:28:in `block in define_singular_strategy_method'[0m
       [36m# ./spec/system/03_finishing_touches_spec.rb:6:in `block (2 levels) in <main>'[0m

  161) [STEP3] 仕上げのテスト アイコンのテスト サイドバー ユーザ詳細画面でレンチアイコンが表示される
       [31mFailure/Error: let!(:book) { create(:book, user: user) }[0m
       [31m[0m
       [31mNoMethodError:[0m
       [31m  undefined method `book_name' for #<Book id: nil, title: "hnb4n", body: "j5foscbdzkr5wf7nvonu", user_id: 1, created_at: nil, updated_at: nil>[0m
       [36m# /home/ec2-user/.rvm/gems/ruby-3.1.2/gems/factory_bot-6.4.6/lib/factory_bot/evaluation.rb:15:in `create'[0m
       [36m# /home/ec2-user/.rvm/gems/ruby-3.1.2/gems/factory_bot-6.4.6/lib/factory_bot/strategy/create.rb:12:in `block in result'[0m
       [36m# /home/ec2-user/.rvm/gems/ruby-3.1.2/gems/factory_bot-6.4.6/lib/factory_bot/strategy/create.rb:9:in `result'[0m
       [36m# /home/ec2-user/.rvm/gems/ruby-3.1.2/gems/factory_bot-6.4.6/lib/factory_bot/factory.rb:43:in `run'[0m
       [36m# /home/ec2-user/.rvm/gems/ruby-3.1.2/gems/factory_bot-6.4.6/lib/factory_bot/factory_runner.rb:29:in `block in run'[0m
       [36m# /home/ec2-user/.rvm/gems/ruby-3.1.2/gems/factory_bot-6.4.6/lib/factory_bot/factory_runner.rb:28:in `run'[0m
       [36m# /home/ec2-user/.rvm/gems/ruby-3.1.2/gems/factory_bot-6.4.6/lib/factory_bot/strategy_syntax_method_registrar.rb:28:in `block in define_singular_strategy_method'[0m
       [36m# ./spec/system/03_finishing_touches_spec.rb:6:in `block (2 levels) in <main>'[0m

  162) [STEP3] 仕上げのテスト アイコンのテスト サイドバー 投稿一覧画面でレンチアイコンが表示される
       [31mFailure/Error: let!(:book) { create(:book, user: user) }[0m
       [31m[0m
       [31mNoMethodError:[0m
       [31m  undefined method `book_name' for #<Book id: nil, title: "0721u", body: "wsjfnvsomep2zokvh25j", user_id: 1, created_at: nil, updated_at: nil>[0m
       [36m# /home/ec2-user/.rvm/gems/ruby-3.1.2/gems/factory_bot-6.4.6/lib/factory_bot/evaluation.rb:15:in `create'[0m
       [36m# /home/ec2-user/.rvm/gems/ruby-3.1.2/gems/factory_bot-6.4.6/lib/factory_bot/strategy/create.rb:12:in `block in result'[0m
       [36m# /home/ec2-user/.rvm/gems/ruby-3.1.2/gems/factory_bot-6.4.6/lib/factory_bot/strategy/create.rb:9:in `result'[0m
       [36m# /home/ec2-user/.rvm/gems/ruby-3.1.2/gems/factory_bot-6.4.6/lib/factory_bot/factory.rb:43:in `run'[0m
       [36m# /home/ec2-user/.rvm/gems/ruby-3.1.2/gems/factory_bot-6.4.6/lib/factory_bot/factory_runner.rb:29:in `block in run'[0m
       [36m# /home/ec2-user/.rvm/gems/ruby-3.1.2/gems/factory_bot-6.4.6/lib/factory_bot/factory_runner.rb:28:in `run'[0m
       [36m# /home/ec2-user/.rvm/gems/ruby-3.1.2/gems/factory_bot-6.4.6/lib/factory_bot/strategy_syntax_method_registrar.rb:28:in `block in define_singular_strategy_method'[0m
       [36m# ./spec/system/03_finishing_touches_spec.rb:6:in `block (2 levels) in <main>'[0m

  163) [STEP3] 仕上げのテスト アイコンのテスト サイドバー 投稿詳細画面でレンチアイコンが表示される
       [31mFailure/Error: let!(:book) { create(:book, user: user) }[0m
       [31m[0m
       [31mNoMethodError:[0m
       [31m  undefined method `book_name' for #<Book id: nil, title: "h8m3n", body: "z8pjwjed6hcoyctiaquk", user_id: 1, created_at: nil, updated_at: nil>[0m
       [36m# /home/ec2-user/.rvm/gems/ruby-3.1.2/gems/factory_bot-6.4.6/lib/factory_bot/evaluation.rb:15:in `create'[0m
       [36m# /home/ec2-user/.rvm/gems/ruby-3.1.2/gems/factory_bot-6.4.6/lib/factory_bot/strategy/create.rb:12:in `block in result'[0m
       [36m# /home/ec2-user/.rvm/gems/ruby-3.1.2/gems/factory_bot-6.4.6/lib/factory_bot/strategy/create.rb:9:in `result'[0m
       [36m# /home/ec2-user/.rvm/gems/ruby-3.1.2/gems/factory_bot-6.4.6/lib/factory_bot/factory.rb:43:in `run'[0m
       [36m# /home/ec2-user/.rvm/gems/ruby-3.1.2/gems/factory_bot-6.4.6/lib/factory_bot/factory_runner.rb:29:in `block in run'[0m
       [36m# /home/ec2-user/.rvm/gems/ruby-3.1.2/gems/factory_bot-6.4.6/lib/factory_bot/factory_runner.rb:28:in `run'[0m
       [36m# /home/ec2-user/.rvm/gems/ruby-3.1.2/gems/factory_bot-6.4.6/lib/factory_bot/strategy_syntax_method_registrar.rb:28:in `block in define_singular_strategy_method'[0m
       [36m# ./spec/system/03_finishing_touches_spec.rb:6:in `block (2 levels) in <main>'[0m

Finished in 7.48 seconds (files took 0.98807 seconds to load)
[31m201 examples, 163 failures[0m

Failed examples:

[31mrspec ./spec/models/book_spec.rb:11[0m [36m# Bookモデルのテスト バリデーションのテスト titleカラム 空欄でないこと[0m
[31mrspec ./spec/models/book_spec.rb:18[0m [36m# Bookモデルのテスト バリデーションのテスト bodyカラム 空欄でないこと[0m
[31mrspec ./spec/models/book_spec.rb:22[0m [36m# Bookモデルのテスト バリデーションのテスト bodyカラム 200文字以下であること: 200文字は〇[0m
[31mrspec ./spec/models/book_spec.rb:26[0m [36m# Bookモデルのテスト バリデーションのテスト bodyカラム 200文字以下であること: 201文字は×[0m
[31mrspec ./spec/models/user_spec.rb:27[0m [36m# Userモデルのテスト バリデーションのテスト nameカラム 20文字以下であること: 21文字は×[0m
[31mrspec ./spec/models/user_spec.rb:31[0m [36m# Userモデルのテスト バリデーションのテスト nameカラム 一意性があること[0m
[31mrspec ./spec/models/user_spec.rb:42[0m [36m# Userモデルのテスト バリデーションのテスト introductionカラム 50文字以下であること: 51文字は×[0m
[31mrspec ./spec/system/01_before_login_spec.rb:10[0m [36m# [STEP1] ユーザログイン前のテスト トップ画面のテスト 表示内容の確認 URLが正しい[0m
[31mrspec ./spec/system/01_before_login_spec.rb:13[0m [36m# [STEP1] ユーザログイン前のテスト トップ画面のテスト 表示内容の確認 Log inリンクが表示される: 青色のボタンの表示が「Log in」である[0m
[31mrspec ./spec/system/01_before_login_spec.rb:17[0m [36m# [STEP1] ユーザログイン前のテスト トップ画面のテスト 表示内容の確認 Log inリンクの内容が正しい[0m
[31mrspec ./spec/system/01_before_login_spec.rb:21[0m [36m# [STEP1] ユーザログイン前のテスト トップ画面のテスト 表示内容の確認 Sign upリンクが表示される: 緑色のボタンの表示が「Sign up」である[0m
[31mrspec ./spec/system/01_before_login_spec.rb:25[0m [36m# [STEP1] ユーザログイン前のテスト トップ画面のテスト 表示内容の確認 Sign upリンクの内容が正しい[0m
[31mrspec ./spec/system/01_before_login_spec.rb:38[0m [36m# [STEP1] ユーザログイン前のテスト アバウト画面のテスト 表示内容の確認 URLが正しい[0m
[31mrspec ./spec/system/01_before_login_spec.rb:66[0m [36m# [STEP1] ユーザログイン前のテスト ヘッダーのテスト: ログインしていない場合 表示内容の確認 Log inリンクが表示される: 左上から5番目のリンクが「Log in」である[0m
[31mrspec ./spec/system/01_before_login_spec.rb:75[0m [36m# [STEP1] ユーザログイン前のテスト ヘッダーのテスト: ログインしていない場合 リンクの内容を確認 Bookersを押すと、トップ画面に遷移する[0m
[31mrspec ./spec/system/01_before_login_spec.rb:82[0m [36m# [STEP1] ユーザログイン前のテスト ヘッダーのテスト: ログインしていない場合 リンクの内容を確認 Homeを押すと、トップ画面に遷移する[0m
[31mrspec ./spec/system/01_before_login_spec.rb:89[0m [36m# [STEP1] ユーザログイン前のテスト ヘッダーのテスト: ログインしていない場合 リンクの内容を確認 Aboutを押すと、アバウト画面に遷移する[0m
[31mrspec ./spec/system/01_before_login_spec.rb:261[0m [36m# [STEP1] ユーザログイン前のテスト ユーザログアウトのテスト ログアウト機能のテスト ログアウト後のリダイレクト先が、トップになっている[0m
[31mrspec ./spec/system/02_after_login_spec.rb:20[0m [36m# [STEP2] ユーザログイン後のテスト ヘッダーのテスト: ログインしている場合 リンクの内容を確認: ※logoutは『ユーザログアウトのテスト』でテスト済みになります。 Homeを押すと、自分のユーザ詳細画面に遷移する[0m
[31mrspec ./spec/system/02_after_login_spec.rb:26[0m [36m# [STEP2] ユーザログイン後のテスト ヘッダーのテスト: ログインしている場合 リンクの内容を確認: ※logoutは『ユーザログアウトのテスト』でテスト済みになります。 Usersを押すと、ユーザ一覧画面に遷移する[0m
[31mrspec ./spec/system/02_after_login_spec.rb:32[0m [36m# [STEP2] ユーザログイン後のテスト ヘッダーのテスト: ログインしている場合 リンクの内容を確認: ※logoutは『ユーザログアウトのテスト』でテスト済みになります。 Booksを押すと、投稿一覧画面に遷移する[0m
[31mrspec ./spec/system/02_after_login_spec.rb:47[0m [36m# [STEP2] ユーザログイン後のテスト 投稿一覧画面のテスト 表示内容の確認 URLが正しい[0m
[31mrspec ./spec/system/02_after_login_spec.rb:50[0m [36m# [STEP2] ユーザログイン後のテスト 投稿一覧画面のテスト 表示内容の確認 自分と他人の画像のリンク先が正しい[0m
[31mrspec ./spec/system/02_after_login_spec.rb:54[0m [36m# [STEP2] ユーザログイン後のテスト 投稿一覧画面のテスト 表示内容の確認 自分の投稿と他人の投稿のタイトルのリンク先がそれぞれ正しい[0m
[31mrspec ./spec/system/02_after_login_spec.rb:58[0m [36m# [STEP2] ユーザログイン後のテスト 投稿一覧画面のテスト 表示内容の確認 自分の投稿と他人の投稿のオピニオンが表示される[0m
[31mrspec ./spec/system/02_after_login_spec.rb:65[0m [36m# [STEP2] ユーザログイン後のテスト 投稿一覧画面のテスト サイドバーの確認 自分の名前と紹介文が表示される[0m
[31mrspec ./spec/system/02_after_login_spec.rb:69[0m [36m# [STEP2] ユーザログイン後のテスト 投稿一覧画面のテスト サイドバーの確認 自分のユーザ編集画面へのリンクが存在する[0m
[31mrspec ./spec/system/02_after_login_spec.rb:72[0m [36m# [STEP2] ユーザログイン後のテスト 投稿一覧画面のテスト サイドバーの確認 「New book」と表示される[0m
[31mrspec ./spec/system/02_after_login_spec.rb:75[0m [36m# [STEP2] ユーザログイン後のテスト 投稿一覧画面のテスト サイドバーの確認 titleフォームが表示される[0m
[31mrspec ./spec/system/02_after_login_spec.rb:78[0m [36m# [STEP2] ユーザログイン後のテスト 投稿一覧画面のテスト サイドバーの確認 titleフォームに値が入っていない[0m
[31mrspec ./spec/system/02_after_login_spec.rb:81[0m [36m# [STEP2] ユーザログイン後のテスト 投稿一覧画面のテスト サイドバーの確認 bodyフォームが表示される[0m
[31mrspec ./spec/system/02_after_login_spec.rb:84[0m [36m# [STEP2] ユーザログイン後のテスト 投稿一覧画面のテスト サイドバーの確認 bodyフォームに値が入っていない[0m
[31mrspec ./spec/system/02_after_login_spec.rb:87[0m [36m# [STEP2] ユーザログイン後のテスト 投稿一覧画面のテスト サイドバーの確認 Create Bookボタンが表示される[0m
[31mrspec ./spec/system/02_after_login_spec.rb:98[0m [36m# [STEP2] ユーザログイン後のテスト 投稿一覧画面のテスト 投稿成功のテスト 自分の新しい投稿が正しく保存される[0m
[31mrspec ./spec/system/02_after_login_spec.rb:101[0m [36m# [STEP2] ユーザログイン後のテスト 投稿一覧画面のテスト 投稿成功のテスト リダイレクト先が、保存できた投稿の詳細画面になっている[0m
[31mrspec ./spec/system/02_after_login_spec.rb:114[0m [36m# [STEP2] ユーザログイン後のテスト 自分の投稿詳細画面のテスト 表示内容の確認 URLが正しい[0m
[31mrspec ./spec/system/02_after_login_spec.rb:117[0m [36m# [STEP2] ユーザログイン後のテスト 自分の投稿詳細画面のテスト 表示内容の確認 「Book detail」と表示される[0m
[31mrspec ./spec/system/02_after_login_spec.rb:120[0m [36m# [STEP2] ユーザログイン後のテスト 自分の投稿詳細画面のテスト 表示内容の確認 ユーザ画像・名前のリンク先が正しい[0m
[31mrspec ./spec/system/02_after_login_spec.rb:123[0m [36m# [STEP2] ユーザログイン後のテスト 自分の投稿詳細画面のテスト 表示内容の確認 投稿のtitleが表示される[0m
[31mrspec ./spec/system/02_after_login_spec.rb:126[0m [36m# [STEP2] ユーザログイン後のテスト 自分の投稿詳細画面のテスト 表示内容の確認 投稿のbodyが表示される[0m
[31mrspec ./spec/system/02_after_login_spec.rb:129[0m [36m# [STEP2] ユーザログイン後のテスト 自分の投稿詳細画面のテスト 表示内容の確認 投稿の編集リンクが表示される[0m
[31mrspec ./spec/system/02_after_login_spec.rb:132[0m [36m# [STEP2] ユーザログイン後のテスト 自分の投稿詳細画面のテスト 表示内容の確認 投稿の削除リンクが表示される[0m
[31mrspec ./spec/system/02_after_login_spec.rb:138[0m [36m# [STEP2] ユーザログイン後のテスト 自分の投稿詳細画面のテスト サイドバーの確認 自分の名前と紹介文が表示される[0m
[31mrspec ./spec/system/02_after_login_spec.rb:142[0m [36m# [STEP2] ユーザログイン後のテスト 自分の投稿詳細画面のテスト サイドバーの確認 自分のユーザ編集画面へのリンクが存在する[0m
[31mrspec ./spec/system/02_after_login_spec.rb:145[0m [36m# [STEP2] ユーザログイン後のテスト 自分の投稿詳細画面のテスト サイドバーの確認 「New book」と表示される[0m
[31mrspec ./spec/system/02_after_login_spec.rb:148[0m [36m# [STEP2] ユーザログイン後のテスト 自分の投稿詳細画面のテスト サイドバーの確認 titleフォームが表示される[0m
[31mrspec ./spec/system/02_after_login_spec.rb:151[0m [36m# [STEP2] ユーザログイン後のテスト 自分の投稿詳細画面のテスト サイドバーの確認 titleフォームに値が入っていない[0m
[31mrspec ./spec/system/02_after_login_spec.rb:154[0m [36m# [STEP2] ユーザログイン後のテスト 自分の投稿詳細画面のテスト サイドバーの確認 bodyフォームが表示される[0m
[31mrspec ./spec/system/02_after_login_spec.rb:157[0m [36m# [STEP2] ユーザログイン後のテスト 自分の投稿詳細画面のテスト サイドバーの確認 bodyフォームに値が入っていない[0m
[31mrspec ./spec/system/02_after_login_spec.rb:160[0m [36m# [STEP2] ユーザログイン後のテスト 自分の投稿詳細画面のテスト サイドバーの確認 Create Bookボタンが表示される[0m
[31mrspec ./spec/system/02_after_login_spec.rb:171[0m [36m# [STEP2] ユーザログイン後のテスト 自分の投稿詳細画面のテスト 投稿成功のテスト 自分の新しい投稿が正しく保存される[0m
[31mrspec ./spec/system/02_after_login_spec.rb:180[0m [36m# [STEP2] ユーザログイン後のテスト 自分の投稿詳細画面のテスト 編集リンクのテスト 編集画面に遷移する[0m
[31mrspec ./spec/system/02_after_login_spec.rb:189[0m [36m# [STEP2] ユーザログイン後のテスト 自分の投稿詳細画面のテスト 削除リンクのテスト application.html.erbにjavascript_pack_tagを含んでいる[0m
[31mrspec ./spec/system/02_after_login_spec.rb:203[0m [36m# [STEP2] ユーザログイン後のテスト 自分の投稿詳細画面のテスト 削除リンクのテスト 正しく削除される[0m
[31mrspec ./spec/system/02_after_login_spec.rb:206[0m [36m# [STEP2] ユーザログイン後のテスト 自分の投稿詳細画面のテスト 削除リンクのテスト リダイレクト先が、投稿一覧画面になっている[0m
[31mrspec ./spec/system/02_after_login_spec.rb:218[0m [36m# [STEP2] ユーザログイン後のテスト 自分の投稿編集画面のテスト 表示の確認 URLが正しい[0m
[31mrspec ./spec/system/02_after_login_spec.rb:221[0m [36m# [STEP2] ユーザログイン後のテスト 自分の投稿編集画面のテスト 表示の確認 「Editing Book」と表示される[0m
[31mrspec ./spec/system/02_after_login_spec.rb:224[0m [36m# [STEP2] ユーザログイン後のテスト 自分の投稿編集画面のテスト 表示の確認 title編集フォームが表示される[0m
[31mrspec ./spec/system/02_after_login_spec.rb:227[0m [36m# [STEP2] ユーザログイン後のテスト 自分の投稿編集画面のテスト 表示の確認 body編集フォームが表示される[0m
[31mrspec ./spec/system/02_after_login_spec.rb:230[0m [36m# [STEP2] ユーザログイン後のテスト 自分の投稿編集画面のテスト 表示の確認 Update Bookボタンが表示される[0m
[31mrspec ./spec/system/02_after_login_spec.rb:233[0m [36m# [STEP2] ユーザログイン後のテスト 自分の投稿編集画面のテスト 表示の確認 Showリンクが表示される[0m
[31mrspec ./spec/system/02_after_login_spec.rb:236[0m [36m# [STEP2] ユーザログイン後のテスト 自分の投稿編集画面のテスト 表示の確認 Backリンクが表示される[0m
[31mrspec ./spec/system/02_after_login_spec.rb:250[0m [36m# [STEP2] ユーザログイン後のテスト 自分の投稿編集画面のテスト 編集成功のテスト titleが正しく更新される[0m
[31mrspec ./spec/system/02_after_login_spec.rb:253[0m [36m# [STEP2] ユーザログイン後のテスト 自分の投稿編集画面のテスト 編集成功のテスト bodyが正しく更新される[0m
[31mrspec ./spec/system/02_after_login_spec.rb:256[0m [36m# [STEP2] ユーザログイン後のテスト 自分の投稿編集画面のテスト 編集成功のテスト リダイレクト先が、更新した投稿の詳細画面になっている[0m
[31mrspec ./spec/system/02_after_login_spec.rb:269[0m [36m# [STEP2] ユーザログイン後のテスト ユーザ一覧画面のテスト 表示内容の確認 URLが正しい[0m
[31mrspec ./spec/system/02_after_login_spec.rb:272[0m [36m# [STEP2] ユーザログイン後のテスト ユーザ一覧画面のテスト 表示内容の確認 自分と他人の画像が表示される: fallbackの画像がサイドバーの1つ＋一覧(2人)の2つの計3つ存在する[0m
[31mrspec ./spec/system/02_after_login_spec.rb:275[0m [36m# [STEP2] ユーザログイン後のテスト ユーザ一覧画面のテスト 表示内容の確認 自分と他人の名前がそれぞれ表示される[0m
[31mrspec ./spec/system/02_after_login_spec.rb:279[0m [36m# [STEP2] ユーザログイン後のテスト ユーザ一覧画面のテスト 表示内容の確認 自分と他人のshowリンクがそれぞれ表示される[0m
[31mrspec ./spec/system/02_after_login_spec.rb:286[0m [36m# [STEP2] ユーザログイン後のテスト ユーザ一覧画面のテスト サイドバーの確認 自分の名前と紹介文が表示される[0m
[31mrspec ./spec/system/02_after_login_spec.rb:290[0m [36m# [STEP2] ユーザログイン後のテスト ユーザ一覧画面のテスト サイドバーの確認 自分のユーザ編集画面へのリンクが存在する[0m
[31mrspec ./spec/system/02_after_login_spec.rb:293[0m [36m# [STEP2] ユーザログイン後のテスト ユーザ一覧画面のテスト サイドバーの確認 「New book」と表示される[0m
[31mrspec ./spec/system/02_after_login_spec.rb:296[0m [36m# [STEP2] ユーザログイン後のテスト ユーザ一覧画面のテスト サイドバーの確認 titleフォームが表示される[0m
[31mrspec ./spec/system/02_after_login_spec.rb:299[0m [36m# [STEP2] ユーザログイン後のテスト ユーザ一覧画面のテスト サイドバーの確認 titleフォームに値が入っていない[0m
[31mrspec ./spec/system/02_after_login_spec.rb:302[0m [36m# [STEP2] ユーザログイン後のテスト ユーザ一覧画面のテスト サイドバーの確認 bodyフォームが表示される[0m
[31mrspec ./spec/system/02_after_login_spec.rb:305[0m [36m# [STEP2] ユーザログイン後のテスト ユーザ一覧画面のテスト サイドバーの確認 bodyフォームに値が入っていない[0m
[31mrspec ./spec/system/02_after_login_spec.rb:308[0m [36m# [STEP2] ユーザログイン後のテスト ユーザ一覧画面のテスト サイドバーの確認 Create Bookボタンが表示される[0m
[31mrspec ./spec/system/02_after_login_spec.rb:320[0m [36m# [STEP2] ユーザログイン後のテスト 自分のユーザ詳細画面のテスト 表示の確認 URLが正しい[0m
[31mrspec ./spec/system/02_after_login_spec.rb:323[0m [36m# [STEP2] ユーザログイン後のテスト 自分のユーザ詳細画面のテスト 表示の確認 投稿一覧のユーザ画像のリンク先が正しい[0m
[31mrspec ./spec/system/02_after_login_spec.rb:326[0m [36m# [STEP2] ユーザログイン後のテスト 自分のユーザ詳細画面のテスト 表示の確認 投稿一覧に自分の投稿のtitleが表示され、リンクが正しい[0m
[31mrspec ./spec/system/02_after_login_spec.rb:329[0m [36m# [STEP2] ユーザログイン後のテスト 自分のユーザ詳細画面のテスト 表示の確認 投稿一覧に自分の投稿のbodyが表示される[0m
[31mrspec ./spec/system/02_after_login_spec.rb:332[0m [36m# [STEP2] ユーザログイン後のテスト 自分のユーザ詳細画面のテスト 表示の確認 他人の投稿は表示されない[0m
[31mrspec ./spec/system/02_after_login_spec.rb:340[0m [36m# [STEP2] ユーザログイン後のテスト 自分のユーザ詳細画面のテスト サイドバーの確認 自分の名前と紹介文が表示される[0m
[31mrspec ./spec/system/02_after_login_spec.rb:344[0m [36m# [STEP2] ユーザログイン後のテスト 自分のユーザ詳細画面のテスト サイドバーの確認 自分のユーザ編集画面へのリンクが存在する[0m
[31mrspec ./spec/system/02_after_login_spec.rb:347[0m [36m# [STEP2] ユーザログイン後のテスト 自分のユーザ詳細画面のテスト サイドバーの確認 「New book」と表示される[0m
[31mrspec ./spec/system/02_after_login_spec.rb:350[0m [36m# [STEP2] ユーザログイン後のテスト 自分のユーザ詳細画面のテスト サイドバーの確認 titleフォームが表示される[0m
[31mrspec ./spec/system/02_after_login_spec.rb:353[0m [36m# [STEP2] ユーザログイン後のテスト 自分のユーザ詳細画面のテスト サイドバーの確認 titleフォームに値が入っていない[0m
[31mrspec ./spec/system/02_after_login_spec.rb:356[0m [36m# [STEP2] ユーザログイン後のテスト 自分のユーザ詳細画面のテスト サイドバーの確認 bodyフォームが表示される[0m
[31mrspec ./spec/system/02_after_login_spec.rb:359[0m [36m# [STEP2] ユーザログイン後のテスト 自分のユーザ詳細画面のテスト サイドバーの確認 bodyフォームに値が入っていない[0m
[31mrspec ./spec/system/02_after_login_spec.rb:362[0m [36m# [STEP2] ユーザログイン後のテスト 自分のユーザ詳細画面のテスト サイドバーの確認 Create Bookボタンが表示される[0m
[31mrspec ./spec/system/02_after_login_spec.rb:374[0m [36m# [STEP2] ユーザログイン後のテスト 自分のユーザ情報編集画面のテスト 表示の確認 URLが正しい[0m
[31mrspec ./spec/system/02_after_login_spec.rb:377[0m [36m# [STEP2] ユーザログイン後のテスト 自分のユーザ情報編集画面のテスト 表示の確認 名前編集フォームに自分の名前が表示される[0m
[31mrspec ./spec/system/02_after_login_spec.rb:380[0m [36m# [STEP2] ユーザログイン後のテスト 自分のユーザ情報編集画面のテスト 表示の確認 画像編集フォームが表示される[0m
[31mrspec ./spec/system/02_after_login_spec.rb:383[0m [36m# [STEP2] ユーザログイン後のテスト 自分のユーザ情報編集画面のテスト 表示の確認 自己紹介編集フォームに自分の自己紹介文が表示される[0m
[31mrspec ./spec/system/02_after_login_spec.rb:386[0m [36m# [STEP2] ユーザログイン後のテスト 自分のユーザ情報編集画面のテスト 表示の確認 Update Userボタンが表示される[0m
[31mrspec ./spec/system/02_after_login_spec.rb:402[0m [36m# [STEP2] ユーザログイン後のテスト 自分のユーザ情報編集画面のテスト 更新成功のテスト nameが正しく更新される[0m
[31mrspec ./spec/system/02_after_login_spec.rb:405[0m [36m# [STEP2] ユーザログイン後のテスト 自分のユーザ情報編集画面のテスト 更新成功のテスト introductionが正しく更新される[0m
[31mrspec ./spec/system/02_after_login_spec.rb:408[0m [36m# [STEP2] ユーザログイン後のテスト 自分のユーザ情報編集画面のテスト 更新成功のテスト リダイレクト先が、自分のユーザ詳細画面になっている[0m
[31mrspec ./spec/system/03_finishing_touches_spec.rb:12[0m [36m# [STEP3] 仕上げのテスト サクセスメッセージのテスト ユーザ新規登録成功時[0m
[31mrspec ./spec/system/03_finishing_touches_spec.rb:21[0m [36m# [STEP3] 仕上げのテスト サクセスメッセージのテスト ユーザログイン成功時[0m
[31mrspec ./spec/system/03_finishing_touches_spec.rb:28[0m [36m# [STEP3] 仕上げのテスト サクセスメッセージのテスト ユーザログアウト成功時[0m
[31mrspec ./spec/system/03_finishing_touches_spec.rb:38[0m [36m# [STEP3] 仕上げのテスト サクセスメッセージのテスト ユーザのプロフィール情報更新成功時[0m
[31mrspec ./spec/system/03_finishing_touches_spec.rb:47[0m [36m# [STEP3] 仕上げのテスト サクセスメッセージのテスト 投稿データの新規投稿成功時: 投稿一覧画面から行います。[0m
[31mrspec ./spec/system/03_finishing_touches_spec.rb:58[0m [36m# [STEP3] 仕上げのテスト サクセスメッセージのテスト 投稿データの更新成功時[0m
[31mrspec ./spec/system/03_finishing_touches_spec.rb:81[0m [36m# [STEP3] 仕上げのテスト 処理失敗時のテスト ユーザ新規登録失敗: nameを1文字にする 新規登録されない[0m
[31mrspec ./spec/system/03_finishing_touches_spec.rb:84[0m [36m# [STEP3] 仕上げのテスト 処理失敗時のテスト ユーザ新規登録失敗: nameを1文字にする 新規登録画面を表示しており、フォームの内容が正しい[0m
[31mrspec ./spec/system/03_finishing_touches_spec.rb:90[0m [36m# [STEP3] 仕上げのテスト 処理失敗時のテスト ユーザ新規登録失敗: nameを1文字にする バリデーションエラーが表示される[0m
[31mrspec ./spec/system/03_finishing_touches_spec.rb:109[0m [36m# [STEP3] 仕上げのテスト 処理失敗時のテスト ユーザのプロフィール情報編集失敗: nameを1文字にする 更新されない[0m
[31mrspec ./spec/system/03_finishing_touches_spec.rb:112[0m [36m# [STEP3] 仕上げのテスト 処理失敗時のテスト ユーザのプロフィール情報編集失敗: nameを1文字にする ユーザ編集画面を表示しており、フォームの内容が正しい[0m
[31mrspec ./spec/system/03_finishing_touches_spec.rb:115[0m [36m# [STEP3] 仕上げのテスト 処理失敗時のテスト ユーザのプロフィール情報編集失敗: nameを1文字にする バリデーションエラーが表示される[0m
[31mrspec ./spec/system/03_finishing_touches_spec.rb:131[0m [36m# [STEP3] 仕上げのテスト 処理失敗時のテスト 投稿データの新規投稿失敗: 投稿一覧画面から行い、titleを空にする 投稿が保存されない[0m
[31mrspec ./spec/system/03_finishing_touches_spec.rb:134[0m [36m# [STEP3] 仕上げのテスト 処理失敗時のテスト 投稿データの新規投稿失敗: 投稿一覧画面から行い、titleを空にする 投稿一覧画面を表示している[0m
[31mrspec ./spec/system/03_finishing_touches_spec.rb:140[0m [36m# [STEP3] 仕上げのテスト 処理失敗時のテスト 投稿データの新規投稿失敗: 投稿一覧画面から行い、titleを空にする 新規投稿フォームの内容が正しい[0m
[31mrspec ./spec/system/03_finishing_touches_spec.rb:144[0m [36m# [STEP3] 仕上げのテスト 処理失敗時のテスト 投稿データの新規投稿失敗: 投稿一覧画面から行い、titleを空にする バリデーションエラーが表示される[0m
[31mrspec ./spec/system/03_finishing_touches_spec.rb:162[0m [36m# [STEP3] 仕上げのテスト 処理失敗時のテスト 投稿データの更新失敗: titleを空にする 投稿が更新されない[0m
[31mrspec ./spec/system/03_finishing_touches_spec.rb:165[0m [36m# [STEP3] 仕上げのテスト 処理失敗時のテスト 投稿データの更新失敗: titleを空にする 投稿編集画面を表示しており、フォームの内容が正しい[0m
[31mrspec ./spec/system/03_finishing_touches_spec.rb:170[0m [36m# [STEP3] 仕上げのテスト 処理失敗時のテスト 投稿データの更新失敗: titleを空にする エラーメッセージが表示される[0m
[31mrspec ./spec/system/03_finishing_touches_spec.rb:179[0m [36m# [STEP3] 仕上げのテスト ログインしていない場合のアクセス制限のテスト: アクセスできず、ログイン画面に遷移する ユーザ一覧画面[0m
[31mrspec ./spec/system/03_finishing_touches_spec.rb:183[0m [36m# [STEP3] 仕上げのテスト ログインしていない場合のアクセス制限のテスト: アクセスできず、ログイン画面に遷移する ユーザ詳細画面[0m
[31mrspec ./spec/system/03_finishing_touches_spec.rb:187[0m [36m# [STEP3] 仕上げのテスト ログインしていない場合のアクセス制限のテスト: アクセスできず、ログイン画面に遷移する ユーザ情報編集画面[0m
[31mrspec ./spec/system/03_finishing_touches_spec.rb:191[0m [36m# [STEP3] 仕上げのテスト ログインしていない場合のアクセス制限のテスト: アクセスできず、ログイン画面に遷移する 投稿一覧画面[0m
[31mrspec ./spec/system/03_finishing_touches_spec.rb:195[0m [36m# [STEP3] 仕上げのテスト ログインしていない場合のアクセス制限のテスト: アクセスできず、ログイン画面に遷移する 投稿詳細画面[0m
[31mrspec ./spec/system/03_finishing_touches_spec.rb:199[0m [36m# [STEP3] 仕上げのテスト ログインしていない場合のアクセス制限のテスト: アクセスできず、ログイン画面に遷移する 投稿編集画面[0m
[31mrspec ./spec/system/03_finishing_touches_spec.rb:219[0m [36m# [STEP3] 仕上げのテスト 他人の画面のテスト 他人の投稿詳細画面のテスト 表示内容の確認 URLが正しい[0m
[31mrspec ./spec/system/03_finishing_touches_spec.rb:222[0m [36m# [STEP3] 仕上げのテスト 他人の画面のテスト 他人の投稿詳細画面のテスト 表示内容の確認 「Book detail」と表示される[0m
[31mrspec ./spec/system/03_finishing_touches_spec.rb:225[0m [36m# [STEP3] 仕上げのテスト 他人の画面のテスト 他人の投稿詳細画面のテスト 表示内容の確認 ユーザ画像・名前のリンク先が正しい[0m
[31mrspec ./spec/system/03_finishing_touches_spec.rb:228[0m [36m# [STEP3] 仕上げのテスト 他人の画面のテスト 他人の投稿詳細画面のテスト 表示内容の確認 投稿のtitleが表示される[0m
[31mrspec ./spec/system/03_finishing_touches_spec.rb:231[0m [36m# [STEP3] 仕上げのテスト 他人の画面のテスト 他人の投稿詳細画面のテスト 表示内容の確認 投稿のopinionが表示される[0m
[31mrspec ./spec/system/03_finishing_touches_spec.rb:234[0m [36m# [STEP3] 仕上げのテスト 他人の画面のテスト 他人の投稿詳細画面のテスト 表示内容の確認 投稿の編集リンクが表示されない[0m
[31mrspec ./spec/system/03_finishing_touches_spec.rb:237[0m [36m# [STEP3] 仕上げのテスト 他人の画面のテスト 他人の投稿詳細画面のテスト 表示内容の確認 投稿の削除リンクが表示されない[0m
[31mrspec ./spec/system/03_finishing_touches_spec.rb:243[0m [36m# [STEP3] 仕上げのテスト 他人の画面のテスト 他人の投稿詳細画面のテスト サイドバーの確認 他人の名前と紹介文が表示される[0m
[31mrspec ./spec/system/03_finishing_touches_spec.rb:247[0m [36m# [STEP3] 仕上げのテスト 他人の画面のテスト 他人の投稿詳細画面のテスト サイドバーの確認 他人のユーザ編集画面へのリンクが存在する[0m
[31mrspec ./spec/system/03_finishing_touches_spec.rb:250[0m [36m# [STEP3] 仕上げのテスト 他人の画面のテスト 他人の投稿詳細画面のテスト サイドバーの確認 自分の名前と紹介文は表示されない[0m
[31mrspec ./spec/system/03_finishing_touches_spec.rb:254[0m [36m# [STEP3] 仕上げのテスト 他人の画面のテスト 他人の投稿詳細画面のテスト サイドバーの確認 自分のユーザ編集画面へのリンクは存在しない[0m
[31mrspec ./spec/system/03_finishing_touches_spec.rb:265[0m [36m# [STEP3] 仕上げのテスト 他人の画面のテスト 他人の投稿編集画面 遷移できず、投稿一覧画面にリダイレクトされる[0m
[31mrspec ./spec/system/03_finishing_touches_spec.rb:279[0m [36m# [STEP3] 仕上げのテスト 他人の画面のテスト 他人のユーザ詳細画面のテスト 表示の確認 URLが正しい[0m
[31mrspec ./spec/system/03_finishing_touches_spec.rb:282[0m [36m# [STEP3] 仕上げのテスト 他人の画面のテスト 他人のユーザ詳細画面のテスト 表示の確認 投稿一覧のユーザ画像のリンク先が正しい[0m
[31mrspec ./spec/system/03_finishing_touches_spec.rb:285[0m [36m# [STEP3] 仕上げのテスト 他人の画面のテスト 他人のユーザ詳細画面のテスト 表示の確認 投稿一覧に他人の投稿のtitleが表示され、リンクが正しい[0m
[31mrspec ./spec/system/03_finishing_touches_spec.rb:288[0m [36m# [STEP3] 仕上げのテスト 他人の画面のテスト 他人のユーザ詳細画面のテスト 表示の確認 投稿一覧に他人の投稿のopinionが表示される[0m
[31mrspec ./spec/system/03_finishing_touches_spec.rb:291[0m [36m# [STEP3] 仕上げのテスト 他人の画面のテスト 他人のユーザ詳細画面のテスト 表示の確認 自分の投稿は表示されない[0m
[31mrspec ./spec/system/03_finishing_touches_spec.rb:298[0m [36m# [STEP3] 仕上げのテスト 他人の画面のテスト 他人のユーザ詳細画面のテスト サイドバーの確認 他人の名前と紹介文が表示される[0m
[31mrspec ./spec/system/03_finishing_touches_spec.rb:302[0m [36m# [STEP3] 仕上げのテスト 他人の画面のテスト 他人のユーザ詳細画面のテスト サイドバーの確認 他人のユーザ編集画面へのリンクが存在する[0m
[31mrspec ./spec/system/03_finishing_touches_spec.rb:305[0m [36m# [STEP3] 仕上げのテスト 他人の画面のテスト 他人のユーザ詳細画面のテスト サイドバーの確認 自分の名前と紹介文は表示されない[0m
[31mrspec ./spec/system/03_finishing_touches_spec.rb:309[0m [36m# [STEP3] 仕上げのテスト 他人の画面のテスト 他人のユーザ詳細画面のテスト サイドバーの確認 自分のユーザ編集画面へのリンクは存在しない[0m
[31mrspec ./spec/system/03_finishing_touches_spec.rb:316[0m [36m# [STEP3] 仕上げのテスト 他人の画面のテスト 他人のユーザ情報編集画面 遷移できず、自分のユーザ詳細画面にリダイレクトされる[0m
[31mrspec ./spec/system/03_finishing_touches_spec.rb:333[0m [36m# [STEP3] 仕上げのテスト グリッドシステムのテスト: container, row, col-md-〇を正しく使えている ユーザ一覧画面[0m
[31mrspec ./spec/system/03_finishing_touches_spec.rb:338[0m [36m# [STEP3] 仕上げのテスト グリッドシステムのテスト: container, row, col-md-〇を正しく使えている ユーザ詳細画面[0m
[31mrspec ./spec/system/03_finishing_touches_spec.rb:343[0m [36m# [STEP3] 仕上げのテスト グリッドシステムのテスト: container, row, col-md-〇を正しく使えている 投稿一覧画面[0m
[31mrspec ./spec/system/03_finishing_touches_spec.rb:348[0m [36m# [STEP3] 仕上げのテスト グリッドシステムのテスト: container, row, col-md-〇を正しく使えている 投稿詳細画面[0m
[31mrspec ./spec/system/03_finishing_touches_spec.rb:363[0m [36m# [STEP3] 仕上げのテスト アイコンのテスト トップ画面 本のアイコンが表示される[0m
[31mrspec ./spec/system/03_finishing_touches_spec.rb:375[0m [36m# [STEP3] 仕上げのテスト アイコンのテスト アバウト画面 本のアイコンが表示される[0m
[31mrspec ./spec/system/03_finishing_touches_spec.rb:387[0m [36m# [STEP3] 仕上げのテスト アイコンのテスト ヘッダー: ログインしていない場合 Homeリンクのアイコンが表示される[0m
[31mrspec ./spec/system/03_finishing_touches_spec.rb:390[0m [36m# [STEP3] 仕上げのテスト アイコンのテスト ヘッダー: ログインしていない場合 Aboutリンクのアイコンが表示される[0m
[31mrspec ./spec/system/03_finishing_touches_spec.rb:393[0m [36m# [STEP3] 仕上げのテスト アイコンのテスト ヘッダー: ログインしていない場合 Sign upリンクのアイコンが表示される[0m
[31mrspec ./spec/system/03_finishing_touches_spec.rb:396[0m [36m# [STEP3] 仕上げのテスト アイコンのテスト ヘッダー: ログインしていない場合 Log inリンクのアイコンが表示される[0m
[31mrspec ./spec/system/03_finishing_touches_spec.rb:411[0m [36m# [STEP3] 仕上げのテスト アイコンのテスト ヘッダー: ログインしている場合 Homeリンクのアイコンが表示される[0m
[31mrspec ./spec/system/03_finishing_touches_spec.rb:414[0m [36m# [STEP3] 仕上げのテスト アイコンのテスト ヘッダー: ログインしている場合 Usersリンクのアイコンが表示される[0m
[31mrspec ./spec/system/03_finishing_touches_spec.rb:417[0m [36m# [STEP3] 仕上げのテスト アイコンのテスト ヘッダー: ログインしている場合 Booksリンクのアイコンが表示される[0m
[31mrspec ./spec/system/03_finishing_touches_spec.rb:420[0m [36m# [STEP3] 仕上げのテスト アイコンのテスト ヘッダー: ログインしている場合 Log outリンクのアイコンが表示される[0m
[31mrspec ./spec/system/03_finishing_touches_spec.rb:435[0m [36m# [STEP3] 仕上げのテスト アイコンのテスト サイドバー ユーザ一覧画面でレンチアイコンが表示される[0m
[31mrspec ./spec/system/03_finishing_touches_spec.rb:439[0m [36m# [STEP3] 仕上げのテスト アイコンのテスト サイドバー ユーザ詳細画面でレンチアイコンが表示される[0m
[31mrspec ./spec/system/03_finishing_touches_spec.rb:443[0m [36m# [STEP3] 仕上げのテスト アイコンのテスト サイドバー 投稿一覧画面でレンチアイコンが表示される[0m
[31mrspec ./spec/system/03_finishing_touches_spec.rb:447[0m [36m# [STEP3] 仕上げのテスト アイコンのテスト サイドバー 投稿詳細画面でレンチアイコンが表示される[0m

